<?xml version="1.0" encoding="utf-8"?>
<TestRun id="566850f5-0c39-478b-b5bb-aabd63caee52" name="Rafael Viktor@RAFAEL-VIKTOR 2026-03-28 22:49:44" runUser="RAFAEL-VIKTOR\Rafael Viktor" xmlns="http://microsoft.com/schemas/VisualStudio/TeamTest/2010">
  <Times creation="2026-03-28T22:49:44.5176356-03:00" queuing="2026-03-28T22:49:44.5176359-03:00" start="2026-03-28T22:49:41.8805595-03:00" finish="2026-03-28T22:49:44.5922109-03:00" />
  <TestSettings name="default" id="4265b176-728b-4f6f-b790-d2eb3b66a3e3">
    <Deployment runDeploymentRoot="Rafael_Viktor_RAFAEL-VIKTOR_2026-03-28_22_49_44" />
  </TestSettings>
  <Results>
    <UnitTestResult executionId="3234da39-8d44-4b29-b407-c9c6569bc552" testId="e1fe9846-c111-0244-3c5f-08faa0135675" testName="TicketFlow.IntegrationTests.Controllers.EventsControllerTests.Create_ComDadosValidos_DeveRetornar201EEventoCriado" computerName="RAFAEL-VIKTOR" duration="00:00:00.0010000" startTime="2026-03-28T22:49:44.4567436-03:00" endTime="2026-03-28T22:49:44.4567438-03:00" testType="13cdc9d9-ddb5-4fa4-a97d-d965ccfc6d4b" outcome="Failed" testListId="8c84fa94-04c1-424b-9868-57a2d4851a1d" relativeResultsDirectory="3234da39-8d44-4b29-b407-c9c6569bc552">
      <Output>
        <ErrorInfo>
          <Message>System.AggregateException : Some services are not able to be constructed (Error while validating the service descriptor 'ServiceType: Microsoft.EntityFrameworkCore.Internal.IDbContextPool`1[TicketFlow.Infrastructure.Persistence.AppDbContext] Lifetime: Singleton ImplementationType: Microsoft.EntityFrameworkCore.Internal.DbContextPool`1[TicketFlow.Infrastructure.Persistence.AppDbContext]': Cannot consume scoped service 'Microsoft.EntityFrameworkCore.DbContextOptions`1[TicketFlow.Infrastructure.Persistence.AppDbContext]' from singleton 'Microsoft.EntityFrameworkCore.Internal.IDbContextPool`1[TicketFlow.Infrastructure.Persistence.AppDbContext]'.) (Error while validating the service descriptor 'ServiceType: Microsoft.EntityFrameworkCore.Internal.IScopedDbContextLease`1[TicketFlow.Infrastructure.Persistence.AppDbContext] Lifetime: Scoped ImplementationType: Microsoft.EntityFrameworkCore.Internal.ScopedDbContextLease`1[TicketFlow.Infrastructure.Persistence.AppDbContext]': Cannot consume scoped service 'Microsoft.EntityFrameworkCore.DbContextOptions`1[TicketFlow.Infrastructure.Persistence.AppDbContext]' from singleton 'Microsoft.EntityFrameworkCore.Internal.IDbContextPool`1[TicketFlow.Infrastructure.Persistence.AppDbContext]'.)&#xD;
---- System.InvalidOperationException : Error while validating the service descriptor 'ServiceType: Microsoft.EntityFrameworkCore.Internal.IDbContextPool`1[TicketFlow.Infrastructure.Persistence.AppDbContext] Lifetime: Singleton ImplementationType: Microsoft.EntityFrameworkCore.Internal.DbContextPool`1[TicketFlow.Infrastructure.Persistence.AppDbContext]': Cannot consume scoped service 'Microsoft.EntityFrameworkCore.DbContextOptions`1[TicketFlow.Infrastructure.Persistence.AppDbContext]' from singleton 'Microsoft.EntityFrameworkCore.Internal.IDbContextPool`1[TicketFlow.Infrastructure.Persistence.AppDbContext]'.&#xD;
-------- System.InvalidOperationException : Cannot consume scoped service 'Microsoft.EntityFrameworkCore.DbContextOptions`1[TicketFlow.Infrastructure.Persistence.AppDbContext]' from singleton 'Microsoft.EntityFrameworkCore.Internal.IDbContextPool`1[TicketFlow.Infrastructure.Persistence.AppDbContext]'.&#xD;
---- System.InvalidOperationException : Error while validating the service descriptor 'ServiceType: Microsoft.EntityFrameworkCore.Internal.IScopedDbContextLease`1[TicketFlow.Infrastructure.Persistence.AppDbContext] Lifetime: Scoped ImplementationType: Microsoft.EntityFrameworkCore.Internal.ScopedDbContextLease`1[TicketFlow.Infrastructure.Persistence.AppDbContext]': Cannot consume scoped service 'Microsoft.EntityFrameworkCore.DbContextOptions`1[TicketFlow.Infrastructure.Persistence.AppDbContext]' from singleton 'Microsoft.EntityFrameworkCore.Internal.IDbContextPool`1[TicketFlow.Infrastructure.Persistence.AppDbContext]'.&#xD;
-------- System.InvalidOperationException : Cannot consume scoped service 'Microsoft.EntityFrameworkCore.DbContextOptions`1[TicketFlow.Infrastructure.Persistence.AppDbContext]' from singleton 'Microsoft.EntityFrameworkCore.Internal.IDbContextPool`1[TicketFlow.Infrastructure.Persistence.AppDbContext]'.</Message>
          <StackTrace>   at Microsoft.Extensions.DependencyInjection.ServiceProvider..ctor(ICollection`1 serviceDescriptors, ServiceProviderOptions options)&#xD;
   at Microsoft.Extensions.DependencyInjection.ServiceCollectionContainerBuilderExtensions.BuildServiceProvider(IServiceCollection services, ServiceProviderOptions options)&#xD;
   at Microsoft.Extensions.Hosting.HostApplicationBuilder.Build()&#xD;
   at Microsoft.AspNetCore.Builder.WebApplicationBuilder.Build()&#xD;
   at Program.&lt;Main&gt;$(String[] args) in D:\CSharpProjects\TicketFlow\src\TicketFlow.API\Program.cs:line 49&#xD;
   at Program.&lt;Main&gt;(String[] args)&#xD;
   at InvokeStub_Program.&lt;Main&gt;(Object, Span`1)&#xD;
   at System.Reflection.MethodBaseInvoker.InvokeWithOneArg(Object obj, BindingFlags invokeAttr, Binder binder, Object[] parameters, CultureInfo culture)&#xD;
--- End of stack trace from previous location ---&#xD;
   at Microsoft.Extensions.Hosting.HostFactoryResolver.HostingListener.CreateHost()&#xD;
   at Microsoft.Extensions.Hosting.HostFactoryResolver.&lt;&gt;c__DisplayClass10_0.&lt;ResolveHostFactory&gt;b__0(String[] args)&#xD;
   at Microsoft.AspNetCore.Mvc.Testing.DeferredHostBuilder.Build()&#xD;
   at Microsoft.AspNetCore.Mvc.Testing.WebApplicationFactory`1.CreateHost(IHostBuilder builder)&#xD;
   at Microsoft.AspNetCore.Mvc.Testing.WebApplicationFactory`1.ConfigureHostBuilder(IHostBuilder hostBuilder)&#xD;
   at Microsoft.AspNetCore.Mvc.Testing.WebApplicationFactory`1.EnsureServer()&#xD;
   at Microsoft.AspNetCore.Mvc.Testing.WebApplicationFactory`1.CreateDefaultClient(DelegatingHandler[] handlers)&#xD;
   at Microsoft.AspNetCore.Mvc.Testing.WebApplicationFactory`1.CreateDefaultClient(Uri baseAddress, DelegatingHandler[] handlers)&#xD;
   at Microsoft.AspNetCore.Mvc.Testing.WebApplicationFactory`1.CreateClient(WebApplicationFactoryClientOptions options)&#xD;
   at Microsoft.AspNetCore.Mvc.Testing.WebApplicationFactory`1.CreateClient()&#xD;
   at TicketFlow.IntegrationTests.Controllers.EventsControllerTests..ctor(TestWebApplicationFactory factory) in D:\CSharpProjects\TicketFlow\tests\TicketFlow.IntegrationTests\Controllers\EventsControllerTests.cs:line 15&#xD;
   at InvokeStub_EventsControllerTests..ctor(Object, Span`1)&#xD;
   at System.Reflection.MethodBaseInvoker.InvokeWithOneArg(Object obj, BindingFlags invokeAttr, Binder binder, Object[] parameters, CultureInfo culture)&#xD;
----- Inner Stack Trace #1 (System.InvalidOperationException) -----&#xD;
   at Microsoft.Extensions.DependencyInjection.ServiceProvider.ValidateService(ServiceDescriptor descriptor)&#xD;
   at Microsoft.Extensions.DependencyInjection.ServiceProvider..ctor(ICollection`1 serviceDescriptors, ServiceProviderOptions options)&#xD;
----- Inner Stack Trace -----&#xD;
   at Microsoft.Extensions.DependencyInjection.ServiceLookup.CallSiteValidator.VisitScopeCache(ServiceCallSite scopedCallSite, CallSiteValidatorState state)&#xD;
   at Microsoft.Extensions.DependencyInjection.ServiceLookup.CallSiteVisitor`2.VisitCallSite(ServiceCallSite callSite, TArgument argument)&#xD;
   at Microsoft.Extensions.DependencyInjection.ServiceLookup.CallSiteValidator.VisitConstructor(ConstructorCallSite constructorCallSite, CallSiteValidatorState state)&#xD;
   at Microsoft.Extensions.DependencyInjection.ServiceLookup.CallSiteVisitor`2.VisitCallSite(ServiceCallSite callSite, TArgument argument)&#xD;
   at Microsoft.Extensions.DependencyInjection.ServiceLookup.CallSiteValidator.ValidateCallSite(ServiceCallSite callSite)&#xD;
   at Microsoft.Extensions.DependencyInjection.ServiceProvider.ValidateService(ServiceDescriptor descriptor)&#xD;
----- Inner Stack Trace #2 (System.InvalidOperationException) -----&#xD;
   at Microsoft.Extensions.DependencyInjection.ServiceProvider.ValidateService(ServiceDescriptor descriptor)&#xD;
   at Microsoft.Extensions.DependencyInjection.ServiceProvider..ctor(ICollection`1 serviceDescriptors, ServiceProviderOptions options)&#xD;
----- Inner Stack Trace -----&#xD;
   at Microsoft.Extensions.DependencyInjection.ServiceLookup.CallSiteValidator.VisitScopeCache(ServiceCallSite scopedCallSite, CallSiteValidatorState state)&#xD;
   at Microsoft.Extensions.DependencyInjection.ServiceLookup.CallSiteVisitor`2.VisitCallSite(ServiceCallSite callSite, TArgument argument)&#xD;
   at Microsoft.Extensions.DependencyInjection.ServiceLookup.CallSiteValidator.VisitConstructor(ConstructorCallSite constructorCallSite, CallSiteValidatorState state)&#xD;
   at Microsoft.Extensions.DependencyInjection.ServiceLookup.CallSiteVisitor`2.VisitCallSite(ServiceCallSite callSite, TArgument argument)&#xD;
   at Microsoft.Extensions.DependencyInjection.ServiceLookup.CallSiteValidator.VisitConstructor(ConstructorCallSite constructorCallSite, CallSiteValidatorState state)&#xD;
   at Microsoft.Extensions.DependencyInjection.ServiceLookup.CallSiteValidator.VisitScopeCache(ServiceCallSite scopedCallSite, CallSiteValidatorState state)&#xD;
   at Microsoft.Extensions.DependencyInjection.ServiceLookup.CallSiteVisitor`2.VisitCallSite(ServiceCallSite callSite, TArgument argument)&#xD;
   at Microsoft.Extensions.DependencyInjection.ServiceLookup.CallSiteValidator.ValidateCallSite(ServiceCallSite callSite)&#xD;
   at Microsoft.Extensions.DependencyInjection.ServiceProvider.ValidateService(ServiceDescriptor descriptor)</StackTrace>
        </ErrorInfo>
      </Output>
    </UnitTestResult>
    <UnitTestResult executionId="17beef3c-9cd8-43c4-9168-8d3fdbb126f9" testId="c3db85a7-f6cb-fece-c4f9-681fcb2ccfe1" testName="TicketFlow.IntegrationTests.Controllers.OrdersControllerTests.Create_ComDadosValidos_DeveRetornar202EPedidoPending" computerName="RAFAEL-VIKTOR" duration="00:00:00.0010000" startTime="2026-03-28T22:49:44.5040606-03:00" endTime="2026-03-28T22:49:44.5040607-03:00" testType="13cdc9d9-ddb5-4fa4-a97d-d965ccfc6d4b" outcome="Failed" testListId="8c84fa94-04c1-424b-9868-57a2d4851a1d" relativeResultsDirectory="17beef3c-9cd8-43c4-9168-8d3fdbb126f9">
      <Output>
        <ErrorInfo>
          <Message>System.AggregateException : Some services are not able to be constructed (Error while validating the service descriptor 'ServiceType: Microsoft.EntityFrameworkCore.Internal.IDbContextPool`1[TicketFlow.Infrastructure.Persistence.AppDbContext] Lifetime: Singleton ImplementationType: Microsoft.EntityFrameworkCore.Internal.DbContextPool`1[TicketFlow.Infrastructure.Persistence.AppDbContext]': Cannot consume scoped service 'Microsoft.EntityFrameworkCore.DbContextOptions`1[TicketFlow.Infrastructure.Persistence.AppDbContext]' from singleton 'Microsoft.EntityFrameworkCore.Internal.IDbContextPool`1[TicketFlow.Infrastructure.Persistence.AppDbContext]'.) (Error while validating the service descriptor 'ServiceType: Microsoft.EntityFrameworkCore.Internal.IScopedDbContextLease`1[TicketFlow.Infrastructure.Persistence.AppDbContext] Lifetime: Scoped ImplementationType: Microsoft.EntityFrameworkCore.Internal.ScopedDbContextLease`1[TicketFlow.Infrastructure.Persistence.AppDbContext]': Cannot consume scoped service 'Microsoft.EntityFrameworkCore.DbContextOptions`1[TicketFlow.Infrastructure.Persistence.AppDbContext]' from singleton 'Microsoft.EntityFrameworkCore.Internal.IDbContextPool`1[TicketFlow.Infrastructure.Persistence.AppDbContext]'.)&#xD;
---- System.InvalidOperationException : Error while validating the service descriptor 'ServiceType: Microsoft.EntityFrameworkCore.Internal.IDbContextPool`1[TicketFlow.Infrastructure.Persistence.AppDbContext] Lifetime: Singleton ImplementationType: Microsoft.EntityFrameworkCore.Internal.DbContextPool`1[TicketFlow.Infrastructure.Persistence.AppDbContext]': Cannot consume scoped service 'Microsoft.EntityFrameworkCore.DbContextOptions`1[TicketFlow.Infrastructure.Persistence.AppDbContext]' from singleton 'Microsoft.EntityFrameworkCore.Internal.IDbContextPool`1[TicketFlow.Infrastructure.Persistence.AppDbContext]'.&#xD;
-------- System.InvalidOperationException : Cannot consume scoped service 'Microsoft.EntityFrameworkCore.DbContextOptions`1[TicketFlow.Infrastructure.Persistence.AppDbContext]' from singleton 'Microsoft.EntityFrameworkCore.Internal.IDbContextPool`1[TicketFlow.Infrastructure.Persistence.AppDbContext]'.&#xD;
---- System.InvalidOperationException : Error while validating the service descriptor 'ServiceType: Microsoft.EntityFrameworkCore.Internal.IScopedDbContextLease`1[TicketFlow.Infrastructure.Persistence.AppDbContext] Lifetime: Scoped ImplementationType: Microsoft.EntityFrameworkCore.Internal.ScopedDbContextLease`1[TicketFlow.Infrastructure.Persistence.AppDbContext]': Cannot consume scoped service 'Microsoft.EntityFrameworkCore.DbContextOptions`1[TicketFlow.Infrastructure.Persistence.AppDbContext]' from singleton 'Microsoft.EntityFrameworkCore.Internal.IDbContextPool`1[TicketFlow.Infrastructure.Persistence.AppDbContext]'.&#xD;
-------- System.InvalidOperationException : Cannot consume scoped service 'Microsoft.EntityFrameworkCore.DbContextOptions`1[TicketFlow.Infrastructure.Persistence.AppDbContext]' from singleton 'Microsoft.EntityFrameworkCore.Internal.IDbContextPool`1[TicketFlow.Infrastructure.Persistence.AppDbContext]'.</Message>
          <StackTrace>   at Microsoft.Extensions.DependencyInjection.ServiceProvider..ctor(ICollection`1 serviceDescriptors, ServiceProviderOptions options)&#xD;
   at Microsoft.Extensions.DependencyInjection.ServiceCollectionContainerBuilderExtensions.BuildServiceProvider(IServiceCollection services, ServiceProviderOptions options)&#xD;
   at Microsoft.Extensions.Hosting.HostApplicationBuilder.Build()&#xD;
   at Microsoft.AspNetCore.Builder.WebApplicationBuilder.Build()&#xD;
   at Program.&lt;Main&gt;$(String[] args) in D:\CSharpProjects\TicketFlow\src\TicketFlow.API\Program.cs:line 49&#xD;
   at Program.&lt;Main&gt;(String[] args)&#xD;
   at InvokeStub_Program.&lt;Main&gt;(Object, Span`1)&#xD;
   at System.Reflection.MethodBaseInvoker.InvokeWithOneArg(Object obj, BindingFlags invokeAttr, Binder binder, Object[] parameters, CultureInfo culture)&#xD;
--- End of stack trace from previous location ---&#xD;
   at Microsoft.Extensions.Hosting.HostFactoryResolver.HostingListener.CreateHost()&#xD;
   at Microsoft.Extensions.Hosting.HostFactoryResolver.&lt;&gt;c__DisplayClass10_0.&lt;ResolveHostFactory&gt;b__0(String[] args)&#xD;
   at Microsoft.AspNetCore.Mvc.Testing.DeferredHostBuilder.Build()&#xD;
   at Microsoft.AspNetCore.Mvc.Testing.WebApplicationFactory`1.CreateHost(IHostBuilder builder)&#xD;
   at Microsoft.AspNetCore.Mvc.Testing.WebApplicationFactory`1.ConfigureHostBuilder(IHostBuilder hostBuilder)&#xD;
   at Microsoft.AspNetCore.Mvc.Testing.WebApplicationFactory`1.EnsureServer()&#xD;
   at Microsoft.AspNetCore.Mvc.Testing.WebApplicationFactory`1.CreateDefaultClient(DelegatingHandler[] handlers)&#xD;
   at Microsoft.AspNetCore.Mvc.Testing.WebApplicationFactory`1.CreateDefaultClient(Uri baseAddress, DelegatingHandler[] handlers)&#xD;
   at Microsoft.AspNetCore.Mvc.Testing.WebApplicationFactory`1.CreateClient(WebApplicationFactoryClientOptions options)&#xD;
   at Microsoft.AspNetCore.Mvc.Testing.WebApplicationFactory`1.CreateClient()&#xD;
   at TicketFlow.IntegrationTests.Controllers.OrdersControllerTests..ctor(TestWebApplicationFactory factory) in D:\CSharpProjects\TicketFlow\tests\TicketFlow.IntegrationTests\Controllers\OrdersControllerTests.cs:line 22&#xD;
   at InvokeStub_OrdersControllerTests..ctor(Object, Span`1)&#xD;
   at System.Reflection.MethodBaseInvoker.InvokeWithOneArg(Object obj, BindingFlags invokeAttr, Binder binder, Object[] parameters, CultureInfo culture)&#xD;
----- Inner Stack Trace #1 (System.InvalidOperationException) -----&#xD;
   at Microsoft.Extensions.DependencyInjection.ServiceProvider.ValidateService(ServiceDescriptor descriptor)&#xD;
   at Microsoft.Extensions.DependencyInjection.ServiceProvider..ctor(ICollection`1 serviceDescriptors, ServiceProviderOptions options)&#xD;
----- Inner Stack Trace -----&#xD;
   at Microsoft.Extensions.DependencyInjection.ServiceLookup.CallSiteValidator.VisitScopeCache(ServiceCallSite scopedCallSite, CallSiteValidatorState state)&#xD;
   at Microsoft.Extensions.DependencyInjection.ServiceLookup.CallSiteVisitor`2.VisitCallSite(ServiceCallSite callSite, TArgument argument)&#xD;
   at Microsoft.Extensions.DependencyInjection.ServiceLookup.CallSiteValidator.VisitConstructor(ConstructorCallSite constructorCallSite, CallSiteValidatorState state)&#xD;
   at Microsoft.Extensions.DependencyInjection.ServiceLookup.CallSiteVisitor`2.VisitCallSite(ServiceCallSite callSite, TArgument argument)&#xD;
   at Microsoft.Extensions.DependencyInjection.ServiceLookup.CallSiteValidator.ValidateCallSite(ServiceCallSite callSite)&#xD;
   at Microsoft.Extensions.DependencyInjection.ServiceProvider.ValidateService(ServiceDescriptor descriptor)&#xD;
----- Inner Stack Trace #2 (System.InvalidOperationException) -----&#xD;
   at Microsoft.Extensions.DependencyInjection.ServiceProvider.ValidateService(ServiceDescriptor descriptor)&#xD;
   at Microsoft.Extensions.DependencyInjection.ServiceProvider..ctor(ICollection`1 serviceDescriptors, ServiceProviderOptions options)&#xD;
----- Inner Stack Trace -----&#xD;
   at Microsoft.Extensions.DependencyInjection.ServiceLookup.CallSiteValidator.VisitScopeCache(ServiceCallSite scopedCallSite, CallSiteValidatorState state)&#xD;
   at Microsoft.Extensions.DependencyInjection.ServiceLookup.CallSiteVisitor`2.VisitCallSite(ServiceCallSite callSite, TArgument argument)&#xD;
   at Microsoft.Extensions.DependencyInjection.ServiceLookup.CallSiteValidator.VisitConstructor(ConstructorCallSite constructorCallSite, CallSiteValidatorState state)&#xD;
   at Microsoft.Extensions.DependencyInjection.ServiceLookup.CallSiteVisitor`2.VisitCallSite(ServiceCallSite callSite, TArgument argument)&#xD;
   at Microsoft.Extensions.DependencyInjection.ServiceLookup.CallSiteValidator.VisitConstructor(ConstructorCallSite constructorCallSite, CallSiteValidatorState state)&#xD;
   at Microsoft.Extensions.DependencyInjection.ServiceLookup.CallSiteValidator.VisitScopeCache(ServiceCallSite scopedCallSite, CallSiteValidatorState state)&#xD;
   at Microsoft.Extensions.DependencyInjection.ServiceLookup.CallSiteVisitor`2.VisitCallSite(ServiceCallSite callSite, TArgument argument)&#xD;
   at Microsoft.Extensions.DependencyInjection.ServiceLookup.CallSiteValidator.ValidateCallSite(ServiceCallSite callSite)&#xD;
   at Microsoft.Extensions.DependencyInjection.ServiceProvider.ValidateService(ServiceDescriptor descriptor)</StackTrace>
        </ErrorInfo>
      </Output>
    </UnitTestResult>
    <UnitTestResult executionId="4752ccb8-9703-4c77-9cbb-5fd8a76e5bac" testId="e838a667-666e-d036-b73f-a177d513965b" testName="TicketFlow.IntegrationTests.Controllers.EventsControllerTests.GetById_QuandoEventoNaoExiste_DeveRetornar404" computerName="RAFAEL-VIKTOR" duration="00:00:00.0010000" startTime="2026-03-28T22:49:44.4294490-03:00" endTime="2026-03-28T22:49:44.4294493-03:00" testType="13cdc9d9-ddb5-4fa4-a97d-d965ccfc6d4b" outcome="Failed" testListId="8c84fa94-04c1-424b-9868-57a2d4851a1d" relativeResultsDirectory="4752ccb8-9703-4c77-9cbb-5fd8a76e5bac">
      <Output>
        <ErrorInfo>
          <Message>System.AggregateException : Some services are not able to be constructed (Error while validating the service descriptor 'ServiceType: Microsoft.EntityFrameworkCore.Internal.IDbContextPool`1[TicketFlow.Infrastructure.Persistence.AppDbContext] Lifetime: Singleton ImplementationType: Microsoft.EntityFrameworkCore.Internal.DbContextPool`1[TicketFlow.Infrastructure.Persistence.AppDbContext]': Cannot consume scoped service 'Microsoft.EntityFrameworkCore.DbContextOptions`1[TicketFlow.Infrastructure.Persistence.AppDbContext]' from singleton 'Microsoft.EntityFrameworkCore.Internal.IDbContextPool`1[TicketFlow.Infrastructure.Persistence.AppDbContext]'.) (Error while validating the service descriptor 'ServiceType: Microsoft.EntityFrameworkCore.Internal.IScopedDbContextLease`1[TicketFlow.Infrastructure.Persistence.AppDbContext] Lifetime: Scoped ImplementationType: Microsoft.EntityFrameworkCore.Internal.ScopedDbContextLease`1[TicketFlow.Infrastructure.Persistence.AppDbContext]': Cannot consume scoped service 'Microsoft.EntityFrameworkCore.DbContextOptions`1[TicketFlow.Infrastructure.Persistence.AppDbContext]' from singleton 'Microsoft.EntityFrameworkCore.Internal.IDbContextPool`1[TicketFlow.Infrastructure.Persistence.AppDbContext]'.)&#xD;
---- System.InvalidOperationException : Error while validating the service descriptor 'ServiceType: Microsoft.EntityFrameworkCore.Internal.IDbContextPool`1[TicketFlow.Infrastructure.Persistence.AppDbContext] Lifetime: Singleton ImplementationType: Microsoft.EntityFrameworkCore.Internal.DbContextPool`1[TicketFlow.Infrastructure.Persistence.AppDbContext]': Cannot consume scoped service 'Microsoft.EntityFrameworkCore.DbContextOptions`1[TicketFlow.Infrastructure.Persistence.AppDbContext]' from singleton 'Microsoft.EntityFrameworkCore.Internal.IDbContextPool`1[TicketFlow.Infrastructure.Persistence.AppDbContext]'.&#xD;
-------- System.InvalidOperationException : Cannot consume scoped service 'Microsoft.EntityFrameworkCore.DbContextOptions`1[TicketFlow.Infrastructure.Persistence.AppDbContext]' from singleton 'Microsoft.EntityFrameworkCore.Internal.IDbContextPool`1[TicketFlow.Infrastructure.Persistence.AppDbContext]'.&#xD;
---- System.InvalidOperationException : Error while validating the service descriptor 'ServiceType: Microsoft.EntityFrameworkCore.Internal.IScopedDbContextLease`1[TicketFlow.Infrastructure.Persistence.AppDbContext] Lifetime: Scoped ImplementationType: Microsoft.EntityFrameworkCore.Internal.ScopedDbContextLease`1[TicketFlow.Infrastructure.Persistence.AppDbContext]': Cannot consume scoped service 'Microsoft.EntityFrameworkCore.DbContextOptions`1[TicketFlow.Infrastructure.Persistence.AppDbContext]' from singleton 'Microsoft.EntityFrameworkCore.Internal.IDbContextPool`1[TicketFlow.Infrastructure.Persistence.AppDbContext]'.&#xD;
-------- System.InvalidOperationException : Cannot consume scoped service 'Microsoft.EntityFrameworkCore.DbContextOptions`1[TicketFlow.Infrastructure.Persistence.AppDbContext]' from singleton 'Microsoft.EntityFrameworkCore.Internal.IDbContextPool`1[TicketFlow.Infrastructure.Persistence.AppDbContext]'.</Message>
          <StackTrace>   at Microsoft.Extensions.DependencyInjection.ServiceProvider..ctor(ICollection`1 serviceDescriptors, ServiceProviderOptions options)&#xD;
   at Microsoft.Extensions.DependencyInjection.ServiceCollectionContainerBuilderExtensions.BuildServiceProvider(IServiceCollection services, ServiceProviderOptions options)&#xD;
   at Microsoft.Extensions.Hosting.HostApplicationBuilder.Build()&#xD;
   at Microsoft.AspNetCore.Builder.WebApplicationBuilder.Build()&#xD;
   at Program.&lt;Main&gt;$(String[] args) in D:\CSharpProjects\TicketFlow\src\TicketFlow.API\Program.cs:line 49&#xD;
   at Program.&lt;Main&gt;(String[] args)&#xD;
   at InvokeStub_Program.&lt;Main&gt;(Object, Span`1)&#xD;
   at System.Reflection.MethodBaseInvoker.InvokeWithOneArg(Object obj, BindingFlags invokeAttr, Binder binder, Object[] parameters, CultureInfo culture)&#xD;
--- End of stack trace from previous location ---&#xD;
   at Microsoft.Extensions.Hosting.HostFactoryResolver.HostingListener.CreateHost()&#xD;
   at Microsoft.Extensions.Hosting.HostFactoryResolver.&lt;&gt;c__DisplayClass10_0.&lt;ResolveHostFactory&gt;b__0(String[] args)&#xD;
   at Microsoft.AspNetCore.Mvc.Testing.DeferredHostBuilder.Build()&#xD;
   at Microsoft.AspNetCore.Mvc.Testing.WebApplicationFactory`1.CreateHost(IHostBuilder builder)&#xD;
   at Microsoft.AspNetCore.Mvc.Testing.WebApplicationFactory`1.ConfigureHostBuilder(IHostBuilder hostBuilder)&#xD;
   at Microsoft.AspNetCore.Mvc.Testing.WebApplicationFactory`1.EnsureServer()&#xD;
   at Microsoft.AspNetCore.Mvc.Testing.WebApplicationFactory`1.CreateDefaultClient(DelegatingHandler[] handlers)&#xD;
   at Microsoft.AspNetCore.Mvc.Testing.WebApplicationFactory`1.CreateDefaultClient(Uri baseAddress, DelegatingHandler[] handlers)&#xD;
   at Microsoft.AspNetCore.Mvc.Testing.WebApplicationFactory`1.CreateClient(WebApplicationFactoryClientOptions options)&#xD;
   at Microsoft.AspNetCore.Mvc.Testing.WebApplicationFactory`1.CreateClient()&#xD;
   at TicketFlow.IntegrationTests.Controllers.EventsControllerTests..ctor(TestWebApplicationFactory factory) in D:\CSharpProjects\TicketFlow\tests\TicketFlow.IntegrationTests\Controllers\EventsControllerTests.cs:line 15&#xD;
   at InvokeStub_EventsControllerTests..ctor(Object, Span`1)&#xD;
   at System.Reflection.MethodBaseInvoker.InvokeWithOneArg(Object obj, BindingFlags invokeAttr, Binder binder, Object[] parameters, CultureInfo culture)&#xD;
----- Inner Stack Trace #1 (System.InvalidOperationException) -----&#xD;
   at Microsoft.Extensions.DependencyInjection.ServiceProvider.ValidateService(ServiceDescriptor descriptor)&#xD;
   at Microsoft.Extensions.DependencyInjection.ServiceProvider..ctor(ICollection`1 serviceDescriptors, ServiceProviderOptions options)&#xD;
----- Inner Stack Trace -----&#xD;
   at Microsoft.Extensions.DependencyInjection.ServiceLookup.CallSiteValidator.VisitScopeCache(ServiceCallSite scopedCallSite, CallSiteValidatorState state)&#xD;
   at Microsoft.Extensions.DependencyInjection.ServiceLookup.CallSiteVisitor`2.VisitCallSite(ServiceCallSite callSite, TArgument argument)&#xD;
   at Microsoft.Extensions.DependencyInjection.ServiceLookup.CallSiteValidator.VisitConstructor(ConstructorCallSite constructorCallSite, CallSiteValidatorState state)&#xD;
   at Microsoft.Extensions.DependencyInjection.ServiceLookup.CallSiteVisitor`2.VisitCallSite(ServiceCallSite callSite, TArgument argument)&#xD;
   at Microsoft.Extensions.DependencyInjection.ServiceLookup.CallSiteValidator.ValidateCallSite(ServiceCallSite callSite)&#xD;
   at Microsoft.Extensions.DependencyInjection.ServiceProvider.ValidateService(ServiceDescriptor descriptor)&#xD;
----- Inner Stack Trace #2 (System.InvalidOperationException) -----&#xD;
   at Microsoft.Extensions.DependencyInjection.ServiceProvider.ValidateService(ServiceDescriptor descriptor)&#xD;
   at Microsoft.Extensions.DependencyInjection.ServiceProvider..ctor(ICollection`1 serviceDescriptors, ServiceProviderOptions options)&#xD;
----- Inner Stack Trace -----&#xD;
   at Microsoft.Extensions.DependencyInjection.ServiceLookup.CallSiteValidator.VisitScopeCache(ServiceCallSite scopedCallSite, CallSiteValidatorState state)&#xD;
   at Microsoft.Extensions.DependencyInjection.ServiceLookup.CallSiteVisitor`2.VisitCallSite(ServiceCallSite callSite, TArgument argument)&#xD;
   at Microsoft.Extensions.DependencyInjection.ServiceLookup.CallSiteValidator.VisitConstructor(ConstructorCallSite constructorCallSite, CallSiteValidatorState state)&#xD;
   at Microsoft.Extensions.DependencyInjection.ServiceLookup.CallSiteVisitor`2.VisitCallSite(ServiceCallSite callSite, TArgument argument)&#xD;
   at Microsoft.Extensions.DependencyInjection.ServiceLookup.CallSiteValidator.VisitConstructor(ConstructorCallSite constructorCallSite, CallSiteValidatorState state)&#xD;
   at Microsoft.Extensions.DependencyInjection.ServiceLookup.CallSiteValidator.VisitScopeCache(ServiceCallSite scopedCallSite, CallSiteValidatorState state)&#xD;
   at Microsoft.Extensions.DependencyInjection.ServiceLookup.CallSiteVisitor`2.VisitCallSite(ServiceCallSite callSite, TArgument argument)&#xD;
   at Microsoft.Extensions.DependencyInjection.ServiceLookup.CallSiteValidator.ValidateCallSite(ServiceCallSite callSite)&#xD;
   at Microsoft.Extensions.DependencyInjection.ServiceProvider.ValidateService(ServiceDescriptor descriptor)</StackTrace>
        </ErrorInfo>
      </Output>
    </UnitTestResult>
    <UnitTestResult executionId="d00f02f0-0876-4dce-a60b-c5f6738c55e7" testId="91f20598-d419-becc-7be2-14e9260ca923" testName="TicketFlow.IntegrationTests.Controllers.OrdersControllerTests.Create_ComTicketInexistente_DeveRetornar404" computerName="RAFAEL-VIKTOR" duration="00:00:00.0010000" startTime="2026-03-28T22:49:44.4862165-03:00" endTime="2026-03-28T22:49:44.4862167-03:00" testType="13cdc9d9-ddb5-4fa4-a97d-d965ccfc6d4b" outcome="Failed" testListId="8c84fa94-04c1-424b-9868-57a2d4851a1d" relativeResultsDirectory="d00f02f0-0876-4dce-a60b-c5f6738c55e7">
      <Output>
        <ErrorInfo>
          <Message>System.AggregateException : Some services are not able to be constructed (Error while validating the service descriptor 'ServiceType: Microsoft.EntityFrameworkCore.Internal.IDbContextPool`1[TicketFlow.Infrastructure.Persistence.AppDbContext] Lifetime: Singleton ImplementationType: Microsoft.EntityFrameworkCore.Internal.DbContextPool`1[TicketFlow.Infrastructure.Persistence.AppDbContext]': Cannot consume scoped service 'Microsoft.EntityFrameworkCore.DbContextOptions`1[TicketFlow.Infrastructure.Persistence.AppDbContext]' from singleton 'Microsoft.EntityFrameworkCore.Internal.IDbContextPool`1[TicketFlow.Infrastructure.Persistence.AppDbContext]'.) (Error while validating the service descriptor 'ServiceType: Microsoft.EntityFrameworkCore.Internal.IScopedDbContextLease`1[TicketFlow.Infrastructure.Persistence.AppDbContext] Lifetime: Scoped ImplementationType: Microsoft.EntityFrameworkCore.Internal.ScopedDbContextLease`1[TicketFlow.Infrastructure.Persistence.AppDbContext]': Cannot consume scoped service 'Microsoft.EntityFrameworkCore.DbContextOptions`1[TicketFlow.Infrastructure.Persistence.AppDbContext]' from singleton 'Microsoft.EntityFrameworkCore.Internal.IDbContextPool`1[TicketFlow.Infrastructure.Persistence.AppDbContext]'.)&#xD;
---- System.InvalidOperationException : Error while validating the service descriptor 'ServiceType: Microsoft.EntityFrameworkCore.Internal.IDbContextPool`1[TicketFlow.Infrastructure.Persistence.AppDbContext] Lifetime: Singleton ImplementationType: Microsoft.EntityFrameworkCore.Internal.DbContextPool`1[TicketFlow.Infrastructure.Persistence.AppDbContext]': Cannot consume scoped service 'Microsoft.EntityFrameworkCore.DbContextOptions`1[TicketFlow.Infrastructure.Persistence.AppDbContext]' from singleton 'Microsoft.EntityFrameworkCore.Internal.IDbContextPool`1[TicketFlow.Infrastructure.Persistence.AppDbContext]'.&#xD;
-------- System.InvalidOperationException : Cannot consume scoped service 'Microsoft.EntityFrameworkCore.DbContextOptions`1[TicketFlow.Infrastructure.Persistence.AppDbContext]' from singleton 'Microsoft.EntityFrameworkCore.Internal.IDbContextPool`1[TicketFlow.Infrastructure.Persistence.AppDbContext]'.&#xD;
---- System.InvalidOperationException : Error while validating the service descriptor 'ServiceType: Microsoft.EntityFrameworkCore.Internal.IScopedDbContextLease`1[TicketFlow.Infrastructure.Persistence.AppDbContext] Lifetime: Scoped ImplementationType: Microsoft.EntityFrameworkCore.Internal.ScopedDbContextLease`1[TicketFlow.Infrastructure.Persistence.AppDbContext]': Cannot consume scoped service 'Microsoft.EntityFrameworkCore.DbContextOptions`1[TicketFlow.Infrastructure.Persistence.AppDbContext]' from singleton 'Microsoft.EntityFrameworkCore.Internal.IDbContextPool`1[TicketFlow.Infrastructure.Persistence.AppDbContext]'.&#xD;
-------- System.InvalidOperationException : Cannot consume scoped service 'Microsoft.EntityFrameworkCore.DbContextOptions`1[TicketFlow.Infrastructure.Persistence.AppDbContext]' from singleton 'Microsoft.EntityFrameworkCore.Internal.IDbContextPool`1[TicketFlow.Infrastructure.Persistence.AppDbContext]'.</Message>
          <StackTrace>   at Microsoft.Extensions.DependencyInjection.ServiceProvider..ctor(ICollection`1 serviceDescriptors, ServiceProviderOptions options)&#xD;
   at Microsoft.Extensions.DependencyInjection.ServiceCollectionContainerBuilderExtensions.BuildServiceProvider(IServiceCollection services, ServiceProviderOptions options)&#xD;
   at Microsoft.Extensions.Hosting.HostApplicationBuilder.Build()&#xD;
   at Microsoft.AspNetCore.Builder.WebApplicationBuilder.Build()&#xD;
   at Program.&lt;Main&gt;$(String[] args) in D:\CSharpProjects\TicketFlow\src\TicketFlow.API\Program.cs:line 49&#xD;
   at Program.&lt;Main&gt;(String[] args)&#xD;
   at InvokeStub_Program.&lt;Main&gt;(Object, Span`1)&#xD;
   at System.Reflection.MethodBaseInvoker.InvokeWithOneArg(Object obj, BindingFlags invokeAttr, Binder binder, Object[] parameters, CultureInfo culture)&#xD;
--- End of stack trace from previous location ---&#xD;
   at Microsoft.Extensions.Hosting.HostFactoryResolver.HostingListener.CreateHost()&#xD;
   at Microsoft.Extensions.Hosting.HostFactoryResolver.&lt;&gt;c__DisplayClass10_0.&lt;ResolveHostFactory&gt;b__0(String[] args)&#xD;
   at Microsoft.AspNetCore.Mvc.Testing.DeferredHostBuilder.Build()&#xD;
   at Microsoft.AspNetCore.Mvc.Testing.WebApplicationFactory`1.CreateHost(IHostBuilder builder)&#xD;
   at Microsoft.AspNetCore.Mvc.Testing.WebApplicationFactory`1.ConfigureHostBuilder(IHostBuilder hostBuilder)&#xD;
   at Microsoft.AspNetCore.Mvc.Testing.WebApplicationFactory`1.EnsureServer()&#xD;
   at Microsoft.AspNetCore.Mvc.Testing.WebApplicationFactory`1.CreateDefaultClient(DelegatingHandler[] handlers)&#xD;
   at Microsoft.AspNetCore.Mvc.Testing.WebApplicationFactory`1.CreateDefaultClient(Uri baseAddress, DelegatingHandler[] handlers)&#xD;
   at Microsoft.AspNetCore.Mvc.Testing.WebApplicationFactory`1.CreateClient(WebApplicationFactoryClientOptions options)&#xD;
   at Microsoft.AspNetCore.Mvc.Testing.WebApplicationFactory`1.CreateClient()&#xD;
   at TicketFlow.IntegrationTests.Controllers.OrdersControllerTests..ctor(TestWebApplicationFactory factory) in D:\CSharpProjects\TicketFlow\tests\TicketFlow.IntegrationTests\Controllers\OrdersControllerTests.cs:line 22&#xD;
   at InvokeStub_OrdersControllerTests..ctor(Object, Span`1)&#xD;
   at System.Reflection.MethodBaseInvoker.InvokeWithOneArg(Object obj, BindingFlags invokeAttr, Binder binder, Object[] parameters, CultureInfo culture)&#xD;
----- Inner Stack Trace #1 (System.InvalidOperationException) -----&#xD;
   at Microsoft.Extensions.DependencyInjection.ServiceProvider.ValidateService(ServiceDescriptor descriptor)&#xD;
   at Microsoft.Extensions.DependencyInjection.ServiceProvider..ctor(ICollection`1 serviceDescriptors, ServiceProviderOptions options)&#xD;
----- Inner Stack Trace -----&#xD;
   at Microsoft.Extensions.DependencyInjection.ServiceLookup.CallSiteValidator.VisitScopeCache(ServiceCallSite scopedCallSite, CallSiteValidatorState state)&#xD;
   at Microsoft.Extensions.DependencyInjection.ServiceLookup.CallSiteVisitor`2.VisitCallSite(ServiceCallSite callSite, TArgument argument)&#xD;
   at Microsoft.Extensions.DependencyInjection.ServiceLookup.CallSiteValidator.VisitConstructor(ConstructorCallSite constructorCallSite, CallSiteValidatorState state)&#xD;
   at Microsoft.Extensions.DependencyInjection.ServiceLookup.CallSiteVisitor`2.VisitCallSite(ServiceCallSite callSite, TArgument argument)&#xD;
   at Microsoft.Extensions.DependencyInjection.ServiceLookup.CallSiteValidator.ValidateCallSite(ServiceCallSite callSite)&#xD;
   at Microsoft.Extensions.DependencyInjection.ServiceProvider.ValidateService(ServiceDescriptor descriptor)&#xD;
----- Inner Stack Trace #2 (System.InvalidOperationException) -----&#xD;
   at Microsoft.Extensions.DependencyInjection.ServiceProvider.ValidateService(ServiceDescriptor descriptor)&#xD;
   at Microsoft.Extensions.DependencyInjection.ServiceProvider..ctor(ICollection`1 serviceDescriptors, ServiceProviderOptions options)&#xD;
----- Inner Stack Trace -----&#xD;
   at Microsoft.Extensions.DependencyInjection.ServiceLookup.CallSiteValidator.VisitScopeCache(ServiceCallSite scopedCallSite, CallSiteValidatorState state)&#xD;
   at Microsoft.Extensions.DependencyInjection.ServiceLookup.CallSiteVisitor`2.VisitCallSite(ServiceCallSite callSite, TArgument argument)&#xD;
   at Microsoft.Extensions.DependencyInjection.ServiceLookup.CallSiteValidator.VisitConstructor(ConstructorCallSite constructorCallSite, CallSiteValidatorState state)&#xD;
   at Microsoft.Extensions.DependencyInjection.ServiceLookup.CallSiteVisitor`2.VisitCallSite(ServiceCallSite callSite, TArgument argument)&#xD;
   at Microsoft.Extensions.DependencyInjection.ServiceLookup.CallSiteValidator.VisitConstructor(ConstructorCallSite constructorCallSite, CallSiteValidatorState state)&#xD;
   at Microsoft.Extensions.DependencyInjection.ServiceLookup.CallSiteValidator.VisitScopeCache(ServiceCallSite scopedCallSite, CallSiteValidatorState state)&#xD;
   at Microsoft.Extensions.DependencyInjection.ServiceLookup.CallSiteVisitor`2.VisitCallSite(ServiceCallSite callSite, TArgument argument)&#xD;
   at Microsoft.Extensions.DependencyInjection.ServiceLookup.CallSiteValidator.ValidateCallSite(ServiceCallSite callSite)&#xD;
   at Microsoft.Extensions.DependencyInjection.ServiceProvider.ValidateService(ServiceDescriptor descriptor)</StackTrace>
        </ErrorInfo>
      </Output>
    </UnitTestResult>
    <UnitTestResult executionId="872aaae8-d1b0-40c4-b081-c3f69985115e" testId="a716488e-3f9e-0762-8471-2bdc011fa111" testName="TicketFlow.IntegrationTests.Controllers.OrdersControllerTests.GetById_ComPedidoInexistente_DeveRetornar404" computerName="RAFAEL-VIKTOR" duration="00:00:00.0010000" startTime="2026-03-28T22:49:44.4547238-03:00" endTime="2026-03-28T22:49:44.4547240-03:00" testType="13cdc9d9-ddb5-4fa4-a97d-d965ccfc6d4b" outcome="Failed" testListId="8c84fa94-04c1-424b-9868-57a2d4851a1d" relativeResultsDirectory="872aaae8-d1b0-40c4-b081-c3f69985115e">
      <Output>
        <ErrorInfo>
          <Message>System.AggregateException : Some services are not able to be constructed (Error while validating the service descriptor 'ServiceType: Microsoft.EntityFrameworkCore.Internal.IDbContextPool`1[TicketFlow.Infrastructure.Persistence.AppDbContext] Lifetime: Singleton ImplementationType: Microsoft.EntityFrameworkCore.Internal.DbContextPool`1[TicketFlow.Infrastructure.Persistence.AppDbContext]': Cannot consume scoped service 'Microsoft.EntityFrameworkCore.DbContextOptions`1[TicketFlow.Infrastructure.Persistence.AppDbContext]' from singleton 'Microsoft.EntityFrameworkCore.Internal.IDbContextPool`1[TicketFlow.Infrastructure.Persistence.AppDbContext]'.) (Error while validating the service descriptor 'ServiceType: Microsoft.EntityFrameworkCore.Internal.IScopedDbContextLease`1[TicketFlow.Infrastructure.Persistence.AppDbContext] Lifetime: Scoped ImplementationType: Microsoft.EntityFrameworkCore.Internal.ScopedDbContextLease`1[TicketFlow.Infrastructure.Persistence.AppDbContext]': Cannot consume scoped service 'Microsoft.EntityFrameworkCore.DbContextOptions`1[TicketFlow.Infrastructure.Persistence.AppDbContext]' from singleton 'Microsoft.EntityFrameworkCore.Internal.IDbContextPool`1[TicketFlow.Infrastructure.Persistence.AppDbContext]'.)&#xD;
---- System.InvalidOperationException : Error while validating the service descriptor 'ServiceType: Microsoft.EntityFrameworkCore.Internal.IDbContextPool`1[TicketFlow.Infrastructure.Persistence.AppDbContext] Lifetime: Singleton ImplementationType: Microsoft.EntityFrameworkCore.Internal.DbContextPool`1[TicketFlow.Infrastructure.Persistence.AppDbContext]': Cannot consume scoped service 'Microsoft.EntityFrameworkCore.DbContextOptions`1[TicketFlow.Infrastructure.Persistence.AppDbContext]' from singleton 'Microsoft.EntityFrameworkCore.Internal.IDbContextPool`1[TicketFlow.Infrastructure.Persistence.AppDbContext]'.&#xD;
-------- System.InvalidOperationException : Cannot consume scoped service 'Microsoft.EntityFrameworkCore.DbContextOptions`1[TicketFlow.Infrastructure.Persistence.AppDbContext]' from singleton 'Microsoft.EntityFrameworkCore.Internal.IDbContextPool`1[TicketFlow.Infrastructure.Persistence.AppDbContext]'.&#xD;
---- System.InvalidOperationException : Error while validating the service descriptor 'ServiceType: Microsoft.EntityFrameworkCore.Internal.IScopedDbContextLease`1[TicketFlow.Infrastructure.Persistence.AppDbContext] Lifetime: Scoped ImplementationType: Microsoft.EntityFrameworkCore.Internal.ScopedDbContextLease`1[TicketFlow.Infrastructure.Persistence.AppDbContext]': Cannot consume scoped service 'Microsoft.EntityFrameworkCore.DbContextOptions`1[TicketFlow.Infrastructure.Persistence.AppDbContext]' from singleton 'Microsoft.EntityFrameworkCore.Internal.IDbContextPool`1[TicketFlow.Infrastructure.Persistence.AppDbContext]'.&#xD;
-------- System.InvalidOperationException : Cannot consume scoped service 'Microsoft.EntityFrameworkCore.DbContextOptions`1[TicketFlow.Infrastructure.Persistence.AppDbContext]' from singleton 'Microsoft.EntityFrameworkCore.Internal.IDbContextPool`1[TicketFlow.Infrastructure.Persistence.AppDbContext]'.</Message>
          <StackTrace>   at Microsoft.Extensions.DependencyInjection.ServiceProvider..ctor(ICollection`1 serviceDescriptors, ServiceProviderOptions options)&#xD;
   at Microsoft.Extensions.DependencyInjection.ServiceCollectionContainerBuilderExtensions.BuildServiceProvider(IServiceCollection services, ServiceProviderOptions options)&#xD;
   at Microsoft.Extensions.Hosting.HostApplicationBuilder.Build()&#xD;
   at Microsoft.AspNetCore.Builder.WebApplicationBuilder.Build()&#xD;
   at Program.&lt;Main&gt;$(String[] args) in D:\CSharpProjects\TicketFlow\src\TicketFlow.API\Program.cs:line 49&#xD;
   at Program.&lt;Main&gt;(String[] args)&#xD;
   at InvokeStub_Program.&lt;Main&gt;(Object, Span`1)&#xD;
   at System.Reflection.MethodBaseInvoker.InvokeWithOneArg(Object obj, BindingFlags invokeAttr, Binder binder, Object[] parameters, CultureInfo culture)&#xD;
--- End of stack trace from previous location ---&#xD;
   at Microsoft.Extensions.Hosting.HostFactoryResolver.HostingListener.CreateHost()&#xD;
   at Microsoft.Extensions.Hosting.HostFactoryResolver.&lt;&gt;c__DisplayClass10_0.&lt;ResolveHostFactory&gt;b__0(String[] args)&#xD;
   at Microsoft.AspNetCore.Mvc.Testing.DeferredHostBuilder.Build()&#xD;
   at Microsoft.AspNetCore.Mvc.Testing.WebApplicationFactory`1.CreateHost(IHostBuilder builder)&#xD;
   at Microsoft.AspNetCore.Mvc.Testing.WebApplicationFactory`1.ConfigureHostBuilder(IHostBuilder hostBuilder)&#xD;
   at Microsoft.AspNetCore.Mvc.Testing.WebApplicationFactory`1.EnsureServer()&#xD;
   at Microsoft.AspNetCore.Mvc.Testing.WebApplicationFactory`1.CreateDefaultClient(DelegatingHandler[] handlers)&#xD;
   at Microsoft.AspNetCore.Mvc.Testing.WebApplicationFactory`1.CreateDefaultClient(Uri baseAddress, DelegatingHandler[] handlers)&#xD;
   at Microsoft.AspNetCore.Mvc.Testing.WebApplicationFactory`1.CreateClient(WebApplicationFactoryClientOptions options)&#xD;
   at Microsoft.AspNetCore.Mvc.Testing.WebApplicationFactory`1.CreateClient()&#xD;
   at TicketFlow.IntegrationTests.Controllers.OrdersControllerTests..ctor(TestWebApplicationFactory factory) in D:\CSharpProjects\TicketFlow\tests\TicketFlow.IntegrationTests\Controllers\OrdersControllerTests.cs:line 22&#xD;
   at InvokeStub_OrdersControllerTests..ctor(Object, Span`1)&#xD;
   at System.Reflection.MethodBaseInvoker.InvokeWithOneArg(Object obj, BindingFlags invokeAttr, Binder binder, Object[] parameters, CultureInfo culture)&#xD;
----- Inner Stack Trace #1 (System.InvalidOperationException) -----&#xD;
   at Microsoft.Extensions.DependencyInjection.ServiceProvider.ValidateService(ServiceDescriptor descriptor)&#xD;
   at Microsoft.Extensions.DependencyInjection.ServiceProvider..ctor(ICollection`1 serviceDescriptors, ServiceProviderOptions options)&#xD;
----- Inner Stack Trace -----&#xD;
   at Microsoft.Extensions.DependencyInjection.ServiceLookup.CallSiteValidator.VisitScopeCache(ServiceCallSite scopedCallSite, CallSiteValidatorState state)&#xD;
   at Microsoft.Extensions.DependencyInjection.ServiceLookup.CallSiteVisitor`2.VisitCallSite(ServiceCallSite callSite, TArgument argument)&#xD;
   at Microsoft.Extensions.DependencyInjection.ServiceLookup.CallSiteValidator.VisitConstructor(ConstructorCallSite constructorCallSite, CallSiteValidatorState state)&#xD;
   at Microsoft.Extensions.DependencyInjection.ServiceLookup.CallSiteVisitor`2.VisitCallSite(ServiceCallSite callSite, TArgument argument)&#xD;
   at Microsoft.Extensions.DependencyInjection.ServiceLookup.CallSiteValidator.ValidateCallSite(ServiceCallSite callSite)&#xD;
   at Microsoft.Extensions.DependencyInjection.ServiceProvider.ValidateService(ServiceDescriptor descriptor)&#xD;
----- Inner Stack Trace #2 (System.InvalidOperationException) -----&#xD;
   at Microsoft.Extensions.DependencyInjection.ServiceProvider.ValidateService(ServiceDescriptor descriptor)&#xD;
   at Microsoft.Extensions.DependencyInjection.ServiceProvider..ctor(ICollection`1 serviceDescriptors, ServiceProviderOptions options)&#xD;
----- Inner Stack Trace -----&#xD;
   at Microsoft.Extensions.DependencyInjection.ServiceLookup.CallSiteValidator.VisitScopeCache(ServiceCallSite scopedCallSite, CallSiteValidatorState state)&#xD;
   at Microsoft.Extensions.DependencyInjection.ServiceLookup.CallSiteVisitor`2.VisitCallSite(ServiceCallSite callSite, TArgument argument)&#xD;
   at Microsoft.Extensions.DependencyInjection.ServiceLookup.CallSiteValidator.VisitConstructor(ConstructorCallSite constructorCallSite, CallSiteValidatorState state)&#xD;
   at Microsoft.Extensions.DependencyInjection.ServiceLookup.CallSiteVisitor`2.VisitCallSite(ServiceCallSite callSite, TArgument argument)&#xD;
   at Microsoft.Extensions.DependencyInjection.ServiceLookup.CallSiteValidator.VisitConstructor(ConstructorCallSite constructorCallSite, CallSiteValidatorState state)&#xD;
   at Microsoft.Extensions.DependencyInjection.ServiceLookup.CallSiteValidator.VisitScopeCache(ServiceCallSite scopedCallSite, CallSiteValidatorState state)&#xD;
   at Microsoft.Extensions.DependencyInjection.ServiceLookup.CallSiteVisitor`2.VisitCallSite(ServiceCallSite callSite, TArgument argument)&#xD;
   at Microsoft.Extensions.DependencyInjection.ServiceLookup.CallSiteValidator.ValidateCallSite(ServiceCallSite callSite)&#xD;
   at Microsoft.Extensions.DependencyInjection.ServiceProvider.ValidateService(ServiceDescriptor descriptor)</StackTrace>
        </ErrorInfo>
      </Output>
    </UnitTestResult>
    <UnitTestResult executionId="0a5f02f9-b43c-44df-92b8-aac8d5b3e924" testId="e2bc2c18-8cd0-1aff-c509-4bd4357e1e8f" testName="TicketFlow.IntegrationTests.Controllers.EventsControllerTests.GetTickets_AposCriarEvento_DeveRetornarTicketsGerados" computerName="RAFAEL-VIKTOR" duration="00:00:00.0010000" startTime="2026-03-28T22:49:44.5021633-03:00" endTime="2026-03-28T22:49:44.5021634-03:00" testType="13cdc9d9-ddb5-4fa4-a97d-d965ccfc6d4b" outcome="Failed" testListId="8c84fa94-04c1-424b-9868-57a2d4851a1d" relativeResultsDirectory="0a5f02f9-b43c-44df-92b8-aac8d5b3e924">
      <Output>
        <ErrorInfo>
          <Message>System.AggregateException : Some services are not able to be constructed (Error while validating the service descriptor 'ServiceType: Microsoft.EntityFrameworkCore.Internal.IDbContextPool`1[TicketFlow.Infrastructure.Persistence.AppDbContext] Lifetime: Singleton ImplementationType: Microsoft.EntityFrameworkCore.Internal.DbContextPool`1[TicketFlow.Infrastructure.Persistence.AppDbContext]': Cannot consume scoped service 'Microsoft.EntityFrameworkCore.DbContextOptions`1[TicketFlow.Infrastructure.Persistence.AppDbContext]' from singleton 'Microsoft.EntityFrameworkCore.Internal.IDbContextPool`1[TicketFlow.Infrastructure.Persistence.AppDbContext]'.) (Error while validating the service descriptor 'ServiceType: Microsoft.EntityFrameworkCore.Internal.IScopedDbContextLease`1[TicketFlow.Infrastructure.Persistence.AppDbContext] Lifetime: Scoped ImplementationType: Microsoft.EntityFrameworkCore.Internal.ScopedDbContextLease`1[TicketFlow.Infrastructure.Persistence.AppDbContext]': Cannot consume scoped service 'Microsoft.EntityFrameworkCore.DbContextOptions`1[TicketFlow.Infrastructure.Persistence.AppDbContext]' from singleton 'Microsoft.EntityFrameworkCore.Internal.IDbContextPool`1[TicketFlow.Infrastructure.Persistence.AppDbContext]'.)&#xD;
---- System.InvalidOperationException : Error while validating the service descriptor 'ServiceType: Microsoft.EntityFrameworkCore.Internal.IDbContextPool`1[TicketFlow.Infrastructure.Persistence.AppDbContext] Lifetime: Singleton ImplementationType: Microsoft.EntityFrameworkCore.Internal.DbContextPool`1[TicketFlow.Infrastructure.Persistence.AppDbContext]': Cannot consume scoped service 'Microsoft.EntityFrameworkCore.DbContextOptions`1[TicketFlow.Infrastructure.Persistence.AppDbContext]' from singleton 'Microsoft.EntityFrameworkCore.Internal.IDbContextPool`1[TicketFlow.Infrastructure.Persistence.AppDbContext]'.&#xD;
-------- System.InvalidOperationException : Cannot consume scoped service 'Microsoft.EntityFrameworkCore.DbContextOptions`1[TicketFlow.Infrastructure.Persistence.AppDbContext]' from singleton 'Microsoft.EntityFrameworkCore.Internal.IDbContextPool`1[TicketFlow.Infrastructure.Persistence.AppDbContext]'.&#xD;
---- System.InvalidOperationException : Error while validating the service descriptor 'ServiceType: Microsoft.EntityFrameworkCore.Internal.IScopedDbContextLease`1[TicketFlow.Infrastructure.Persistence.AppDbContext] Lifetime: Scoped ImplementationType: Microsoft.EntityFrameworkCore.Internal.ScopedDbContextLease`1[TicketFlow.Infrastructure.Persistence.AppDbContext]': Cannot consume scoped service 'Microsoft.EntityFrameworkCore.DbContextOptions`1[TicketFlow.Infrastructure.Persistence.AppDbContext]' from singleton 'Microsoft.EntityFrameworkCore.Internal.IDbContextPool`1[TicketFlow.Infrastructure.Persistence.AppDbContext]'.&#xD;
-------- System.InvalidOperationException : Cannot consume scoped service 'Microsoft.EntityFrameworkCore.DbContextOptions`1[TicketFlow.Infrastructure.Persistence.AppDbContext]' from singleton 'Microsoft.EntityFrameworkCore.Internal.IDbContextPool`1[TicketFlow.Infrastructure.Persistence.AppDbContext]'.</Message>
          <StackTrace>   at Microsoft.Extensions.DependencyInjection.ServiceProvider..ctor(ICollection`1 serviceDescriptors, ServiceProviderOptions options)&#xD;
   at Microsoft.Extensions.DependencyInjection.ServiceCollectionContainerBuilderExtensions.BuildServiceProvider(IServiceCollection services, ServiceProviderOptions options)&#xD;
   at Microsoft.Extensions.Hosting.HostApplicationBuilder.Build()&#xD;
   at Microsoft.AspNetCore.Builder.WebApplicationBuilder.Build()&#xD;
   at Program.&lt;Main&gt;$(String[] args) in D:\CSharpProjects\TicketFlow\src\TicketFlow.API\Program.cs:line 49&#xD;
   at Program.&lt;Main&gt;(String[] args)&#xD;
   at InvokeStub_Program.&lt;Main&gt;(Object, Span`1)&#xD;
   at System.Reflection.MethodBaseInvoker.InvokeWithOneArg(Object obj, BindingFlags invokeAttr, Binder binder, Object[] parameters, CultureInfo culture)&#xD;
--- End of stack trace from previous location ---&#xD;
   at Microsoft.Extensions.Hosting.HostFactoryResolver.HostingListener.CreateHost()&#xD;
   at Microsoft.Extensions.Hosting.HostFactoryResolver.&lt;&gt;c__DisplayClass10_0.&lt;ResolveHostFactory&gt;b__0(String[] args)&#xD;
   at Microsoft.AspNetCore.Mvc.Testing.DeferredHostBuilder.Build()&#xD;
   at Microsoft.AspNetCore.Mvc.Testing.WebApplicationFactory`1.CreateHost(IHostBuilder builder)&#xD;
   at Microsoft.AspNetCore.Mvc.Testing.WebApplicationFactory`1.ConfigureHostBuilder(IHostBuilder hostBuilder)&#xD;
   at Microsoft.AspNetCore.Mvc.Testing.WebApplicationFactory`1.EnsureServer()&#xD;
   at Microsoft.AspNetCore.Mvc.Testing.WebApplicationFactory`1.CreateDefaultClient(DelegatingHandler[] handlers)&#xD;
   at Microsoft.AspNetCore.Mvc.Testing.WebApplicationFactory`1.CreateDefaultClient(Uri baseAddress, DelegatingHandler[] handlers)&#xD;
   at Microsoft.AspNetCore.Mvc.Testing.WebApplicationFactory`1.CreateClient(WebApplicationFactoryClientOptions options)&#xD;
   at Microsoft.AspNetCore.Mvc.Testing.WebApplicationFactory`1.CreateClient()&#xD;
   at TicketFlow.IntegrationTests.Controllers.EventsControllerTests..ctor(TestWebApplicationFactory factory) in D:\CSharpProjects\TicketFlow\tests\TicketFlow.IntegrationTests\Controllers\EventsControllerTests.cs:line 15&#xD;
   at InvokeStub_EventsControllerTests..ctor(Object, Span`1)&#xD;
   at System.Reflection.MethodBaseInvoker.InvokeWithOneArg(Object obj, BindingFlags invokeAttr, Binder binder, Object[] parameters, CultureInfo culture)&#xD;
----- Inner Stack Trace #1 (System.InvalidOperationException) -----&#xD;
   at Microsoft.Extensions.DependencyInjection.ServiceProvider.ValidateService(ServiceDescriptor descriptor)&#xD;
   at Microsoft.Extensions.DependencyInjection.ServiceProvider..ctor(ICollection`1 serviceDescriptors, ServiceProviderOptions options)&#xD;
----- Inner Stack Trace -----&#xD;
   at Microsoft.Extensions.DependencyInjection.ServiceLookup.CallSiteValidator.VisitScopeCache(ServiceCallSite scopedCallSite, CallSiteValidatorState state)&#xD;
   at Microsoft.Extensions.DependencyInjection.ServiceLookup.CallSiteVisitor`2.VisitCallSite(ServiceCallSite callSite, TArgument argument)&#xD;
   at Microsoft.Extensions.DependencyInjection.ServiceLookup.CallSiteValidator.VisitConstructor(ConstructorCallSite constructorCallSite, CallSiteValidatorState state)&#xD;
   at Microsoft.Extensions.DependencyInjection.ServiceLookup.CallSiteVisitor`2.VisitCallSite(ServiceCallSite callSite, TArgument argument)&#xD;
   at Microsoft.Extensions.DependencyInjection.ServiceLookup.CallSiteValidator.ValidateCallSite(ServiceCallSite callSite)&#xD;
   at Microsoft.Extensions.DependencyInjection.ServiceProvider.ValidateService(ServiceDescriptor descriptor)&#xD;
----- Inner Stack Trace #2 (System.InvalidOperationException) -----&#xD;
   at Microsoft.Extensions.DependencyInjection.ServiceProvider.ValidateService(ServiceDescriptor descriptor)&#xD;
   at Microsoft.Extensions.DependencyInjection.ServiceProvider..ctor(ICollection`1 serviceDescriptors, ServiceProviderOptions options)&#xD;
----- Inner Stack Trace -----&#xD;
   at Microsoft.Extensions.DependencyInjection.ServiceLookup.CallSiteValidator.VisitScopeCache(ServiceCallSite scopedCallSite, CallSiteValidatorState state)&#xD;
   at Microsoft.Extensions.DependencyInjection.ServiceLookup.CallSiteVisitor`2.VisitCallSite(ServiceCallSite callSite, TArgument argument)&#xD;
   at Microsoft.Extensions.DependencyInjection.ServiceLookup.CallSiteValidator.VisitConstructor(ConstructorCallSite constructorCallSite, CallSiteValidatorState state)&#xD;
   at Microsoft.Extensions.DependencyInjection.ServiceLookup.CallSiteVisitor`2.VisitCallSite(ServiceCallSite callSite, TArgument argument)&#xD;
   at Microsoft.Extensions.DependencyInjection.ServiceLookup.CallSiteValidator.VisitConstructor(ConstructorCallSite constructorCallSite, CallSiteValidatorState state)&#xD;
   at Microsoft.Extensions.DependencyInjection.ServiceLookup.CallSiteValidator.VisitScopeCache(ServiceCallSite scopedCallSite, CallSiteValidatorState state)&#xD;
   at Microsoft.Extensions.DependencyInjection.ServiceLookup.CallSiteVisitor`2.VisitCallSite(ServiceCallSite callSite, TArgument argument)&#xD;
   at Microsoft.Extensions.DependencyInjection.ServiceLookup.CallSiteValidator.ValidateCallSite(ServiceCallSite callSite)&#xD;
   at Microsoft.Extensions.DependencyInjection.ServiceProvider.ValidateService(ServiceDescriptor descriptor)</StackTrace>
        </ErrorInfo>
      </Output>
    </UnitTestResult>
    <UnitTestResult executionId="557fb009-4954-4f98-a00a-4dc7979778f2" testId="bd4c43b8-551d-0821-6aad-33a0ebe4b37e" testName="TicketFlow.IntegrationTests.Controllers.EventsControllerTests.GetAll_QuandoNaoHaEventos_DeveRetornarListaVazia" computerName="RAFAEL-VIKTOR" duration="00:00:00.0010000" startTime="2026-03-28T22:49:44.3789222-03:00" endTime="2026-03-28T22:49:44.3789223-03:00" testType="13cdc9d9-ddb5-4fa4-a97d-d965ccfc6d4b" outcome="Failed" testListId="8c84fa94-04c1-424b-9868-57a2d4851a1d" relativeResultsDirectory="557fb009-4954-4f98-a00a-4dc7979778f2">
      <Output>
        <ErrorInfo>
          <Message>System.AggregateException : Some services are not able to be constructed (Error while validating the service descriptor 'ServiceType: Microsoft.EntityFrameworkCore.Internal.IDbContextPool`1[TicketFlow.Infrastructure.Persistence.AppDbContext] Lifetime: Singleton ImplementationType: Microsoft.EntityFrameworkCore.Internal.DbContextPool`1[TicketFlow.Infrastructure.Persistence.AppDbContext]': Cannot consume scoped service 'Microsoft.EntityFrameworkCore.DbContextOptions`1[TicketFlow.Infrastructure.Persistence.AppDbContext]' from singleton 'Microsoft.EntityFrameworkCore.Internal.IDbContextPool`1[TicketFlow.Infrastructure.Persistence.AppDbContext]'.) (Error while validating the service descriptor 'ServiceType: Microsoft.EntityFrameworkCore.Internal.IScopedDbContextLease`1[TicketFlow.Infrastructure.Persistence.AppDbContext] Lifetime: Scoped ImplementationType: Microsoft.EntityFrameworkCore.Internal.ScopedDbContextLease`1[TicketFlow.Infrastructure.Persistence.AppDbContext]': Cannot consume scoped service 'Microsoft.EntityFrameworkCore.DbContextOptions`1[TicketFlow.Infrastructure.Persistence.AppDbContext]' from singleton 'Microsoft.EntityFrameworkCore.Internal.IDbContextPool`1[TicketFlow.Infrastructure.Persistence.AppDbContext]'.)&#xD;
---- System.InvalidOperationException : Error while validating the service descriptor 'ServiceType: Microsoft.EntityFrameworkCore.Internal.IDbContextPool`1[TicketFlow.Infrastructure.Persistence.AppDbContext] Lifetime: Singleton ImplementationType: Microsoft.EntityFrameworkCore.Internal.DbContextPool`1[TicketFlow.Infrastructure.Persistence.AppDbContext]': Cannot consume scoped service 'Microsoft.EntityFrameworkCore.DbContextOptions`1[TicketFlow.Infrastructure.Persistence.AppDbContext]' from singleton 'Microsoft.EntityFrameworkCore.Internal.IDbContextPool`1[TicketFlow.Infrastructure.Persistence.AppDbContext]'.&#xD;
-------- System.InvalidOperationException : Cannot consume scoped service 'Microsoft.EntityFrameworkCore.DbContextOptions`1[TicketFlow.Infrastructure.Persistence.AppDbContext]' from singleton 'Microsoft.EntityFrameworkCore.Internal.IDbContextPool`1[TicketFlow.Infrastructure.Persistence.AppDbContext]'.&#xD;
---- System.InvalidOperationException : Error while validating the service descriptor 'ServiceType: Microsoft.EntityFrameworkCore.Internal.IScopedDbContextLease`1[TicketFlow.Infrastructure.Persistence.AppDbContext] Lifetime: Scoped ImplementationType: Microsoft.EntityFrameworkCore.Internal.ScopedDbContextLease`1[TicketFlow.Infrastructure.Persistence.AppDbContext]': Cannot consume scoped service 'Microsoft.EntityFrameworkCore.DbContextOptions`1[TicketFlow.Infrastructure.Persistence.AppDbContext]' from singleton 'Microsoft.EntityFrameworkCore.Internal.IDbContextPool`1[TicketFlow.Infrastructure.Persistence.AppDbContext]'.&#xD;
-------- System.InvalidOperationException : Cannot consume scoped service 'Microsoft.EntityFrameworkCore.DbContextOptions`1[TicketFlow.Infrastructure.Persistence.AppDbContext]' from singleton 'Microsoft.EntityFrameworkCore.Internal.IDbContextPool`1[TicketFlow.Infrastructure.Persistence.AppDbContext]'.</Message>
          <StackTrace>   at Microsoft.Extensions.DependencyInjection.ServiceProvider..ctor(ICollection`1 serviceDescriptors, ServiceProviderOptions options)&#xD;
   at Microsoft.Extensions.DependencyInjection.ServiceCollectionContainerBuilderExtensions.BuildServiceProvider(IServiceCollection services, ServiceProviderOptions options)&#xD;
   at Microsoft.Extensions.Hosting.HostApplicationBuilder.Build()&#xD;
   at Microsoft.AspNetCore.Builder.WebApplicationBuilder.Build()&#xD;
   at Program.&lt;Main&gt;$(String[] args) in D:\CSharpProjects\TicketFlow\src\TicketFlow.API\Program.cs:line 49&#xD;
   at Program.&lt;Main&gt;(String[] args)&#xD;
   at System.RuntimeMethodHandle.InvokeMethod(Object target, Void** arguments, Signature sig, Boolean isConstructor)&#xD;
   at System.Reflection.MethodBaseInvoker.InvokeDirectByRefWithFewArgs(Object obj, Span`1 copyOfArgs, BindingFlags invokeAttr)&#xD;
--- End of stack trace from previous location ---&#xD;
   at Microsoft.Extensions.Hosting.HostFactoryResolver.HostingListener.CreateHost()&#xD;
   at Microsoft.Extensions.Hosting.HostFactoryResolver.&lt;&gt;c__DisplayClass10_0.&lt;ResolveHostFactory&gt;b__0(String[] args)&#xD;
   at Microsoft.AspNetCore.Mvc.Testing.DeferredHostBuilder.Build()&#xD;
   at Microsoft.AspNetCore.Mvc.Testing.WebApplicationFactory`1.CreateHost(IHostBuilder builder)&#xD;
   at Microsoft.AspNetCore.Mvc.Testing.WebApplicationFactory`1.ConfigureHostBuilder(IHostBuilder hostBuilder)&#xD;
   at Microsoft.AspNetCore.Mvc.Testing.WebApplicationFactory`1.EnsureServer()&#xD;
   at Microsoft.AspNetCore.Mvc.Testing.WebApplicationFactory`1.CreateDefaultClient(DelegatingHandler[] handlers)&#xD;
   at Microsoft.AspNetCore.Mvc.Testing.WebApplicationFactory`1.CreateDefaultClient(Uri baseAddress, DelegatingHandler[] handlers)&#xD;
   at Microsoft.AspNetCore.Mvc.Testing.WebApplicationFactory`1.CreateClient(WebApplicationFactoryClientOptions options)&#xD;
   at Microsoft.AspNetCore.Mvc.Testing.WebApplicationFactory`1.CreateClient()&#xD;
   at TicketFlow.IntegrationTests.Controllers.EventsControllerTests..ctor(TestWebApplicationFactory factory) in D:\CSharpProjects\TicketFlow\tests\TicketFlow.IntegrationTests\Controllers\EventsControllerTests.cs:line 15&#xD;
   at System.RuntimeMethodHandle.InvokeMethod(Object target, Void** arguments, Signature sig, Boolean isConstructor)&#xD;
   at System.Reflection.MethodBaseInvoker.InvokeDirectByRefWithFewArgs(Object obj, Span`1 copyOfArgs, BindingFlags invokeAttr)&#xD;
----- Inner Stack Trace #1 (System.InvalidOperationException) -----&#xD;
   at Microsoft.Extensions.DependencyInjection.ServiceProvider.ValidateService(ServiceDescriptor descriptor)&#xD;
   at Microsoft.Extensions.DependencyInjection.ServiceProvider..ctor(ICollection`1 serviceDescriptors, ServiceProviderOptions options)&#xD;
----- Inner Stack Trace -----&#xD;
   at Microsoft.Extensions.DependencyInjection.ServiceLookup.CallSiteValidator.VisitScopeCache(ServiceCallSite scopedCallSite, CallSiteValidatorState state)&#xD;
   at Microsoft.Extensions.DependencyInjection.ServiceLookup.CallSiteVisitor`2.VisitCallSite(ServiceCallSite callSite, TArgument argument)&#xD;
   at Microsoft.Extensions.DependencyInjection.ServiceLookup.CallSiteValidator.VisitConstructor(ConstructorCallSite constructorCallSite, CallSiteValidatorState state)&#xD;
   at Microsoft.Extensions.DependencyInjection.ServiceLookup.CallSiteVisitor`2.VisitCallSite(ServiceCallSite callSite, TArgument argument)&#xD;
   at Microsoft.Extensions.DependencyInjection.ServiceLookup.CallSiteValidator.ValidateCallSite(ServiceCallSite callSite)&#xD;
   at Microsoft.Extensions.DependencyInjection.ServiceProvider.ValidateService(ServiceDescriptor descriptor)&#xD;
----- Inner Stack Trace #2 (System.InvalidOperationException) -----&#xD;
   at Microsoft.Extensions.DependencyInjection.ServiceProvider.ValidateService(ServiceDescriptor descriptor)&#xD;
   at Microsoft.Extensions.DependencyInjection.ServiceProvider..ctor(ICollection`1 serviceDescriptors, ServiceProviderOptions options)&#xD;
----- Inner Stack Trace -----&#xD;
   at Microsoft.Extensions.DependencyInjection.ServiceLookup.CallSiteValidator.VisitScopeCache(ServiceCallSite scopedCallSite, CallSiteValidatorState state)&#xD;
   at Microsoft.Extensions.DependencyInjection.ServiceLookup.CallSiteVisitor`2.VisitCallSite(ServiceCallSite callSite, TArgument argument)&#xD;
   at Microsoft.Extensions.DependencyInjection.ServiceLookup.CallSiteValidator.VisitConstructor(ConstructorCallSite constructorCallSite, CallSiteValidatorState state)&#xD;
   at Microsoft.Extensions.DependencyInjection.ServiceLookup.CallSiteVisitor`2.VisitCallSite(ServiceCallSite callSite, TArgument argument)&#xD;
   at Microsoft.Extensions.DependencyInjection.ServiceLookup.CallSiteValidator.VisitConstructor(ConstructorCallSite constructorCallSite, CallSiteValidatorState state)&#xD;
   at Microsoft.Extensions.DependencyInjection.ServiceLookup.CallSiteValidator.VisitScopeCache(ServiceCallSite scopedCallSite, CallSiteValidatorState state)&#xD;
   at Microsoft.Extensions.DependencyInjection.ServiceLookup.CallSiteVisitor`2.VisitCallSite(ServiceCallSite callSite, TArgument argument)&#xD;
   at Microsoft.Extensions.DependencyInjection.ServiceLookup.CallSiteValidator.ValidateCallSite(ServiceCallSite callSite)&#xD;
   at Microsoft.Extensions.DependencyInjection.ServiceProvider.ValidateService(ServiceDescriptor descriptor)</StackTrace>
        </ErrorInfo>
      </Output>
    </UnitTestResult>
    <UnitTestResult executionId="15af679c-580f-4406-a42a-26620b6634cc" testId="0f13353f-b769-af51-5dc6-2e37980bb3cb" testName="TicketFlow.IntegrationTests.Concurrency.ConcurrencyApiTests.PostOrder_QuandoMultiplosPedidosParaMesmoTicket_ApenasUmDeveSerConfirmado" computerName="RAFAEL-VIKTOR" duration="00:00:00.0010000" startTime="2026-03-28T22:49:44.3754904-03:00" endTime="2026-03-28T22:49:44.3754906-03:00" testType="13cdc9d9-ddb5-4fa4-a97d-d965ccfc6d4b" outcome="Failed" testListId="8c84fa94-04c1-424b-9868-57a2d4851a1d" relativeResultsDirectory="15af679c-580f-4406-a42a-26620b6634cc">
      <Output>
        <ErrorInfo>
          <Message>System.AggregateException : Some services are not able to be constructed (Error while validating the service descriptor 'ServiceType: Microsoft.EntityFrameworkCore.Internal.IDbContextPool`1[TicketFlow.Infrastructure.Persistence.AppDbContext] Lifetime: Singleton ImplementationType: Microsoft.EntityFrameworkCore.Internal.DbContextPool`1[TicketFlow.Infrastructure.Persistence.AppDbContext]': Cannot consume scoped service 'Microsoft.EntityFrameworkCore.DbContextOptions`1[TicketFlow.Infrastructure.Persistence.AppDbContext]' from singleton 'Microsoft.EntityFrameworkCore.Internal.IDbContextPool`1[TicketFlow.Infrastructure.Persistence.AppDbContext]'.) (Error while validating the service descriptor 'ServiceType: Microsoft.EntityFrameworkCore.Internal.IScopedDbContextLease`1[TicketFlow.Infrastructure.Persistence.AppDbContext] Lifetime: Scoped ImplementationType: Microsoft.EntityFrameworkCore.Internal.ScopedDbContextLease`1[TicketFlow.Infrastructure.Persistence.AppDbContext]': Cannot consume scoped service 'Microsoft.EntityFrameworkCore.DbContextOptions`1[TicketFlow.Infrastructure.Persistence.AppDbContext]' from singleton 'Microsoft.EntityFrameworkCore.Internal.IDbContextPool`1[TicketFlow.Infrastructure.Persistence.AppDbContext]'.)&#xD;
---- System.InvalidOperationException : Error while validating the service descriptor 'ServiceType: Microsoft.EntityFrameworkCore.Internal.IDbContextPool`1[TicketFlow.Infrastructure.Persistence.AppDbContext] Lifetime: Singleton ImplementationType: Microsoft.EntityFrameworkCore.Internal.DbContextPool`1[TicketFlow.Infrastructure.Persistence.AppDbContext]': Cannot consume scoped service 'Microsoft.EntityFrameworkCore.DbContextOptions`1[TicketFlow.Infrastructure.Persistence.AppDbContext]' from singleton 'Microsoft.EntityFrameworkCore.Internal.IDbContextPool`1[TicketFlow.Infrastructure.Persistence.AppDbContext]'.&#xD;
-------- System.InvalidOperationException : Cannot consume scoped service 'Microsoft.EntityFrameworkCore.DbContextOptions`1[TicketFlow.Infrastructure.Persistence.AppDbContext]' from singleton 'Microsoft.EntityFrameworkCore.Internal.IDbContextPool`1[TicketFlow.Infrastructure.Persistence.AppDbContext]'.&#xD;
---- System.InvalidOperationException : Error while validating the service descriptor 'ServiceType: Microsoft.EntityFrameworkCore.Internal.IScopedDbContextLease`1[TicketFlow.Infrastructure.Persistence.AppDbContext] Lifetime: Scoped ImplementationType: Microsoft.EntityFrameworkCore.Internal.ScopedDbContextLease`1[TicketFlow.Infrastructure.Persistence.AppDbContext]': Cannot consume scoped service 'Microsoft.EntityFrameworkCore.DbContextOptions`1[TicketFlow.Infrastructure.Persistence.AppDbContext]' from singleton 'Microsoft.EntityFrameworkCore.Internal.IDbContextPool`1[TicketFlow.Infrastructure.Persistence.AppDbContext]'.&#xD;
-------- System.InvalidOperationException : Cannot consume scoped service 'Microsoft.EntityFrameworkCore.DbContextOptions`1[TicketFlow.Infrastructure.Persistence.AppDbContext]' from singleton 'Microsoft.EntityFrameworkCore.Internal.IDbContextPool`1[TicketFlow.Infrastructure.Persistence.AppDbContext]'.</Message>
          <StackTrace>   at Microsoft.Extensions.DependencyInjection.ServiceProvider..ctor(ICollection`1 serviceDescriptors, ServiceProviderOptions options)&#xD;
   at Microsoft.Extensions.DependencyInjection.ServiceCollectionContainerBuilderExtensions.BuildServiceProvider(IServiceCollection services, ServiceProviderOptions options)&#xD;
   at Microsoft.Extensions.Hosting.HostApplicationBuilder.Build()&#xD;
   at Microsoft.AspNetCore.Builder.WebApplicationBuilder.Build()&#xD;
   at Program.&lt;Main&gt;$(String[] args) in D:\CSharpProjects\TicketFlow\src\TicketFlow.API\Program.cs:line 49&#xD;
   at Program.&lt;Main&gt;(String[] args)&#xD;
   at InvokeStub_Program.&lt;Main&gt;(Object, Span`1)&#xD;
   at System.Reflection.MethodBaseInvoker.InvokeWithOneArg(Object obj, BindingFlags invokeAttr, Binder binder, Object[] parameters, CultureInfo culture)&#xD;
--- End of stack trace from previous location ---&#xD;
   at Microsoft.Extensions.Hosting.HostFactoryResolver.HostingListener.CreateHost()&#xD;
   at Microsoft.Extensions.Hosting.HostFactoryResolver.&lt;&gt;c__DisplayClass10_0.&lt;ResolveHostFactory&gt;b__0(String[] args)&#xD;
   at Microsoft.AspNetCore.Mvc.Testing.DeferredHostBuilder.Build()&#xD;
   at Microsoft.AspNetCore.Mvc.Testing.WebApplicationFactory`1.CreateHost(IHostBuilder builder)&#xD;
   at Microsoft.AspNetCore.Mvc.Testing.WebApplicationFactory`1.ConfigureHostBuilder(IHostBuilder hostBuilder)&#xD;
   at Microsoft.AspNetCore.Mvc.Testing.WebApplicationFactory`1.EnsureServer()&#xD;
   at Microsoft.AspNetCore.Mvc.Testing.WebApplicationFactory`1.CreateDefaultClient(DelegatingHandler[] handlers)&#xD;
   at Microsoft.AspNetCore.Mvc.Testing.WebApplicationFactory`1.CreateDefaultClient(Uri baseAddress, DelegatingHandler[] handlers)&#xD;
   at Microsoft.AspNetCore.Mvc.Testing.WebApplicationFactory`1.CreateClient(WebApplicationFactoryClientOptions options)&#xD;
   at Microsoft.AspNetCore.Mvc.Testing.WebApplicationFactory`1.CreateClient()&#xD;
   at TicketFlow.IntegrationTests.Concurrency.ConcurrencyApiTests..ctor(CustomWebApplicationFactory factory) in D:\CSharpProjects\TicketFlow\tests\TicketFlow.IntegrationTests\Concurrency\ConcurrencyApiTests.cs:line 24&#xD;
   at System.RuntimeMethodHandle.InvokeMethod(Object target, Void** arguments, Signature sig, Boolean isConstructor)&#xD;
   at System.Reflection.MethodBaseInvoker.InvokeDirectByRefWithFewArgs(Object obj, Span`1 copyOfArgs, BindingFlags invokeAttr)&#xD;
----- Inner Stack Trace #1 (System.InvalidOperationException) -----&#xD;
   at Microsoft.Extensions.DependencyInjection.ServiceProvider.ValidateService(ServiceDescriptor descriptor)&#xD;
   at Microsoft.Extensions.DependencyInjection.ServiceProvider..ctor(ICollection`1 serviceDescriptors, ServiceProviderOptions options)&#xD;
----- Inner Stack Trace -----&#xD;
   at Microsoft.Extensions.DependencyInjection.ServiceLookup.CallSiteValidator.VisitScopeCache(ServiceCallSite scopedCallSite, CallSiteValidatorState state)&#xD;
   at Microsoft.Extensions.DependencyInjection.ServiceLookup.CallSiteVisitor`2.VisitCallSite(ServiceCallSite callSite, TArgument argument)&#xD;
   at Microsoft.Extensions.DependencyInjection.ServiceLookup.CallSiteValidator.VisitConstructor(ConstructorCallSite constructorCallSite, CallSiteValidatorState state)&#xD;
   at Microsoft.Extensions.DependencyInjection.ServiceLookup.CallSiteVisitor`2.VisitCallSite(ServiceCallSite callSite, TArgument argument)&#xD;
   at Microsoft.Extensions.DependencyInjection.ServiceLookup.CallSiteValidator.ValidateCallSite(ServiceCallSite callSite)&#xD;
   at Microsoft.Extensions.DependencyInjection.ServiceProvider.ValidateService(ServiceDescriptor descriptor)&#xD;
----- Inner Stack Trace #2 (System.InvalidOperationException) -----&#xD;
   at Microsoft.Extensions.DependencyInjection.ServiceProvider.ValidateService(ServiceDescriptor descriptor)&#xD;
   at Microsoft.Extensions.DependencyInjection.ServiceProvider..ctor(ICollection`1 serviceDescriptors, ServiceProviderOptions options)&#xD;
----- Inner Stack Trace -----&#xD;
   at Microsoft.Extensions.DependencyInjection.ServiceLookup.CallSiteValidator.VisitScopeCache(ServiceCallSite scopedCallSite, CallSiteValidatorState state)&#xD;
   at Microsoft.Extensions.DependencyInjection.ServiceLookup.CallSiteVisitor`2.VisitCallSite(ServiceCallSite callSite, TArgument argument)&#xD;
   at Microsoft.Extensions.DependencyInjection.ServiceLookup.CallSiteValidator.VisitConstructor(ConstructorCallSite constructorCallSite, CallSiteValidatorState state)&#xD;
   at Microsoft.Extensions.DependencyInjection.ServiceLookup.CallSiteVisitor`2.VisitCallSite(ServiceCallSite callSite, TArgument argument)&#xD;
   at Microsoft.Extensions.DependencyInjection.ServiceLookup.CallSiteValidator.VisitConstructor(ConstructorCallSite constructorCallSite, CallSiteValidatorState state)&#xD;
   at Microsoft.Extensions.DependencyInjection.ServiceLookup.CallSiteValidator.VisitScopeCache(ServiceCallSite scopedCallSite, CallSiteValidatorState state)&#xD;
   at Microsoft.Extensions.DependencyInjection.ServiceLookup.CallSiteVisitor`2.VisitCallSite(ServiceCallSite callSite, TArgument argument)&#xD;
   at Microsoft.Extensions.DependencyInjection.ServiceLookup.CallSiteValidator.ValidateCallSite(ServiceCallSite callSite)&#xD;
   at Microsoft.Extensions.DependencyInjection.ServiceProvider.ValidateService(ServiceDescriptor descriptor)</StackTrace>
        </ErrorInfo>
      </Output>
    </UnitTestResult>
    <UnitTestResult executionId="a7e4959e-ccc3-4a49-8541-7e62f3ed933e" testId="4bc442f3-fff8-70bb-a392-8adc897bf415" testName="TicketFlow.IntegrationTests.Controllers.OrdersControllerTests.Create_DevePublicarMensagemNaFila" computerName="RAFAEL-VIKTOR" duration="00:00:00.0010000" startTime="2026-03-28T22:49:44.3704997-03:00" endTime="2026-03-28T22:49:44.3705135-03:00" testType="13cdc9d9-ddb5-4fa4-a97d-d965ccfc6d4b" outcome="Failed" testListId="8c84fa94-04c1-424b-9868-57a2d4851a1d" relativeResultsDirectory="a7e4959e-ccc3-4a49-8541-7e62f3ed933e">
      <Output>
        <ErrorInfo>
          <Message>System.AggregateException : Some services are not able to be constructed (Error while validating the service descriptor 'ServiceType: Microsoft.EntityFrameworkCore.Internal.IDbContextPool`1[TicketFlow.Infrastructure.Persistence.AppDbContext] Lifetime: Singleton ImplementationType: Microsoft.EntityFrameworkCore.Internal.DbContextPool`1[TicketFlow.Infrastructure.Persistence.AppDbContext]': Cannot consume scoped service 'Microsoft.EntityFrameworkCore.DbContextOptions`1[TicketFlow.Infrastructure.Persistence.AppDbContext]' from singleton 'Microsoft.EntityFrameworkCore.Internal.IDbContextPool`1[TicketFlow.Infrastructure.Persistence.AppDbContext]'.) (Error while validating the service descriptor 'ServiceType: Microsoft.EntityFrameworkCore.Internal.IScopedDbContextLease`1[TicketFlow.Infrastructure.Persistence.AppDbContext] Lifetime: Scoped ImplementationType: Microsoft.EntityFrameworkCore.Internal.ScopedDbContextLease`1[TicketFlow.Infrastructure.Persistence.AppDbContext]': Cannot consume scoped service 'Microsoft.EntityFrameworkCore.DbContextOptions`1[TicketFlow.Infrastructure.Persistence.AppDbContext]' from singleton 'Microsoft.EntityFrameworkCore.Internal.IDbContextPool`1[TicketFlow.Infrastructure.Persistence.AppDbContext]'.)&#xD;
---- System.InvalidOperationException : Error while validating the service descriptor 'ServiceType: Microsoft.EntityFrameworkCore.Internal.IDbContextPool`1[TicketFlow.Infrastructure.Persistence.AppDbContext] Lifetime: Singleton ImplementationType: Microsoft.EntityFrameworkCore.Internal.DbContextPool`1[TicketFlow.Infrastructure.Persistence.AppDbContext]': Cannot consume scoped service 'Microsoft.EntityFrameworkCore.DbContextOptions`1[TicketFlow.Infrastructure.Persistence.AppDbContext]' from singleton 'Microsoft.EntityFrameworkCore.Internal.IDbContextPool`1[TicketFlow.Infrastructure.Persistence.AppDbContext]'.&#xD;
-------- System.InvalidOperationException : Cannot consume scoped service 'Microsoft.EntityFrameworkCore.DbContextOptions`1[TicketFlow.Infrastructure.Persistence.AppDbContext]' from singleton 'Microsoft.EntityFrameworkCore.Internal.IDbContextPool`1[TicketFlow.Infrastructure.Persistence.AppDbContext]'.&#xD;
---- System.InvalidOperationException : Error while validating the service descriptor 'ServiceType: Microsoft.EntityFrameworkCore.Internal.IScopedDbContextLease`1[TicketFlow.Infrastructure.Persistence.AppDbContext] Lifetime: Scoped ImplementationType: Microsoft.EntityFrameworkCore.Internal.ScopedDbContextLease`1[TicketFlow.Infrastructure.Persistence.AppDbContext]': Cannot consume scoped service 'Microsoft.EntityFrameworkCore.DbContextOptions`1[TicketFlow.Infrastructure.Persistence.AppDbContext]' from singleton 'Microsoft.EntityFrameworkCore.Internal.IDbContextPool`1[TicketFlow.Infrastructure.Persistence.AppDbContext]'.&#xD;
-------- System.InvalidOperationException : Cannot consume scoped service 'Microsoft.EntityFrameworkCore.DbContextOptions`1[TicketFlow.Infrastructure.Persistence.AppDbContext]' from singleton 'Microsoft.EntityFrameworkCore.Internal.IDbContextPool`1[TicketFlow.Infrastructure.Persistence.AppDbContext]'.</Message>
          <StackTrace>   at Microsoft.Extensions.DependencyInjection.ServiceProvider..ctor(ICollection`1 serviceDescriptors, ServiceProviderOptions options)&#xD;
   at Microsoft.Extensions.DependencyInjection.ServiceCollectionContainerBuilderExtensions.BuildServiceProvider(IServiceCollection services, ServiceProviderOptions options)&#xD;
   at Microsoft.Extensions.Hosting.HostApplicationBuilder.Build()&#xD;
   at Microsoft.AspNetCore.Builder.WebApplicationBuilder.Build()&#xD;
   at Program.&lt;Main&gt;$(String[] args) in D:\CSharpProjects\TicketFlow\src\TicketFlow.API\Program.cs:line 49&#xD;
   at Program.&lt;Main&gt;(String[] args)&#xD;
   at InvokeStub_Program.&lt;Main&gt;(Object, Span`1)&#xD;
   at System.Reflection.MethodBaseInvoker.InvokeWithOneArg(Object obj, BindingFlags invokeAttr, Binder binder, Object[] parameters, CultureInfo culture)&#xD;
--- End of stack trace from previous location ---&#xD;
   at Microsoft.Extensions.Hosting.HostFactoryResolver.HostingListener.CreateHost()&#xD;
   at Microsoft.Extensions.Hosting.HostFactoryResolver.&lt;&gt;c__DisplayClass10_0.&lt;ResolveHostFactory&gt;b__0(String[] args)&#xD;
   at Microsoft.AspNetCore.Mvc.Testing.DeferredHostBuilder.Build()&#xD;
   at Microsoft.AspNetCore.Mvc.Testing.WebApplicationFactory`1.CreateHost(IHostBuilder builder)&#xD;
   at Microsoft.AspNetCore.Mvc.Testing.WebApplicationFactory`1.ConfigureHostBuilder(IHostBuilder hostBuilder)&#xD;
   at Microsoft.AspNetCore.Mvc.Testing.WebApplicationFactory`1.EnsureServer()&#xD;
   at Microsoft.AspNetCore.Mvc.Testing.WebApplicationFactory`1.CreateDefaultClient(DelegatingHandler[] handlers)&#xD;
   at Microsoft.AspNetCore.Mvc.Testing.WebApplicationFactory`1.CreateDefaultClient(Uri baseAddress, DelegatingHandler[] handlers)&#xD;
   at Microsoft.AspNetCore.Mvc.Testing.WebApplicationFactory`1.CreateClient(WebApplicationFactoryClientOptions options)&#xD;
   at Microsoft.AspNetCore.Mvc.Testing.WebApplicationFactory`1.CreateClient()&#xD;
   at TicketFlow.IntegrationTests.Controllers.OrdersControllerTests..ctor(TestWebApplicationFactory factory) in D:\CSharpProjects\TicketFlow\tests\TicketFlow.IntegrationTests\Controllers\OrdersControllerTests.cs:line 22&#xD;
[...]
[xUnit.net 00:00:02.30]            at Microsoft.Extensions.Hosting.HostApplicationBuilder.Build()&#xD;
[xUnit.net 00:00:02.30]            at Microsoft.AspNetCore.Builder.WebApplicationBuilder.Build()&#xD;
[xUnit.net 00:00:02.30]         D:\CSharpProjects\TicketFlow\src\TicketFlow.API\Program.cs(49,0): at Program.&lt;Main&gt;$(String[] args)&#xD;
[xUnit.net 00:00:02.30]            at Program.&lt;Main&gt;(String[] args)&#xD;
[xUnit.net 00:00:02.30]            at InvokeStub_Program.&lt;Main&gt;(Object, Span`1)&#xD;
[xUnit.net 00:00:02.30]            at System.Reflection.MethodBaseInvoker.InvokeWithOneArg(Object obj, BindingFlags invokeAttr, Binder binder, Object[] parameters, CultureInfo culture)&#xD;
[xUnit.net 00:00:02.30]         --- End of stack trace from previous location ---&#xD;
[xUnit.net 00:00:02.30]            at Microsoft.Extensions.Hosting.HostFactoryResolver.HostingListener.CreateHost()&#xD;
[xUnit.net 00:00:02.30]            at Microsoft.Extensions.Hosting.HostFactoryResolver.&lt;&gt;c__DisplayClass10_0.&lt;ResolveHostFactory&gt;b__0(String[] args)&#xD;
[xUnit.net 00:00:02.30]            at Microsoft.AspNetCore.Mvc.Testing.DeferredHostBuilder.Build()&#xD;
[xUnit.net 00:00:02.30]            at Microsoft.AspNetCore.Mvc.Testing.WebApplicationFactory`1.CreateHost(IHostBuilder builder)&#xD;
[xUnit.net 00:00:02.30]            at Microsoft.AspNetCore.Mvc.Testing.WebApplicationFactory`1.ConfigureHostBuilder(IHostBuilder hostBuilder)&#xD;
[xUnit.net 00:00:02.30]            at Microsoft.AspNetCore.Mvc.Testing.WebApplicationFactory`1.EnsureServer()&#xD;
[xUnit.net 00:00:02.30]            at Microsoft.AspNetCore.Mvc.Testing.WebApplicationFactory`1.CreateDefaultClient(DelegatingHandler[] handlers)&#xD;
[xUnit.net 00:00:02.30]            at Microsoft.AspNetCore.Mvc.Testing.WebApplicationFactory`1.CreateDefaultClient(Uri baseAddress, DelegatingHandler[] handlers)&#xD;
[xUnit.net 00:00:02.30]            at Microsoft.AspNetCore.Mvc.Testing.WebApplicationFactory`1.CreateClient(WebApplicationFactoryClientOptions options)&#xD;
[xUnit.net 00:00:02.30]            at Microsoft.AspNetCore.Mvc.Testing.WebApplicationFactory`1.CreateClient()&#xD;
[xUnit.net 00:00:02.30]         D:\CSharpProjects\TicketFlow\tests\TicketFlow.IntegrationTests\Controllers\OrdersControllerTests.cs(22,0): at TicketFlow.IntegrationTests.Controllers.OrdersControllerTests..ctor(TestWebApplicationFactory factory)&#xD;
[xUnit.net 00:00:02.30]            at InvokeStub_OrdersControllerTests..ctor(Object, Span`1)&#xD;
[xUnit.net 00:00:02.30]            at System.Reflection.MethodBaseInvoker.InvokeWithOneArg(Object obj, BindingFlags invokeAttr, Binder binder, Object[] parameters, CultureInfo culture)&#xD;
[xUnit.net 00:00:02.30]         ----- Inner Stack Trace #1 (System.InvalidOperationException) -----&#xD;
[xUnit.net 00:00:02.30]            at Microsoft.Extensions.DependencyInjection.ServiceProvider.ValidateService(ServiceDescriptor descriptor)&#xD;
[xUnit.net 00:00:02.30]            at Microsoft.Extensions.DependencyInjection.ServiceProvider..ctor(ICollection`1 serviceDescriptors, ServiceProviderOptions options)&#xD;
[xUnit.net 00:00:02.30]         ----- Inner Stack Trace -----&#xD;
[xUnit.net 00:00:02.30]            at Microsoft.Extensions.DependencyInjection.ServiceLookup.CallSiteValidator.VisitScopeCache(ServiceCallSite scopedCallSite, CallSiteValidatorState state)&#xD;
[xUnit.net 00:00:02.30]            at Microsoft.Extensions.DependencyInjection.ServiceLookup.CallSiteVisitor`2.VisitCallSite(ServiceCallSite callSite, TArgument argument)&#xD;
[xUnit.net 00:00:02.30]            at Microsoft.Extensions.DependencyInjection.ServiceLookup.CallSiteValidator.VisitConstructor(ConstructorCallSite constructorCallSite, CallSiteValidatorState state)&#xD;
[xUnit.net 00:00:02.30]            at Microsoft.Extensions.DependencyInjection.ServiceLookup.CallSiteVisitor`2.VisitCallSite(ServiceCallSite callSite, TArgument argument)&#xD;
[xUnit.net 00:00:02.30]            at Microsoft.Extensions.DependencyInjection.ServiceLookup.CallSiteValidator.ValidateCallSite(ServiceCallSite callSite)&#xD;
[xUnit.net 00:00:02.30]            at Microsoft.Extensions.DependencyInjection.ServiceProvider.ValidateService(ServiceDescriptor descriptor)&#xD;
[xUnit.net 00:00:02.30]         ----- Inner Stack Trace #2 (System.InvalidOperationException) -----&#xD;
[xUnit.net 00:00:02.30]            at Microsoft.Extensions.DependencyInjection.ServiceProvider.ValidateService(ServiceDescriptor descriptor)&#xD;
[xUnit.net 00:00:02.30]            at Microsoft.Extensions.DependencyInjection.ServiceProvider..ctor(ICollection`1 serviceDescriptors, ServiceProviderOptions options)&#xD;
[xUnit.net 00:00:02.30]         ----- Inner Stack Trace -----&#xD;
[xUnit.net 00:00:02.30]            at Microsoft.Extensions.DependencyInjection.ServiceLookup.CallSiteValidator.VisitScopeCache(ServiceCallSite scopedCallSite, CallSiteValidatorState state)&#xD;
[xUnit.net 00:00:02.30]            at Microsoft.Extensions.DependencyInjection.ServiceLookup.CallSiteVisitor`2.VisitCallSite(ServiceCallSite callSite, TArgument argument)&#xD;
[xUnit.net 00:00:02.30]            at Microsoft.Extensions.DependencyInjection.ServiceLookup.CallSiteValidator.VisitConstructor(ConstructorCallSite constructorCallSite, CallSiteValidatorState state)&#xD;
[xUnit.net 00:00:02.30]            at Microsoft.Extensions.DependencyInjection.ServiceLookup.CallSiteVisitor`2.VisitCallSite(ServiceCallSite callSite, TArgument argument)&#xD;
[xUnit.net 00:00:02.30]            at Microsoft.Extensions.DependencyInjection.ServiceLookup.CallSiteValidator.VisitConstructor(ConstructorCallSite constructorCallSite, CallSiteValidatorState state)&#xD;
[xUnit.net 00:00:02.30]            at Microsoft.Extensions.DependencyInjection.ServiceLookup.CallSiteValidator.VisitScopeCache(ServiceCallSite scopedCallSite, CallSiteValidatorState state)&#xD;
[xUnit.net 00:00:02.30]            at Microsoft.Extensions.DependencyInjection.ServiceLookup.CallSiteVisitor`2.VisitCallSite(ServiceCallSite callSite, TArgument argument)&#xD;
[xUnit.net 00:00:02.30]            at Microsoft.Extensions.DependencyInjection.ServiceLookup.CallSiteValidator.ValidateCallSite(ServiceCallSite callSite)&#xD;
[xUnit.net 00:00:02.30]            at Microsoft.Extensions.DependencyInjection.ServiceProvider.ValidateService(ServiceDescriptor descriptor)&#xD;
[xUnit.net 00:00:02.31]       System.AggregateException : Some services are not able to be constructed (Error while validating the service descriptor 'ServiceType: Microsoft.EntityFrameworkCore.Internal.IDbContextPool`1[TicketFlow.Infrastructure.Persistence.AppDbContext] Lifetime: Singleton ImplementationType: Microsoft.EntityFrameworkCore.Internal.DbContextPool`1[TicketFlow.Infrastructure.Persistence.AppDbContext]': Cannot consume scoped service 'Microsoft.EntityFrameworkCore.DbContextOptions`1[TicketFlow.Infrastructure.Persistence.AppDbContext]' from singleton 'Microsoft.EntityFrameworkCore.Internal.IDbContextPool`1[TicketFlow.Infrastructure.Persistence.AppDbContext]'.) (Error while validating the service descriptor 'ServiceType: Microsoft.EntityFrameworkCore.Internal.IScopedDbContextLease`1[TicketFlow.Infrastructure.Persistence.AppDbContext] Lifetime: Scoped ImplementationType: Microsoft.EntityFrameworkCore.Internal.ScopedDbContextLease`1[TicketFlow.Infrastructure.Persistence.AppDbContext]': Cannot consume scoped service 'Microsoft.EntityFrameworkCore.DbContextOptions`1[TicketFlow.Infrastructure.Persistence.AppDbContext]' from singleton 'Microsoft.EntityFrameworkCore.Internal.IDbContextPool`1[TicketFlow.Infrastructure.Persistence.AppDbContext]'.)&#xD;
[xUnit.net 00:00:02.31]       ---- System.InvalidOperationException : Error while validating the service descriptor 'ServiceType: Microsoft.EntityFrameworkCore.Internal.IDbContextPool`1[TicketFlow.Infrastructure.Persistence.AppDbContext] Lifetime: Singleton ImplementationType: Microsoft.EntityFrameworkCore.Internal.DbContextPool`1[TicketFlow.Infrastructure.Persistence.AppDbContext]': Cannot consume scoped service 'Microsoft.EntityFrameworkCore.DbContextOptions`1[TicketFlow.Infrastructure.Persistence.AppDbContext]' from singleton 'Microsoft.EntityFrameworkCore.Internal.IDbContextPool`1[TicketFlow.Infrastructure.Persistence.AppDbContext]'.&#xD;
[xUnit.net 00:00:02.31]       -------- System.InvalidOperationException : Cannot consume scoped service 'Microsoft.EntityFrameworkCore.DbContextOptions`1[TicketFlow.Infrastructure.Persistence.AppDbContext]' from singleton 'Microsoft.EntityFrameworkCore.Internal.IDbContextPool`1[TicketFlow.Infrastructure.Persistence.AppDbContext]'.&#xD;
[xUnit.net 00:00:02.31]       ---- System.InvalidOperationException : Error while validating the service descriptor 'ServiceType: Microsoft.EntityFrameworkCore.Internal.IScopedDbContextLease`1[TicketFlow.Infrastructure.Persistence.AppDbContext] Lifetime: Scoped ImplementationType: Microsoft.EntityFrameworkCore.Internal.ScopedDbContextLease`1[TicketFlow.Infrastructure.Persistence.AppDbContext]': Cannot consume scoped service 'Microsoft.EntityFrameworkCore.DbContextOptions`1[TicketFlow.Infrastructure.Persistence.AppDbContext]' from singleton 'Microsoft.EntityFrameworkCore.Internal.IDbContextPool`1[TicketFlow.Infrastructure.Persistence.AppDbContext]'.&#xD;
[xUnit.net 00:00:02.31]       -------- System.InvalidOperationException : Cannot consume scoped service 'Microsoft.EntityFrameworkCore.DbContextOptions`1[TicketFlow.Infrastructure.Persistence.AppDbContext]' from singleton 'Microsoft.EntityFrameworkCore.Internal.IDbContextPool`1[TicketFlow.Infrastructure.Persistence.AppDbContext]'.&#xD;
[xUnit.net 00:00:02.31]       Stack Trace:&#xD;
[xUnit.net 00:00:02.31]            at Microsoft.Extensions.DependencyInjection.ServiceProvider..ctor(ICollection`1 serviceDescriptors, ServiceProviderOptions options)&#xD;
[xUnit.net 00:00:02.31]            at Microsoft.Extensions.DependencyInjection.ServiceCollectionContainerBuilderExtensions.BuildServiceProvider(IServiceCollection services, ServiceProviderOptions options)&#xD;
[xUnit.net 00:00:02.31]            at Microsoft.Extensions.Hosting.HostApplicationBuilder.Build()&#xD;
[xUnit.net 00:00:02.31]            at Microsoft.AspNetCore.Builder.WebApplicationBuilder.Build()&#xD;
[xUnit.net 00:00:02.31]         D:\CSharpProjects\TicketFlow\src\TicketFlow.API\Program.cs(49,0): at Program.&lt;Main&gt;$(String[] args)&#xD;
[xUnit.net 00:00:02.31]            at Program.&lt;Main&gt;(String[] args)&#xD;
[xUnit.net 00:00:02.31]            at InvokeStub_Program.&lt;Main&gt;(Object, Span`1)&#xD;
[xUnit.net 00:00:02.31]            at System.Reflection.MethodBaseInvoker.InvokeWithOneArg(Object obj, BindingFlags invokeAttr, Binder binder, Object[] parameters, CultureInfo culture)&#xD;
[xUnit.net 00:00:02.31]         --- End of stack trace from previous location ---&#xD;
[xUnit.net 00:00:02.31]            at Microsoft.Extensions.Hosting.HostFactoryResolver.HostingListener.CreateHost()&#xD;
[xUnit.net 00:00:02.31]            at Microsoft.Extensions.Hosting.HostFactoryResolver.&lt;&gt;c__DisplayClass10_0.&lt;ResolveHostFactory&gt;b__0(String[] args)&#xD;
[xUnit.net 00:00:02.31]            at Microsoft.AspNetCore.Mvc.Testing.DeferredHostBuilder.Build()&#xD;
[xUnit.net 00:00:02.31]            at Microsoft.AspNetCore.Mvc.Testing.WebApplicationFactory`1.CreateHost(IHostBuilder builder)&#xD;
[xUnit.net 00:00:02.31]            at Microsoft.AspNetCore.Mvc.Testing.WebApplicationFactory`1.ConfigureHostBuilder(IHostBuilder hostBuilder)&#xD;
[xUnit.net 00:00:02.31]            at Microsoft.AspNetCore.Mvc.Testing.WebApplicationFactory`1.EnsureServer()&#xD;
[xUnit.net 00:00:02.31]            at Microsoft.AspNetCore.Mvc.Testing.WebApplicationFactory`1.CreateDefaultClient(DelegatingHandler[] handlers)&#xD;
[xUnit.net 00:00:02.31]            at Microsoft.AspNetCore.Mvc.Testing.WebApplicationFactory`1.CreateDefaultClient(Uri baseAddress, DelegatingHandler[] handlers)&#xD;
[xUnit.net 00:00:02.31]            at Microsoft.AspNetCore.Mvc.Testing.WebApplicationFactory`1.CreateClient(WebApplicationFactoryClientOptions options)&#xD;
[xUnit.net 00:00:02.31]            at Microsoft.AspNetCore.Mvc.Testing.WebApplicationFactory`1.CreateClient()&#xD;
[xUnit.net 00:00:02.31]         D:\CSharpProjects\TicketFlow\tests\TicketFlow.IntegrationTests\Controllers\OrdersControllerTests.cs(22,0): at TicketFlow.IntegrationTests.Controllers.OrdersControllerTests..ctor(TestWebApplicationFactory factory)&#xD;
[xUnit.net 00:00:02.31]            at InvokeStub_OrdersControllerTests..ctor(Object, Span`1)&#xD;
[xUnit.net 00:00:02.31]            at System.Reflection.MethodBaseInvoker.InvokeWithOneArg(Object obj, BindingFlags invokeAttr, Binder binder, Object[] parameters, CultureInfo culture)&#xD;
[xUnit.net 00:00:02.31]         ----- Inner Stack Trace #1 (System.InvalidOperationException) -----&#xD;
[xUnit.net 00:00:02.31]            at Microsoft.Extensions.DependencyInjection.ServiceProvider.ValidateService(ServiceDescriptor descriptor)&#xD;
[xUnit.net 00:00:02.31]            at Microsoft.Extensions.DependencyInjection.ServiceProvider..ctor(ICollection`1 serviceDescriptors, ServiceProviderOptions options)&#xD;
[xUnit.net 00:00:02.31]         ----- Inner Stack Trace -----&#xD;
[xUnit.net 00:00:02.31]            at Microsoft.Extensions.DependencyInjection.ServiceLookup.CallSiteValidator.VisitScopeCache(ServiceCallSite scopedCallSite, CallSiteValidatorState state)&#xD;
[xUnit.net 00:00:02.31]            at Microsoft.Extensions.DependencyInjection.ServiceLookup.CallSiteVisitor`2.VisitCallSite(ServiceCallSite callSite, TArgument argument)&#xD;
[xUnit.net 00:00:02.31]            at Microsoft.Extensions.DependencyInjection.ServiceLookup.CallSiteValidator.VisitConstructor(ConstructorCallSite constructorCallSite, CallSiteValidatorState state)&#xD;
[xUnit.net 00:00:02.31]            at Microsoft.Extensions.DependencyInjection.ServiceLookup.CallSiteVisitor`2.VisitCallSite(ServiceCallSite callSite, TArgument argument)&#xD;
[xUnit.net 00:00:02.31]            at Microsoft.Extensions.DependencyInjection.ServiceLookup.CallSiteValidator.ValidateCallSite(ServiceCallSite callSite)&#xD;
[xUnit.net 00:00:02.31]            at Microsoft.Extensions.DependencyInjection.ServiceProvider.ValidateService(ServiceDescriptor descriptor)&#xD;
[xUnit.net 00:00:02.31]         ----- Inner Stack Trace #2 (System.InvalidOperationException) -----&#xD;
[xUnit.net 00:00:02.31]            at Microsoft.Extensions.DependencyInjection.ServiceProvider.ValidateService(ServiceDescriptor descriptor)&#xD;
[xUnit.net 00:00:02.31]            at Microsoft.Extensions.DependencyInjection.ServiceProvider..ctor(ICollection`1 serviceDescriptors, ServiceProviderOptions options)&#xD;
[xUnit.net 00:00:02.31]         ----- Inner Stack Trace -----&#xD;
[xUnit.net 00:00:02.31]            at Microsoft.Extensions.DependencyInjection.ServiceLookup.CallSiteValidator.VisitScopeCache(ServiceCallSite scopedCallSite, CallSiteValidatorState state)&#xD;
[xUnit.net 00:00:02.31]            at Microsoft.Extensions.DependencyInjection.ServiceLookup.CallSiteVisitor`2.VisitCallSite(ServiceCallSite callSite, TArgument argument)&#xD;
[xUnit.net 00:00:02.31]            at Microsoft.Extensions.DependencyInjection.ServiceLookup.CallSiteValidator.VisitConstructor(ConstructorCallSite constructorCallSite, CallSiteValidatorState state)&#xD;
[xUnit.net 00:00:02.31]            at Microsoft.Extensions.DependencyInjection.ServiceLookup.CallSiteVisitor`2.VisitCallSite(ServiceCallSite callSite, TArgument argument)&#xD;
[xUnit.net 00:00:02.31]            at Microsoft.Extensions.DependencyInjection.ServiceLookup.CallSiteValidator.VisitConstructor(ConstructorCallSite constructorCallSite, CallSiteValidatorState state)&#xD;
[xUnit.net 00:00:02.31]            at Microsoft.Extensions.DependencyInjection.ServiceLookup.CallSiteValidator.VisitScopeCache(ServiceCallSite scopedCallSite, CallSiteValidatorState state)&#xD;
[xUnit.net 00:00:02.31]            at Microsoft.Extensions.DependencyInjection.ServiceLookup.CallSiteVisitor`2.VisitCallSite(ServiceCallSite callSite, TArgument argument)&#xD;
[xUnit.net 00:00:02.31]            at Microsoft.Extensions.DependencyInjection.ServiceLookup.CallSiteValidator.ValidateCallSite(ServiceCallSite callSite)&#xD;
[xUnit.net 00:00:02.31]            at Microsoft.Extensions.DependencyInjection.ServiceProvider.ValidateService(ServiceDescriptor descriptor)&#xD;
[xUnit.net 00:00:02.31]   Finished:    TicketFlow.IntegrationTests&#xD;
</StdOut>
    </Output>
    <RunInfos>
      <RunInfo computerName="RAFAEL-VIKTOR" outcome="Error" timestamp="2026-03-28T22:49:44.3662672-03:00">
        <Text>[xUnit.net 00:00:02.16]     TicketFlow.IntegrationTests.Controllers.OrdersControllerTests.Create_DevePublicarMensagemNaFila [FAIL]</Text>
      </RunInfo>
      <RunInfo computerName="RAFAEL-VIKTOR" outcome="Error" timestamp="2026-03-28T22:49:44.3727471-03:00">
        <Text>[xUnit.net 00:00:02.17]     TicketFlow.IntegrationTests.Concurrency.ConcurrencyApiTests.PostOrder_QuandoMultiplosPedidosParaMesmoTicket_ApenasUmDeveSerConfirmado [FAIL]</Text>
      </RunInfo>
      <RunInfo computerName="RAFAEL-VIKTOR" outcome="Error" timestamp="2026-03-28T22:49:44.3763079-03:00">
        <Text>[xUnit.net 00:00:02.17]     TicketFlow.IntegrationTests.Controllers.EventsControllerTests.GetAll_QuandoNaoHaEventos_DeveRetornarListaVazia [FAIL]</Text>
      </RunInfo>
      <RunInfo computerName="RAFAEL-VIKTOR" outcome="Error" timestamp="2026-03-28T22:49:44.4271310-03:00">
        <Text>[xUnit.net 00:00:02.22]     TicketFlow.IntegrationTests.Controllers.EventsControllerTests.GetById_QuandoEventoNaoExiste_DeveRetornar404 [FAIL]</Text>
      </RunInfo>
      <RunInfo computerName="RAFAEL-VIKTOR" outcome="Error" timestamp="2026-03-28T22:49:44.4303587-03:00">
        <Text>[xUnit.net 00:00:02.23]     TicketFlow.IntegrationTests.Controllers.OrdersControllerTests.GetById_ComPedidoExistente_DeveRetornar200 [FAIL]</Text>
      </RunInfo>
      <RunInfo computerName="RAFAEL-VIKTOR" outcome="Error" timestamp="2026-03-28T22:49:44.4530031-03:00">
        <Text>[xUnit.net 00:00:02.25]     TicketFlow.IntegrationTests.Controllers.OrdersControllerTests.GetById_ComPedidoInexistente_DeveRetornar404 [FAIL]</Text>
      </RunInfo>
      <RunInfo computerName="RAFAEL-VIKTOR" outcome="Error" timestamp="2026-03-28T22:49:44.4550451-03:00">
        <Text>[xUnit.net 00:00:02.25]     TicketFlow.IntegrationTests.Controllers.EventsControllerTests.Create_ComDadosValidos_DeveRetornar201EEventoCriado [FAIL]</Text>
      </RunInfo>
      <RunInfo computerName="RAFAEL-VIKTOR" outcome="Error" timestamp="2026-03-28T22:49:44.4839261-03:00">
        <Text>[xUnit.net 00:00:02.28]     TicketFlow.IntegrationTests.Controllers.OrdersControllerTests.Create_ComTicketInexistente_DeveRetornar404 [FAIL]</Text>
      </RunInfo>
      <RunInfo computerName="RAFAEL-VIKTOR" outcome="Error" timestamp="2026-03-28T22:49:44.5574605-03:00">
        <Text>[xUnit.net 00:00:02.30]     TicketFlow.IntegrationTests.Controllers.EventsControllerTests.GetTickets_AposCriarEvento_DeveRetornarTicketsGerados [FAIL]</Text>
      </RunInfo>
      <RunInfo computerName="RAFAEL-VIKTOR" outcome="Error" timestamp="2026-03-28T22:49:44.5579300-03:00">
        <Text>[xUnit.net 00:00:02.30]     TicketFlow.IntegrationTests.Controllers.OrdersControllerTests.Create_ComDadosValidos_DeveRetornar202EPedidoPending [FAIL]</Text>
      </RunInfo>
      <RunInfo computerName="RAFAEL-VIKTOR" outcome="Error" timestamp="2026-03-28T22:49:44.5585414-03:00">
        <Text>[xUnit.net 00:00:02.31]     TicketFlow.IntegrationTests.Controllers.OrdersControllerTests.Create_ComMesmaChaveIdempotencia_DeveRetornarMesmoPedido [FAIL]</Text>
      </RunInfo>
    </RunInfos>
  </ResultSummary>
</TestRun>