<?xml version="1.0" encoding="utf-8"?>
<TestRun id="628f2ded-a999-4d30-aae6-b915bc099190" name="Rafael Viktor@RAFAEL-VIKTOR 2026-03-28 22:50:53" runUser="RAFAEL-VIKTOR\Rafael Viktor" xmlns="http://microsoft.com/schemas/VisualStudio/TeamTest/2010">
  <Times creation="2026-03-28T22:50:53.1312011-03:00" queuing="2026-03-28T22:50:53.1312014-03:00" start="2026-03-28T22:50:51.8600616-03:00" finish="2026-03-28T22:50:53.1982109-03:00" />
  <TestSettings name="default" id="56af213d-088d-4b1d-a56f-87af7683bb3b">
    <Deployment runDeploymentRoot="Rafael_Viktor_RAFAEL-VIKTOR_2026-03-28_22_50_53" />
  </TestSettings>
  <Results>
    <UnitTestResult executionId="3a2c5ca5-b8ef-4681-957d-b6865eb61ae9" testId="91f20598-d419-becc-7be2-14e9260ca923" testName="TicketFlow.IntegrationTests.Controllers.OrdersControllerTests.Create_ComTicketInexistente_DeveRetornar404" computerName="RAFAEL-VIKTOR" duration="00:00:00.0010000" startTime="2026-03-28T22:50:53.0532993-03:00" endTime="2026-03-28T22:50:53.0532996-03:00" testType="13cdc9d9-ddb5-4fa4-a97d-d965ccfc6d4b" outcome="Failed" testListId="8c84fa94-04c1-424b-9868-57a2d4851a1d" relativeResultsDirectory="3a2c5ca5-b8ef-4681-957d-b6865eb61ae9">
      <Output>
        <ErrorInfo>
          <Message>System.AggregateException : Some services are not able to be constructed (Error while validating the service descriptor 'ServiceType: Microsoft.EntityFrameworkCore.Internal.IDbContextPool`1[TicketFlow.Infrastructure.Persistence.AppDbContext] Lifetime: Singleton ImplementationType: Microsoft.EntityFrameworkCore.Internal.DbContextPool`1[TicketFlow.Infrastructure.Persistence.AppDbContext]': Cannot consume scoped service 'Microsoft.EntityFrameworkCore.DbContextOptions`1[TicketFlow.Infrastructure.Persistence.AppDbContext]' from singleton 'Microsoft.EntityFrameworkCore.Internal.IDbContextPool`1[TicketFlow.Infrastructure.Persistence.AppDbContext]'.) (Error while validating the service descriptor 'ServiceType: Microsoft.EntityFrameworkCore.Internal.IScopedDbContextLease`1[TicketFlow.Infrastructure.Persistence.AppDbContext] Lifetime: Scoped ImplementationType: Microsoft.EntityFrameworkCore.Internal.ScopedDbContextLease`1[TicketFlow.Infrastructure.Persistence.AppDbContext]': Cannot consume scoped service 'Microsoft.EntityFrameworkCore.DbContextOptions`1[TicketFlow.Infrastructure.Persistence.AppDbContext]' from singleton 'Microsoft.EntityFrameworkCore.Internal.IDbContextPool`1[TicketFlow.Infrastructure.Persistence.AppDbContext]'.)&#xD;
---- System.InvalidOperationException : Error while validating the service descriptor 'ServiceType: Microsoft.EntityFrameworkCore.Internal.IDbContextPool`1[TicketFlow.Infrastructure.Persistence.AppDbContext] Lifetime: Singleton ImplementationType: Microsoft.EntityFrameworkCore.Internal.DbContextPool`1[TicketFlow.Infrastructure.Persistence.AppDbContext]': Cannot consume scoped service 'Microsoft.EntityFrameworkCore.DbContextOptions`1[TicketFlow.Infrastructure.Persistence.AppDbContext]' from singleton 'Microsoft.EntityFrameworkCore.Internal.IDbContextPool`1[TicketFlow.Infrastructure.Persistence.AppDbContext]'.&#xD;
-------- System.InvalidOperationException : Cannot consume scoped service 'Microsoft.EntityFrameworkCore.DbContextOptions`1[TicketFlow.Infrastructure.Persistence.AppDbContext]' from singleton 'Microsoft.EntityFrameworkCore.Internal.IDbContextPool`1[TicketFlow.Infrastructure.Persistence.AppDbContext]'.&#xD;
---- System.InvalidOperationException : Error while validating the service descriptor 'ServiceType: Microsoft.EntityFrameworkCore.Internal.IScopedDbContextLease`1[TicketFlow.Infrastructure.Persistence.AppDbContext] Lifetime: Scoped ImplementationType: Microsoft.EntityFrameworkCore.Internal.ScopedDbContextLease`1[TicketFlow.Infrastructure.Persistence.AppDbContext]': Cannot consume scoped service 'Microsoft.EntityFrameworkCore.DbContextOptions`1[TicketFlow.Infrastructure.Persistence.AppDbContext]' from singleton 'Microsoft.EntityFrameworkCore.Internal.IDbContextPool`1[TicketFlow.Infrastructure.Persistence.AppDbContext]'.&#xD;
-------- System.InvalidOperationException : Cannot consume scoped service 'Microsoft.EntityFrameworkCore.DbContextOptions`1[TicketFlow.Infrastructure.Persistence.AppDbContext]' from singleton 'Microsoft.EntityFrameworkCore.Internal.IDbContextPool`1[TicketFlow.Infrastructure.Persistence.AppDbContext]'.</Message>
          <StackTrace>   at Microsoft.Extensions.DependencyInjection.ServiceProvider..ctor(ICollection`1 serviceDescriptors, ServiceProviderOptions options)&#xD;
   at Microsoft.Extensions.DependencyInjection.ServiceCollectionContainerBuilderExtensions.BuildServiceProvider(IServiceCollection services, ServiceProviderOptions options)&#xD;
   at Microsoft.Extensions.Hosting.HostApplicationBuilder.Build()&#xD;
   at Microsoft.AspNetCore.Builder.WebApplicationBuilder.Build()&#xD;
   at Program.&lt;Main&gt;$(String[] args) in D:\CSharpProjects\TicketFlow\src\TicketFlow.API\Program.cs:line 49&#xD;
   at Program.&lt;Main&gt;(String[] args)&#xD;
   at InvokeStub_Program.&lt;Main&gt;(Object, Span`1)&#xD;
   at System.Reflection.MethodBaseInvoker.InvokeWithOneArg(Object obj, BindingFlags invokeAttr, Binder binder, Object[] parameters, CultureInfo culture)&#xD;
--- End of stack trace from previous location ---&#xD;
   at Microsoft.Extensions.Hosting.HostFactoryResolver.HostingListener.CreateHost()&#xD;
   at Microsoft.Extensions.Hosting.HostFactoryResolver.&lt;&gt;c__DisplayClass10_0.&lt;ResolveHostFactory&gt;b__0(String[] args)&#xD;
   at Microsoft.AspNetCore.Mvc.Testing.DeferredHostBuilder.Build()&#xD;
   at Microsoft.AspNetCore.Mvc.Testing.WebApplicationFactory`1.CreateHost(IHostBuilder builder)&#xD;
   at Microsoft.AspNetCore.Mvc.Testing.WebApplicationFactory`1.ConfigureHostBuilder(IHostBuilder hostBuilder)&#xD;
   at Microsoft.AspNetCore.Mvc.Testing.WebApplicationFactory`1.EnsureServer()&#xD;
   at Microsoft.AspNetCore.Mvc.Testing.WebApplicationFactory`1.CreateDefaultClient(DelegatingHandler[] handlers)&#xD;
   at Microsoft.AspNetCore.Mvc.Testing.WebApplicationFactory`1.CreateDefaultClient(Uri baseAddress, DelegatingHandler[] handlers)&#xD;
   at Microsoft.AspNetCore.Mvc.Testing.WebApplicationFactory`1.CreateClient(WebApplicationFactoryClientOptions options)&#xD;
   at Microsoft.AspNetCore.Mvc.Testing.WebApplicationFactory`1.CreateClient()&#xD;
   at TicketFlow.IntegrationTests.Controllers.OrdersControllerTests..ctor(TestWebApplicationFactory factory) in D:\CSharpProjects\TicketFlow\tests\TicketFlow.IntegrationTests\Controllers\OrdersControllerTests.cs:line 22&#xD;
   at InvokeStub_OrdersControllerTests..ctor(Object, Span`1)&#xD;
   at System.Reflection.MethodBaseInvoker.InvokeWithOneArg(Object obj, BindingFlags invokeAttr, Binder binder, Object[] parameters, CultureInfo culture)&#xD;
----- Inner Stack Trace #1 (System.InvalidOperationException) -----&#xD;
   at Microsoft.Extensions.DependencyInjection.ServiceProvider.ValidateService(ServiceDescriptor descriptor)&#xD;
   at Microsoft.Extensions.DependencyInjection.ServiceProvider..ctor(ICollection`1 serviceDescriptors, ServiceProviderOptions options)&#xD;
----- Inner Stack Trace -----&#xD;
   at Microsoft.Extensions.DependencyInjection.ServiceLookup.CallSiteValidator.VisitScopeCache(ServiceCallSite scopedCallSite, CallSiteValidatorState state)&#xD;
   at Microsoft.Extensions.DependencyInjection.ServiceLookup.CallSiteVisitor`2.VisitCallSite(ServiceCallSite callSite, TArgument argument)&#xD;
   at Microsoft.Extensions.DependencyInjection.ServiceLookup.CallSiteValidator.VisitConstructor(ConstructorCallSite constructorCallSite, CallSiteValidatorState state)&#xD;
   at Microsoft.Extensions.DependencyInjection.ServiceLookup.CallSiteVisitor`2.VisitCallSite(ServiceCallSite callSite, TArgument argument)&#xD;
   at Microsoft.Extensions.DependencyInjection.ServiceLookup.CallSiteValidator.ValidateCallSite(ServiceCallSite callSite)&#xD;
   at Microsoft.Extensions.DependencyInjection.ServiceProvider.ValidateService(ServiceDescriptor descriptor)&#xD;
----- Inner Stack Trace #2 (System.InvalidOperationException) -----&#xD;
   at Microsoft.Extensions.DependencyInjection.ServiceProvider.ValidateService(ServiceDescriptor descriptor)&#xD;
   at Microsoft.Extensions.DependencyInjection.ServiceProvider..ctor(ICollection`1 serviceDescriptors, ServiceProviderOptions options)&#xD;
----- Inner Stack Trace -----&#xD;
   at Microsoft.Extensions.DependencyInjection.ServiceLookup.CallSiteValidator.VisitScopeCache(ServiceCallSite scopedCallSite, CallSiteValidatorState state)&#xD;
   at Microsoft.Extensions.DependencyInjection.ServiceLookup.CallSiteVisitor`2.VisitCallSite(ServiceCallSite callSite, TArgument argument)&#xD;
   at Microsoft.Extensions.DependencyInjection.ServiceLookup.CallSiteValidator.VisitConstructor(ConstructorCallSite constructorCallSite, CallSiteValidatorState state)&#xD;
   at Microsoft.Extensions.DependencyInjection.ServiceLookup.CallSiteVisitor`2.VisitCallSite(ServiceCallSite callSite, TArgument argument)&#xD;
   at Microsoft.Extensions.DependencyInjection.ServiceLookup.CallSiteValidator.VisitConstructor(ConstructorCallSite constructorCallSite, CallSiteValidatorState state)&#xD;
   at Microsoft.Extensions.DependencyInjection.ServiceLookup.CallSiteValidator.VisitScopeCache(ServiceCallSite scopedCallSite, CallSiteValidatorState state)&#xD;
   at Microsoft.Extensions.DependencyInjection.ServiceLookup.CallSiteVisitor`2.VisitCallSite(ServiceCallSite callSite, TArgument argument)&#xD;
   at Microsoft.Extensions.DependencyInjection.ServiceLookup.CallSiteValidator.ValidateCallSite(ServiceCallSite callSite)&#xD;
   at Microsoft.Extensions.DependencyInjection.ServiceProvider.ValidateService(ServiceDescriptor descriptor)</StackTrace>
        </ErrorInfo>
      </Output>
    </UnitTestResult>
    <UnitTestResult executionId="380ec800-608e-4ee4-aef9-9db387ac6f08" testId="39604065-c7c9-87fe-9dfe-414843df40b5" testName="TicketFlow.IntegrationTests.Controllers.OrdersControllerTests.Create_ComMesmaChaveIdempotencia_DeveRetornarMesmoPedido" computerName="RAFAEL-VIKTOR" duration="00:00:00.0010000" startTime="2026-03-28T22:50:53.1044116-03:00" endTime="2026-03-28T22:50:53.1044117-03:00" testType="13cdc9d9-ddb5-4fa4-a97d-d965ccfc6d4b" outcome="Failed" testListId="8c84fa94-04c1-424b-9868-57a2d4851a1d" relativeResultsDirectory="380ec800-608e-4ee4-aef9-9db387ac6f08">
      <Output>
        <ErrorInfo>
          <Message>System.AggregateException : Some services are not able to be constructed (Error while validating the service descriptor 'ServiceType: Microsoft.EntityFrameworkCore.Internal.IDbContextPool`1[TicketFlow.Infrastructure.Persistence.AppDbContext] Lifetime: Singleton ImplementationType: Microsoft.EntityFrameworkCore.Internal.DbContextPool`1[TicketFlow.Infrastructure.Persistence.AppDbContext]': Cannot consume scoped service 'Microsoft.EntityFrameworkCore.DbContextOptions`1[TicketFlow.Infrastructure.Persistence.AppDbContext]' from singleton 'Microsoft.EntityFrameworkCore.Internal.IDbContextPool`1[TicketFlow.Infrastructure.Persistence.AppDbContext]'.) (Error while validating the service descriptor 'ServiceType: Microsoft.EntityFrameworkCore.Internal.IScopedDbContextLease`1[TicketFlow.Infrastructure.Persistence.AppDbContext] Lifetime: Scoped ImplementationType: Microsoft.EntityFrameworkCore.Internal.ScopedDbContextLease`1[TicketFlow.Infrastructure.Persistence.AppDbContext]': Cannot consume scoped service 'Microsoft.EntityFrameworkCore.DbContextOptions`1[TicketFlow.Infrastructure.Persistence.AppDbContext]' from singleton 'Microsoft.EntityFrameworkCore.Internal.IDbContextPool`1[TicketFlow.Infrastructure.Persistence.AppDbContext]'.)&#xD;
---- System.InvalidOperationException : Error while validating the service descriptor 'ServiceType: Microsoft.EntityFrameworkCore.Internal.IDbContextPool`1[TicketFlow.Infrastructure.Persistence.AppDbContext] Lifetime: Singleton ImplementationType: Microsoft.EntityFrameworkCore.Internal.DbContextPool`1[TicketFlow.Infrastructure.Persistence.AppDbContext]': Cannot consume scoped service 'Microsoft.EntityFrameworkCore.DbContextOptions`1[TicketFlow.Infrastructure.Persistence.AppDbContext]' from singleton 'Microsoft.EntityFrameworkCore.Internal.IDbContextPool`1[TicketFlow.Infrastructure.Persistence.AppDbContext]'.&#xD;
-------- System.InvalidOperationException : Cannot consume scoped service 'Microsoft.EntityFrameworkCore.DbContextOptions`1[TicketFlow.Infrastructure.Persistence.AppDbContext]' from singleton 'Microsoft.EntityFrameworkCore.Internal.IDbContextPool`1[TicketFlow.Infrastructure.Persistence.AppDbContext]'.&#xD;
---- System.InvalidOperationException : Error while validating the service descriptor 'ServiceType: Microsoft.EntityFrameworkCore.Internal.IScopedDbContextLease`1[TicketFlow.Infrastructure.Persistence.AppDbContext] Lifetime: Scoped ImplementationType: Microsoft.EntityFrameworkCore.Internal.ScopedDbContextLease`1[TicketFlow.Infrastructure.Persistence.AppDbContext]': Cannot consume scoped service 'Microsoft.EntityFrameworkCore.DbContextOptions`1[TicketFlow.Infrastructure.Persistence.AppDbContext]' from singleton 'Microsoft.EntityFrameworkCore.Internal.IDbContextPool`1[TicketFlow.Infrastructure.Persistence.AppDbContext]'.&#xD;
-------- System.InvalidOperationException : Cannot consume scoped service 'Microsoft.EntityFrameworkCore.DbContextOptions`1[TicketFlow.Infrastructure.Persistence.AppDbContext]' from singleton 'Microsoft.EntityFrameworkCore.Internal.IDbContextPool`1[TicketFlow.Infrastructure.Persistence.AppDbContext]'.</Message>
          <StackTrace>   at Microsoft.Extensions.DependencyInjection.ServiceProvider..ctor(ICollection`1 serviceDescriptors, ServiceProviderOptions options)&#xD;
   at Microsoft.Extensions.DependencyInjection.ServiceCollectionContainerBuilderExtensions.BuildServiceProvider(IServiceCollection services, ServiceProviderOptions options)&#xD;
   at Microsoft.Extensions.Hosting.HostApplicationBuilder.Build()&#xD;
   at Microsoft.AspNetCore.Builder.WebApplicationBuilder.Build()&#xD;
   at Program.&lt;Main&gt;$(String[] args) in D:\CSharpProjects\TicketFlow\src\TicketFlow.API\Program.cs:line 49&#xD;
   at Program.&lt;Main&gt;(String[] args)&#xD;
   at InvokeStub_Program.&lt;Main&gt;(Object, Span`1)&#xD;
   at System.Reflection.MethodBaseInvoker.InvokeWithOneArg(Object obj, BindingFlags invokeAttr, Binder binder, Object[] parameters, CultureInfo culture)&#xD;
--- End of stack trace from previous location ---&#xD;
   at Microsoft.Extensions.Hosting.HostFactoryResolver.HostingListener.CreateHost()&#xD;
   at Microsoft.Extensions.Hosting.HostFactoryResolver.&lt;&gt;c__DisplayClass10_0.&lt;ResolveHostFactory&gt;b__0(String[] args)&#xD;
   at Microsoft.AspNetCore.Mvc.Testing.DeferredHostBuilder.Build()&#xD;
   at Microsoft.AspNetCore.Mvc.Testing.WebApplicationFactory`1.CreateHost(IHostBuilder builder)&#xD;
   at Microsoft.AspNetCore.Mvc.Testing.WebApplicationFactory`1.ConfigureHostBuilder(IHostBuilder hostBuilder)&#xD;
   at Microsoft.AspNetCore.Mvc.Testing.WebApplicationFactory`1.EnsureServer()&#xD;
   at Microsoft.AspNetCore.Mvc.Testing.WebApplicationFactory`1.CreateDefaultClient(DelegatingHandler[] handlers)&#xD;
   at Microsoft.AspNetCore.Mvc.Testing.WebApplicationFactory`1.CreateDefaultClient(Uri baseAddress, DelegatingHandler[] handlers)&#xD;
   at Microsoft.AspNetCore.Mvc.Testing.WebApplicationFactory`1.CreateClient(WebApplicationFactoryClientOptions options)&#xD;
   at Microsoft.AspNetCore.Mvc.Testing.WebApplicationFactory`1.CreateClient()&#xD;
   at TicketFlow.IntegrationTests.Controllers.OrdersControllerTests..ctor(TestWebApplicationFactory factory) in D:\CSharpProjects\TicketFlow\tests\TicketFlow.IntegrationTests\Controllers\OrdersControllerTests.cs:line 22&#xD;
   at InvokeStub_OrdersControllerTests..ctor(Object, Span`1)&#xD;
   at System.Reflection.MethodBaseInvoker.InvokeWithOneArg(Object obj, BindingFlags invokeAttr, Binder binder, Object[] parameters, CultureInfo culture)&#xD;
----- Inner Stack Trace #1 (System.InvalidOperationException) -----&#xD;
   at Microsoft.Extensions.DependencyInjection.ServiceProvider.ValidateService(ServiceDescriptor descriptor)&#xD;
   at Microsoft.Extensions.DependencyInjection.ServiceProvider..ctor(ICollection`1 serviceDescriptors, ServiceProviderOptions options)&#xD;
----- Inner Stack Trace -----&#xD;
   at Microsoft.Extensions.DependencyInjection.ServiceLookup.CallSiteValidator.VisitScopeCache(ServiceCallSite scopedCallSite, CallSiteValidatorState state)&#xD;
   at Microsoft.Extensions.DependencyInjection.ServiceLookup.CallSiteVisitor`2.VisitCallSite(ServiceCallSite callSite, TArgument argument)&#xD;
   at Microsoft.Extensions.DependencyInjection.ServiceLookup.CallSiteValidator.VisitConstructor(ConstructorCallSite constructorCallSite, CallSiteValidatorState state)&#xD;
   at Microsoft.Extensions.DependencyInjection.ServiceLookup.CallSiteVisitor`2.VisitCallSite(ServiceCallSite callSite, TArgument argument)&#xD;
   at Microsoft.Extensions.DependencyInjection.ServiceLookup.CallSiteValidator.ValidateCallSite(ServiceCallSite callSite)&#xD;
   at Microsoft.Extensions.DependencyInjection.ServiceProvider.ValidateService(ServiceDescriptor descriptor)&#xD;
----- Inner Stack Trace #2 (System.InvalidOperationException) -----&#xD;
   at Microsoft.Extensions.DependencyInjection.ServiceProvider.ValidateService(ServiceDescriptor descriptor)&#xD;
   at Microsoft.Extensions.DependencyInjection.ServiceProvider..ctor(ICollection`1 serviceDescriptors, ServiceProviderOptions options)&#xD;
----- Inner Stack Trace -----&#xD;
   at Microsoft.Extensions.DependencyInjection.ServiceLookup.CallSiteValidator.VisitScopeCache(ServiceCallSite scopedCallSite, CallSiteValidatorState state)&#xD;
   at Microsoft.Extensions.DependencyInjection.ServiceLookup.CallSiteVisitor`2.VisitCallSite(ServiceCallSite callSite, TArgument argument)&#xD;
   at Microsoft.Extensions.DependencyInjection.ServiceLookup.CallSiteValidator.VisitConstructor(ConstructorCallSite constructorCallSite, CallSiteValidatorState state)&#xD;
   at Microsoft.Extensions.DependencyInjection.ServiceLookup.CallSiteVisitor`2.VisitCallSite(ServiceCallSite callSite, TArgument argument)&#xD;
   at Microsoft.Extensions.DependencyInjection.ServiceLookup.CallSiteValidator.VisitConstructor(ConstructorCallSite constructorCallSite, CallSiteValidatorState state)&#xD;
   at Microsoft.Extensions.DependencyInjection.ServiceLookup.CallSiteValidator.VisitScopeCache(ServiceCallSite scopedCallSite, CallSiteValidatorState state)&#xD;
   at Microsoft.Extensions.DependencyInjection.ServiceLookup.CallSiteVisitor`2.VisitCallSite(ServiceCallSite callSite, TArgument argument)&#xD;
   at Microsoft.Extensions.DependencyInjection.ServiceLookup.CallSiteValidator.ValidateCallSite(ServiceCallSite callSite)&#xD;
   at Microsoft.Extensions.DependencyInjection.ServiceProvider.ValidateService(ServiceDescriptor descriptor)</StackTrace>
        </ErrorInfo>
      </Output>
    </UnitTestResult>
    <UnitTestResult executionId="cda69d24-cf47-46c7-9f99-484ede32366b" testId="4bc442f3-fff8-70bb-a392-8adc897bf415" testName="TicketFlow.IntegrationTests.Controllers.OrdersControllerTests.Create_DevePublicarMensagemNaFila" computerName="RAFAEL-VIKTOR" duration="00:00:00.0010000" startTime="2026-03-28T22:50:52.9272575-03:00" endTime="2026-03-28T22:50:52.9272578-03:00" testType="13cdc9d9-ddb5-4fa4-a97d-d965ccfc6d4b" outcome="Failed" testListId="8c84fa94-04c1-424b-9868-57a2d4851a1d" relativeResultsDirectory="cda69d24-cf47-46c7-9f99-484ede32366b">
      <Output>
        <ErrorInfo>
          <Message>System.AggregateException : Some services are not able to be constructed (Error while validating the service descriptor 'ServiceType: Microsoft.EntityFrameworkCore.Internal.IDbContextPool`1[TicketFlow.Infrastructure.Persistence.AppDbContext] Lifetime: Singleton ImplementationType: Microsoft.EntityFrameworkCore.Internal.DbContextPool`1[TicketFlow.Infrastructure.Persistence.AppDbContext]': Cannot consume scoped service 'Microsoft.EntityFrameworkCore.DbContextOptions`1[TicketFlow.Infrastructure.Persistence.AppDbContext]' from singleton 'Microsoft.EntityFrameworkCore.Internal.IDbContextPool`1[TicketFlow.Infrastructure.Persistence.AppDbContext]'.) (Error while validating the service descriptor 'ServiceType: Microsoft.EntityFrameworkCore.Internal.IScopedDbContextLease`1[TicketFlow.Infrastructure.Persistence.AppDbContext] Lifetime: Scoped ImplementationType: Microsoft.EntityFrameworkCore.Internal.ScopedDbContextLease`1[TicketFlow.Infrastructure.Persistence.AppDbContext]': Cannot consume scoped service 'Microsoft.EntityFrameworkCore.DbContextOptions`1[TicketFlow.Infrastructure.Persistence.AppDbContext]' from singleton 'Microsoft.EntityFrameworkCore.Internal.IDbContextPool`1[TicketFlow.Infrastructure.Persistence.AppDbContext]'.)&#xD;
---- System.InvalidOperationException : Error while validating the service descriptor 'ServiceType: Microsoft.EntityFrameworkCore.Internal.IDbContextPool`1[TicketFlow.Infrastructure.Persistence.AppDbContext] Lifetime: Singleton ImplementationType: Microsoft.EntityFrameworkCore.Internal.DbContextPool`1[TicketFlow.Infrastructure.Persistence.AppDbContext]': Cannot consume scoped service 'Microsoft.EntityFrameworkCore.DbContextOptions`1[TicketFlow.Infrastructure.Persistence.AppDbContext]' from singleton 'Microsoft.EntityFrameworkCore.Internal.IDbContextPool`1[TicketFlow.Infrastructure.Persistence.AppDbContext]'.&#xD;
-------- System.InvalidOperationException : Cannot consume scoped service 'Microsoft.EntityFrameworkCore.DbContextOptions`1[TicketFlow.Infrastructure.Persistence.AppDbContext]' from singleton 'Microsoft.EntityFrameworkCore.Internal.IDbContextPool`1[TicketFlow.Infrastructure.Persistence.AppDbContext]'.&#xD;
---- System.InvalidOperationException : Error while validating the service descriptor 'ServiceType: Microsoft.EntityFrameworkCore.Internal.IScopedDbContextLease`1[TicketFlow.Infrastructure.Persistence.AppDbContext] Lifetime: Scoped ImplementationType: Microsoft.EntityFrameworkCore.Internal.ScopedDbContextLease`1[TicketFlow.Infrastructure.Persistence.AppDbContext]': Cannot consume scoped service 'Microsoft.EntityFrameworkCore.DbContextOptions`1[TicketFlow.Infrastructure.Persistence.AppDbContext]' from singleton 'Microsoft.EntityFrameworkCore.Internal.IDbContextPool`1[TicketFlow.Infrastructure.Persistence.AppDbContext]'.&#xD;
-------- System.InvalidOperationException : Cannot consume scoped service 'Microsoft.EntityFrameworkCore.DbContextOptions`1[TicketFlow.Infrastructure.Persistence.AppDbContext]' from singleton 'Microsoft.EntityFrameworkCore.Internal.IDbContextPool`1[TicketFlow.Infrastructure.Persistence.AppDbContext]'.</Message>
          <StackTrace>   at Microsoft.Extensions.DependencyInjection.ServiceProvider..ctor(ICollection`1 serviceDescriptors, ServiceProviderOptions options)&#xD;
   at Microsoft.Extensions.DependencyInjection.ServiceCollectionContainerBuilderExtensions.BuildServiceProvider(IServiceCollection services, ServiceProviderOptions options)&#xD;
   at Microsoft.Extensions.Hosting.HostApplicationBuilder.Build()&#xD;
   at Microsoft.AspNetCore.Builder.WebApplicationBuilder.Build()&#xD;
   at Program.&lt;Main&gt;$(String[] args) in D:\CSharpProjects\TicketFlow\src\TicketFlow.API\Program.cs:line 49&#xD;
   at Program.&lt;Main&gt;(String[] args)&#xD;
   at System.RuntimeMethodHandle.InvokeMethod(Object target, Void** arguments, Signature sig, Boolean isConstructor)&#xD;
   at System.Reflection.MethodBaseInvoker.InvokeDirectByRefWithFewArgs(Object obj, Span`1 copyOfArgs, BindingFlags invokeAttr)&#xD;
--- End of stack trace from previous location ---&#xD;
   at Microsoft.Extensions.Hosting.HostFactoryResolver.HostingListener.CreateHost()&#xD;
   at Microsoft.Extensions.Hosting.HostFactoryResolver.&lt;&gt;c__DisplayClass10_0.&lt;ResolveHostFactory&gt;b__0(String[] args)&#xD;
   at Microsoft.AspNetCore.Mvc.Testing.DeferredHostBuilder.Build()&#xD;
   at Microsoft.AspNetCore.Mvc.Testing.WebApplicationFactory`1.CreateHost(IHostBuilder builder)&#xD;
   at Microsoft.AspNetCore.Mvc.Testing.WebApplicationFactory`1.ConfigureHostBuilder(IHostBuilder hostBuilder)&#xD;
   at Microsoft.AspNetCore.Mvc.Testing.WebApplicationFactory`1.EnsureServer()&#xD;
   at Microsoft.AspNetCore.Mvc.Testing.WebApplicationFactory`1.CreateDefaultClient(DelegatingHandler[] handlers)&#xD;
   at Microsoft.AspNetCore.Mvc.Testing.WebApplicationFactory`1.CreateDefaultClient(Uri baseAddress, DelegatingHandler[] handlers)&#xD;
   at Microsoft.AspNetCore.Mvc.Testing.WebApplicationFactory`1.CreateClient(WebApplicationFactoryClientOptions options)&#xD;
   at Microsoft.AspNetCore.Mvc.Testing.WebApplicationFactory`1.CreateClient()&#xD;
   at TicketFlow.IntegrationTests.Controllers.OrdersControllerTests..ctor(TestWebApplicationFactory factory) in D:\CSharpProjects\TicketFlow\tests\TicketFlow.IntegrationTests\Controllers\OrdersControllerTests.cs:line 22&#xD;
   at System.RuntimeMethodHandle.InvokeMethod(Object target, Void** arguments, Signature sig, Boolean isConstructor)&#xD;
   at System.Reflection.MethodBaseInvoker.InvokeDirectByRefWithFewArgs(Object obj, Span`1 copyOfArgs, BindingFlags invokeAttr)&#xD;
----- Inner Stack Trace #1 (System.InvalidOperationException) -----&#xD;
   at Microsoft.Extensions.DependencyInjection.ServiceProvider.ValidateService(ServiceDescriptor descriptor)&#xD;
   at Microsoft.Extensions.DependencyInjection.ServiceProvider..ctor(ICollection`1 serviceDescriptors, ServiceProviderOptions options)&#xD;
----- Inner Stack Trace -----&#xD;
   at Microsoft.Extensions.DependencyInjection.ServiceLookup.CallSiteValidator.VisitScopeCache(ServiceCallSite scopedCallSite, CallSiteValidatorState state)&#xD;
   at Microsoft.Extensions.DependencyInjection.ServiceLookup.CallSiteVisitor`2.VisitCallSite(ServiceCallSite callSite, TArgument argument)&#xD;
   at Microsoft.Extensions.DependencyInjection.ServiceLookup.CallSiteValidator.VisitConstructor(ConstructorCallSite constructorCallSite, CallSiteValidatorState state)&#xD;
   at Microsoft.Extensions.DependencyInjection.ServiceLookup.CallSiteVisitor`2.VisitCallSite(ServiceCallSite callSite, TArgument argument)&#xD;
   at Microsoft.Extensions.DependencyInjection.ServiceLookup.CallSiteValidator.ValidateCallSite(ServiceCallSite callSite)&#xD;
   at Microsoft.Extensions.DependencyInjection.ServiceProvider.ValidateService(ServiceDescriptor descriptor)&#xD;
----- Inner Stack Trace #2 (System.InvalidOperationException) -----&#xD;
   at Microsoft.Extensions.DependencyInjection.ServiceProvider.ValidateService(ServiceDescriptor descriptor)&#xD;
   at Microsoft.Extensions.DependencyInjection.ServiceProvider..ctor(ICollection`1 serviceDescriptors, ServiceProviderOptions options)&#xD;
----- Inner Stack Trace -----&#xD;
   at Microsoft.Extensions.DependencyInjection.ServiceLookup.CallSiteValidator.VisitScopeCache(ServiceCallSite scopedCallSite, CallSiteValidatorState state)&#xD;
   at Microsoft.Extensions.DependencyInjection.ServiceLookup.CallSiteVisitor`2.VisitCallSite(ServiceCallSite callSite, TArgument argument)&#xD;
   at Microsoft.Extensions.DependencyInjection.ServiceLookup.CallSiteValidator.VisitConstructor(ConstructorCallSite constructorCallSite, CallSiteValidatorState state)&#xD;
   at Microsoft.Extensions.DependencyInjection.ServiceLookup.CallSiteVisitor`2.VisitCallSite(ServiceCallSite callSite, TArgument argument)&#xD;
   at Microsoft.Extensions.DependencyInjection.ServiceLookup.CallSiteValidator.VisitConstructor(ConstructorCallSite constructorCallSite, CallSiteValidatorState state)&#xD;
   at Microsoft.Extensions.DependencyInjection.ServiceLookup.CallSiteValidator.VisitScopeCache(ServiceCallSite scopedCallSite, CallSiteValidatorState state)&#xD;
   at Microsoft.Extensions.DependencyInjection.ServiceLookup.CallSiteVisitor`2.VisitCallSite(ServiceCallSite callSite, TArgument argument)&#xD;
   at Microsoft.Extensions.DependencyInjection.ServiceLookup.CallSiteValidator.ValidateCallSite(ServiceCallSite callSite)&#xD;
   at Microsoft.Extensions.DependencyInjection.ServiceProvider.ValidateService(ServiceDescriptor descriptor)</StackTrace>
        </ErrorInfo>
      </Output>
    </UnitTestResult>
    <UnitTestResult executionId="7292ce4f-9bb0-4eee-b987-3472e1819aae" testId="e838a667-666e-d036-b73f-a177d513965b" testName="TicketFlow.IntegrationTests.Controllers.EventsControllerTests.GetById_QuandoEventoNaoExiste_DeveRetornar404" computerName="RAFAEL-VIKTOR" duration="00:00:00.0010000" startTime="2026-03-28T22:50:53.0082278-03:00" endTime="2026-03-28T22:50:53.0082280-03:00" testType="13cdc9d9-ddb5-4fa4-a97d-d965ccfc6d4b" outcome="Failed" testListId="8c84fa94-04c1-424b-9868-57a2d4851a1d" relativeResultsDirectory="7292ce4f-9bb0-4eee-b987-3472e1819aae">
      <Output>
        <ErrorInfo>
          <Message>System.AggregateException : Some services are not able to be constructed (Error while validating the service descriptor 'ServiceType: Microsoft.EntityFrameworkCore.Internal.IDbContextPool`1[TicketFlow.Infrastructure.Persistence.AppDbContext] Lifetime: Singleton ImplementationType: Microsoft.EntityFrameworkCore.Internal.DbContextPool`1[TicketFlow.Infrastructure.Persistence.AppDbContext]': Cannot consume scoped service 'Microsoft.EntityFrameworkCore.DbContextOptions`1[TicketFlow.Infrastructure.Persistence.AppDbContext]' from singleton 'Microsoft.EntityFrameworkCore.Internal.IDbContextPool`1[TicketFlow.Infrastructure.Persistence.AppDbContext]'.) (Error while validating the service descriptor 'ServiceType: Microsoft.EntityFrameworkCore.Internal.IScopedDbContextLease`1[TicketFlow.Infrastructure.Persistence.AppDbContext] Lifetime: Scoped ImplementationType: Microsoft.EntityFrameworkCore.Internal.ScopedDbContextLease`1[TicketFlow.Infrastructure.Persistence.AppDbContext]': Cannot consume scoped service 'Microsoft.EntityFrameworkCore.DbContextOptions`1[TicketFlow.Infrastructure.Persistence.AppDbContext]' from singleton 'Microsoft.EntityFrameworkCore.Internal.IDbContextPool`1[TicketFlow.Infrastructure.Persistence.AppDbContext]'.)&#xD;
---- System.InvalidOperationException : Error while validating the service descriptor 'ServiceType: Microsoft.EntityFrameworkCore.Internal.IDbContextPool`1[TicketFlow.Infrastructure.Persistence.AppDbContext] Lifetime: Singleton ImplementationType: Microsoft.EntityFrameworkCore.Internal.DbContextPool`1[TicketFlow.Infrastructure.Persistence.AppDbContext]': Cannot consume scoped service 'Microsoft.EntityFrameworkCore.DbContextOptions`1[TicketFlow.Infrastructure.Persistence.AppDbContext]' from singleton 'Microsoft.EntityFrameworkCore.Internal.IDbContextPool`1[TicketFlow.Infrastructure.Persistence.AppDbContext]'.&#xD;
-------- System.InvalidOperationException : Cannot consume scoped service 'Microsoft.EntityFrameworkCore.DbContextOptions`1[TicketFlow.Infrastructure.Persistence.AppDbContext]' from singleton 'Microsoft.EntityFrameworkCore.Internal.IDbContextPool`1[TicketFlow.Infrastructure.Persistence.AppDbContext]'.&#xD;
---- System.InvalidOperationException : Error while validating the service descriptor 'ServiceType: Microsoft.EntityFrameworkCore.Internal.IScopedDbContextLease`1[TicketFlow.Infrastructure.Persistence.AppDbContext] Lifetime: Scoped ImplementationType: Microsoft.EntityFrameworkCore.Internal.ScopedDbContextLease`1[TicketFlow.Infrastructure.Persistence.AppDbContext]': Cannot consume scoped service 'Microsoft.EntityFrameworkCore.DbContextOptions`1[TicketFlow.Infrastructure.Persistence.AppDbContext]' from singleton 'Microsoft.EntityFrameworkCore.Internal.IDbContextPool`1[TicketFlow.Infrastructure.Persistence.AppDbContext]'.&#xD;
-------- System.InvalidOperationException : Cannot consume scoped service 'Microsoft.EntityFrameworkCore.DbContextOptions`1[TicketFlow.Infrastructure.Persistence.AppDbContext]' from singleton 'Microsoft.EntityFrameworkCore.Internal.IDbContextPool`1[TicketFlow.Infrastructure.Persistence.AppDbContext]'.</Message>
          <StackTrace>   at Microsoft.Extensions.DependencyInjection.ServiceProvider..ctor(ICollection`1 serviceDescriptors, ServiceProviderOptions options)&#xD;
   at Microsoft.Extensions.DependencyInjection.ServiceCollectionContainerBuilderExtensions.BuildServiceProvider(IServiceCollection services, ServiceProviderOptions options)&#xD;
   at Microsoft.Extensions.Hosting.HostApplicationBuilder.Build()&#xD;
   at Microsoft.AspNetCore.Builder.WebApplicationBuilder.Build()&#xD;
   at Program.&lt;Main&gt;$(String[] args) in D:\CSharpProjects\TicketFlow\src\TicketFlow.API\Program.cs:line 49&#xD;
   at Program.&lt;Main&gt;(String[] args)&#xD;
   at InvokeStub_Program.&lt;Main&gt;(Object, Span`1)&#xD;
   at System.Reflection.MethodBaseInvoker.InvokeWithOneArg(Object obj, BindingFlags invokeAttr, Binder binder, Object[] parameters, CultureInfo culture)&#xD;
--- End of stack trace from previous location ---&#xD;
   at Microsoft.Extensions.Hosting.HostFactoryResolver.HostingListener.CreateHost()&#xD;
   at Microsoft.Extensions.Hosting.HostFactoryResolver.&lt;&gt;c__DisplayClass10_0.&lt;ResolveHostFactory&gt;b__0(String[] args)&#xD;
   at Microsoft.AspNetCore.Mvc.Testing.DeferredHostBuilder.Build()&#xD;
   at Microsoft.AspNetCore.Mvc.Testing.WebApplicationFactory`1.CreateHost(IHostBuilder builder)&#xD;
   at Microsoft.AspNetCore.Mvc.Testing.WebApplicationFactory`1.ConfigureHostBuilder(IHostBuilder hostBuilder)&#xD;
   at Microsoft.AspNetCore.Mvc.Testing.WebApplicationFactory`1.EnsureServer()&#xD;
   at Microsoft.AspNetCore.Mvc.Testing.WebApplicationFactory`1.CreateDefaultClient(DelegatingHandler[] handlers)&#xD;
   at Microsoft.AspNetCore.Mvc.Testing.WebApplicationFactory`1.CreateDefaultClient(Uri baseAddress, DelegatingHandler[] handlers)&#xD;
   at Microsoft.AspNetCore.Mvc.Testing.WebApplicationFactory`1.CreateClient(WebApplicationFactoryClientOptions options)&#xD;
   at Microsoft.AspNetCore.Mvc.Testing.WebApplicationFactory`1.CreateClient()&#xD;
   at TicketFlow.IntegrationTests.Controllers.EventsControllerTests..ctor(TestWebApplicationFactory factory) in D:\CSharpProjects\TicketFlow\tests\TicketFlow.IntegrationTests\Controllers\EventsControllerTests.cs:line 15&#xD;
   at InvokeStub_EventsControllerTests..ctor(Object, Span`1)&#xD;
   at System.Reflection.MethodBaseInvoker.InvokeWithOneArg(Object obj, BindingFlags invokeAttr, Binder binder, Object[] parameters, CultureInfo culture)&#xD;
----- Inner Stack Trace #1 (System.InvalidOperationException) -----&#xD;
   at Microsoft.Extensions.DependencyInjection.ServiceProvider.ValidateService(ServiceDescriptor descriptor)&#xD;
   at Microsoft.Extensions.DependencyInjection.ServiceProvider..ctor(ICollection`1 serviceDescriptors, ServiceProviderOptions options)&#xD;
----- Inner Stack Trace -----&#xD;
   at Microsoft.Extensions.DependencyInjection.ServiceLookup.CallSiteValidator.VisitScopeCache(ServiceCallSite scopedCallSite, CallSiteValidatorState state)&#xD;
   at Microsoft.Extensions.DependencyInjection.ServiceLookup.CallSiteVisitor`2.VisitCallSite(ServiceCallSite callSite, TArgument argument)&#xD;
   at Microsoft.Extensions.DependencyInjection.ServiceLookup.CallSiteValidator.VisitConstructor(ConstructorCallSite constructorCallSite, CallSiteValidatorState state)&#xD;
   at Microsoft.Extensions.DependencyInjection.ServiceLookup.CallSiteVisitor`2.VisitCallSite(ServiceCallSite callSite, TArgument argument)&#xD;
   at Microsoft.Extensions.DependencyInjection.ServiceLookup.CallSiteValidator.ValidateCallSite(ServiceCallSite callSite)&#xD;
   at Microsoft.Extensions.DependencyInjection.ServiceProvider.ValidateService(ServiceDescriptor descriptor)&#xD;
----- Inner Stack Trace #2 (System.InvalidOperationException) -----&#xD;
   at Microsoft.Extensions.DependencyInjection.ServiceProvider.ValidateService(ServiceDescriptor descriptor)&#xD;
   at Microsoft.Extensions.DependencyInjection.ServiceProvider..ctor(ICollection`1 serviceDescriptors, ServiceProviderOptions options)&#xD;
----- Inner Stack Trace -----&#xD;
   at Microsoft.Extensions.DependencyInjection.ServiceLookup.CallSiteValidator.VisitScopeCache(ServiceCallSite scopedCallSite, CallSiteValidatorState state)&#xD;
   at Microsoft.Extensions.DependencyInjection.ServiceLookup.CallSiteVisitor`2.VisitCallSite(ServiceCallSite callSite, TArgument argument)&#xD;
   at Microsoft.Extensions.DependencyInjection.ServiceLookup.CallSiteValidator.VisitConstructor(ConstructorCallSite constructorCallSite, CallSiteValidatorState state)&#xD;
   at Microsoft.Extensions.DependencyInjection.ServiceLookup.CallSiteVisitor`2.VisitCallSite(ServiceCallSite callSite, TArgument argument)&#xD;
   at Microsoft.Extensions.DependencyInjection.ServiceLookup.CallSiteValidator.VisitConstructor(ConstructorCallSite constructorCallSite, CallSiteValidatorState state)&#xD;
   at Microsoft.Extensions.DependencyInjection.ServiceLookup.CallSiteValidator.VisitScopeCache(ServiceCallSite scopedCallSite, CallSiteValidatorState state)&#xD;
   at Microsoft.Extensions.DependencyInjection.ServiceLookup.CallSiteVisitor`2.VisitCallSite(ServiceCallSite callSite, TArgument argument)&#xD;
   at Microsoft.Extensions.DependencyInjection.ServiceLookup.CallSiteValidator.ValidateCallSite(ServiceCallSite callSite)&#xD;
   at Microsoft.Extensions.DependencyInjection.ServiceProvider.ValidateService(ServiceDescriptor descriptor)</StackTrace>
        </ErrorInfo>
      </Output>
    </UnitTestResult>
    <UnitTestResult executionId="a317d4e5-cc0f-4825-b1b1-4cdab0d2a463" testId="e1fe9846-c111-0244-3c5f-08faa0135675" testName="TicketFlow.IntegrationTests.Controllers.EventsControllerTests.Create_ComDadosValidos_DeveRetornar201EEventoCriado" computerName="RAFAEL-VIKTOR" duration="00:00:00.0010000" startTime="2026-03-28T22:50:53.0313844-03:00" endTime="2026-03-28T22:50:53.0313846-03:00" testType="13cdc9d9-ddb5-4fa4-a97d-d965ccfc6d4b" outcome="Failed" testListId="8c84fa94-04c1-424b-9868-57a2d4851a1d" relativeResultsDirectory="a317d4e5-cc0f-4825-b1b1-4cdab0d2a463">
      <Output>
        <ErrorInfo>
          <Message>System.AggregateException : Some services are not able to be constructed (Error while validating the service descriptor 'ServiceType: Microsoft.EntityFrameworkCore.Internal.IDbContextPool`1[TicketFlow.Infrastructure.Persistence.AppDbContext] Lifetime: Singleton ImplementationType: Microsoft.EntityFrameworkCore.Internal.DbContextPool`1[TicketFlow.Infrastructure.Persistence.AppDbContext]': Cannot consume scoped service 'Microsoft.EntityFrameworkCore.DbContextOptions`1[TicketFlow.Infrastructure.Persistence.AppDbContext]' from singleton 'Microsoft.EntityFrameworkCore.Internal.IDbContextPool`1[TicketFlow.Infrastructure.Persistence.AppDbContext]'.) (Error while validating the service descriptor 'ServiceType: Microsoft.EntityFrameworkCore.Internal.IScopedDbContextLease`1[TicketFlow.Infrastructure.Persistence.AppDbContext] Lifetime: Scoped ImplementationType: Microsoft.EntityFrameworkCore.Internal.ScopedDbContextLease`1[TicketFlow.Infrastructure.Persistence.AppDbContext]': Cannot consume scoped service 'Microsoft.EntityFrameworkCore.DbContextOptions`1[TicketFlow.Infrastructure.Persistence.AppDbContext]' from singleton 'Microsoft.EntityFrameworkCore.Internal.IDbContextPool`1[TicketFlow.Infrastructure.Persistence.AppDbContext]'.)&#xD;
---- System.InvalidOperationException : Error while validating the service descriptor 'ServiceType: Microsoft.EntityFrameworkCore.Internal.IDbContextPool`1[TicketFlow.Infrastructure.Persistence.AppDbContext] Lifetime: Singleton ImplementationType: Microsoft.EntityFrameworkCore.Internal.DbContextPool`1[TicketFlow.Infrastructure.Persistence.AppDbContext]': Cannot consume scoped service 'Microsoft.EntityFrameworkCore.DbContextOptions`1[TicketFlow.Infrastructure.Persistence.AppDbContext]' from singleton 'Microsoft.EntityFrameworkCore.Internal.IDbContextPool`1[TicketFlow.Infrastructure.Persistence.AppDbContext]'.&#xD;
-------- System.InvalidOperationException : Cannot consume scoped service 'Microsoft.EntityFrameworkCore.DbContextOptions`1[TicketFlow.Infrastructure.Persistence.AppDbContext]' from singleton 'Microsoft.EntityFrameworkCore.Internal.IDbContextPool`1[TicketFlow.Infrastructure.Persistence.AppDbContext]'.&#xD;
---- System.InvalidOperationException : Error while validating the service descriptor 'ServiceType: Microsoft.EntityFrameworkCore.Internal.IScopedDbContextLease`1[TicketFlow.Infrastructure.Persistence.AppDbContext] Lifetime: Scoped ImplementationType: Microsoft.EntityFrameworkCore.Internal.ScopedDbContextLease`1[TicketFlow.Infrastructure.Persistence.AppDbContext]': Cannot consume scoped service 'Microsoft.EntityFrameworkCore.DbContextOptions`1[TicketFlow.Infrastructure.Persistence.AppDbContext]' from singleton 'Microsoft.EntityFrameworkCore.Internal.IDbContextPool`1[TicketFlow.Infrastructure.Persistence.AppDbContext]'.&#xD;
-------- System.InvalidOperationException : Cannot consume scoped service 'Microsoft.EntityFrameworkCore.DbContextOptions`1[TicketFlow.Infrastructure.Persistence.AppDbContext]' from singleton 'Microsoft.EntityFrameworkCore.Internal.IDbContextPool`1[TicketFlow.Infrastructure.Persistence.AppDbContext]'.</Message>
          <StackTrace>   at Microsoft.Extensions.DependencyInjection.ServiceProvider..ctor(ICollection`1 serviceDescriptors, ServiceProviderOptions options)&#xD;
   at Microsoft.Extensions.DependencyInjection.ServiceCollectionContainerBuilderExtensions.BuildServiceProvider(IServiceCollection services, ServiceProviderOptions options)&#xD;
   at Microsoft.Extensions.Hosting.HostApplicationBuilder.Build()&#xD;
   at Microsoft.AspNetCore.Builder.WebApplicationBuilder.Build()&#xD;
   at Program.&lt;Main&gt;$(String[] args) in D:\CSharpProjects\TicketFlow\src\TicketFlow.API\Program.cs:line 49&#xD;
   at Program.&lt;Main&gt;(String[] args)&#xD;
   at InvokeStub_Program.&lt;Main&gt;(Object, Span`1)&#xD;
   at System.Reflection.MethodBaseInvoker.InvokeWithOneArg(Object obj, BindingFlags invokeAttr, Binder binder, Object[] parameters, CultureInfo culture)&#xD;
--- End of stack trace from previous location ---&#xD;
   at Microsoft.Extensions.Hosting.HostFactoryResolver.HostingListener.CreateHost()&#xD;
   at Microsoft.Extensions.Hosting.HostFactoryResolver.&lt;&gt;c__DisplayClass10_0.&lt;ResolveHostFactory&gt;b__0(String[] args)&#xD;
   at Microsoft.AspNetCore.Mvc.Testing.DeferredHostBuilder.Build()&#xD;
   at Microsoft.AspNetCore.Mvc.Testing.WebApplicationFactory`1.CreateHost(IHostBuilder builder)&#xD;
   at Microsoft.AspNetCore.Mvc.Testing.WebApplicationFactory`1.ConfigureHostBuilder(IHostBuilder hostBuilder)&#xD;
   at Microsoft.AspNetCore.Mvc.Testing.WebApplicationFactory`1.EnsureServer()&#xD;
   at Microsoft.AspNetCore.Mvc.Testing.WebApplicationFactory`1.CreateDefaultClient(DelegatingHandler[] handlers)&#xD;
   at Microsoft.AspNetCore.Mvc.Testing.WebApplicationFactory`1.CreateDefaultClient(Uri baseAddress, DelegatingHandler[] handlers)&#xD;
   at Microsoft.AspNetCore.Mvc.Testing.WebApplicationFactory`1.CreateClient(WebApplicationFactoryClientOptions options)&#xD;
   at Microsoft.AspNetCore.Mvc.Testing.WebApplicationFactory`1.CreateClient()&#xD;
   at TicketFlow.IntegrationTests.Controllers.EventsControllerTests..ctor(TestWebApplicationFactory factory) in D:\CSharpProjects\TicketFlow\tests\TicketFlow.IntegrationTests\Controllers\EventsControllerTests.cs:line 15&#xD;
   at InvokeStub_EventsControllerTests..ctor(Object, Span`1)&#xD;
   at System.Reflection.MethodBaseInvoker.InvokeWithOneArg(Object obj, BindingFlags invokeAttr, Binder binder, Object[] parameters, CultureInfo culture)&#xD;
----- Inner Stack Trace #1 (System.InvalidOperationException) -----&#xD;
   at Microsoft.Extensions.DependencyInjection.ServiceProvider.ValidateService(ServiceDescriptor descriptor)&#xD;
   at Microsoft.Extensions.DependencyInjection.ServiceProvider..ctor(ICollection`1 serviceDescriptors, ServiceProviderOptions options)&#xD;
----- Inner Stack Trace -----&#xD;
   at Microsoft.Extensions.DependencyInjection.ServiceLookup.CallSiteValidator.VisitScopeCache(ServiceCallSite scopedCallSite, CallSiteValidatorState state)&#xD;
   at Microsoft.Extensions.DependencyInjection.ServiceLookup.CallSiteVisitor`2.VisitCallSite(ServiceCallSite callSite, TArgument argument)&#xD;
   at Microsoft.Extensions.DependencyInjection.ServiceLookup.CallSiteValidator.VisitConstructor(ConstructorCallSite constructorCallSite, CallSiteValidatorState state)&#xD;
   at Microsoft.Extensions.DependencyInjection.ServiceLookup.CallSiteVisitor`2.VisitCallSite(ServiceCallSite callSite, TArgument argument)&#xD;
   at Microsoft.Extensions.DependencyInjection.ServiceLookup.CallSiteValidator.ValidateCallSite(ServiceCallSite callSite)&#xD;
   at Microsoft.Extensions.DependencyInjection.ServiceProvider.ValidateService(ServiceDescriptor descriptor)&#xD;
----- Inner Stack Trace #2 (System.InvalidOperationException) -----&#xD;
   at Microsoft.Extensions.DependencyInjection.ServiceProvider.ValidateService(ServiceDescriptor descriptor)&#xD;
   at Microsoft.Extensions.DependencyInjection.ServiceProvider..ctor(ICollection`1 serviceDescriptors, ServiceProviderOptions options)&#xD;
----- Inner Stack Trace -----&#xD;
   at Microsoft.Extensions.DependencyInjection.ServiceLookup.CallSiteValidator.VisitScopeCache(ServiceCallSite scopedCallSite, CallSiteValidatorState state)&#xD;
   at Microsoft.Extensions.DependencyInjection.ServiceLookup.CallSiteVisitor`2.VisitCallSite(ServiceCallSite callSite, TArgument argument)&#xD;
   at Microsoft.Extensions.DependencyInjection.ServiceLookup.CallSiteValidator.VisitConstructor(ConstructorCallSite constructorCallSite, CallSiteValidatorState state)&#xD;
   at Microsoft.Extensions.DependencyInjection.ServiceLookup.CallSiteVisitor`2.VisitCallSite(ServiceCallSite callSite, TArgument argument)&#xD;
   at Microsoft.Extensions.DependencyInjection.ServiceLookup.CallSiteValidator.VisitConstructor(ConstructorCallSite constructorCallSite, CallSiteValidatorState state)&#xD;
   at Microsoft.Extensions.DependencyInjection.ServiceLookup.CallSiteValidator.VisitScopeCache(ServiceCallSite scopedCallSite, CallSiteValidatorState state)&#xD;
   at Microsoft.Extensions.DependencyInjection.ServiceLookup.CallSiteVisitor`2.VisitCallSite(ServiceCallSite callSite, TArgument argument)&#xD;
   at Microsoft.Extensions.DependencyInjection.ServiceLookup.CallSiteValidator.ValidateCallSite(ServiceCallSite callSite)&#xD;
   at Microsoft.Extensions.DependencyInjection.ServiceProvider.ValidateService(ServiceDescriptor descriptor)</StackTrace>
        </ErrorInfo>
      </Output>
    </UnitTestResult>
    <UnitTestResult executionId="034197ef-5689-4314-848f-33cd5a842fe8" testId="c3db85a7-f6cb-fece-c4f9-681fcb2ccfe1" testName="TicketFlow.IntegrationTests.Controllers.OrdersControllerTests.Create_ComDadosValidos_DeveRetornar202EPedidoPending" computerName="RAFAEL-VIKTOR" duration="00:00:00.0010000" startTime="2026-03-28T22:50:53.1027948-03:00" endTime="2026-03-28T22:50:53.1027949-03:00" testType="13cdc9d9-ddb5-4fa4-a97d-d965ccfc6d4b" outcome="Failed" testListId="8c84fa94-04c1-424b-9868-57a2d4851a1d" relativeResultsDirectory="034197ef-5689-4314-848f-33cd5a842fe8">
      <Output>
        <ErrorInfo>
          <Message>System.AggregateException : Some services are not able to be constructed (Error while validating the service descriptor 'ServiceType: Microsoft.EntityFrameworkCore.Internal.IDbContextPool`1[TicketFlow.Infrastructure.Persistence.AppDbContext] Lifetime: Singleton ImplementationType: Microsoft.EntityFrameworkCore.Internal.DbContextPool`1[TicketFlow.Infrastructure.Persistence.AppDbContext]': Cannot consume scoped service 'Microsoft.EntityFrameworkCore.DbContextOptions`1[TicketFlow.Infrastructure.Persistence.AppDbContext]' from singleton 'Microsoft.EntityFrameworkCore.Internal.IDbContextPool`1[TicketFlow.Infrastructure.Persistence.AppDbContext]'.) (Error while validating the service descriptor 'ServiceType: Microsoft.EntityFrameworkCore.Internal.IScopedDbContextLease`1[TicketFlow.Infrastructure.Persistence.AppDbContext] Lifetime: Scoped ImplementationType: Microsoft.EntityFrameworkCore.Internal.ScopedDbContextLease`1[TicketFlow.Infrastructure.Persistence.AppDbContext]': Cannot consume scoped service 'Microsoft.EntityFrameworkCore.DbContextOptions`1[TicketFlow.Infrastructure.Persistence.AppDbContext]' from singleton 'Microsoft.EntityFrameworkCore.Internal.IDbContextPool`1[TicketFlow.Infrastructure.Persistence.AppDbContext]'.)&#xD;
---- System.InvalidOperationException : Error while validating the service descriptor 'ServiceType: Microsoft.EntityFrameworkCore.Internal.IDbContextPool`1[TicketFlow.Infrastructure.Persistence.AppDbContext] Lifetime: Singleton ImplementationType: Microsoft.EntityFrameworkCore.Internal.DbContextPool`1[TicketFlow.Infrastructure.Persistence.AppDbContext]': Cannot consume scoped service 'Microsoft.EntityFrameworkCore.DbContextOptions`1[TicketFlow.Infrastructure.Persistence.AppDbContext]' from singleton 'Microsoft.EntityFrameworkCore.Internal.IDbContextPool`1[TicketFlow.Infrastructure.Persistence.AppDbContext]'.&#xD;
-------- System.InvalidOperationException : Cannot consume scoped service 'Microsoft.EntityFrameworkCore.DbContextOptions`1[TicketFlow.Infrastructure.Persistence.AppDbContext]' from singleton 'Microsoft.EntityFrameworkCore.Internal.IDbContextPool`1[TicketFlow.Infrastructure.Persistence.AppDbContext]'.&#xD;
---- System.InvalidOperationException : Error while validating the service descriptor 'ServiceType: Microsoft.EntityFrameworkCore.Internal.IScopedDbContextLease`1[TicketFlow.Infrastructure.Persistence.AppDbContext] Lifetime: Scoped ImplementationType: Microsoft.EntityFrameworkCore.Internal.ScopedDbContextLease`1[TicketFlow.Infrastructure.Persistence.AppDbContext]': Cannot consume scoped service 'Microsoft.EntityFrameworkCore.DbContextOptions`1[TicketFlow.Infrastructure.Persistence.AppDbContext]' from singleton 'Microsoft.EntityFrameworkCore.Internal.IDbContextPool`1[TicketFlow.Infrastructure.Persistence.AppDbContext]'.&#xD;
-------- System.InvalidOperationException : Cannot consume scoped service 'Microsoft.EntityFrameworkCore.DbContextOptions`1[TicketFlow.Infrastructure.Persistence.AppDbContext]' from singleton 'Microsoft.EntityFrameworkCore.Internal.IDbContextPool`1[TicketFlow.Infrastructure.Persistence.AppDbContext]'.</Message>
          <StackTrace>   at Microsoft.Extensions.DependencyInjection.ServiceProvider..ctor(ICollection`1 serviceDescriptors, ServiceProviderOptions options)&#xD;
   at Microsoft.Extensions.DependencyInjection.ServiceCollectionContainerBuilderExtensions.BuildServiceProvider(IServiceCollection services, ServiceProviderOptions options)&#xD;
   at Microsoft.Extensions.Hosting.HostApplicationBuilder.Build()&#xD;
   at Microsoft.AspNetCore.Builder.WebApplicationBuilder.Build()&#xD;
   at Program.&lt;Main&gt;$(String[] args) in D:\CSharpProjects\TicketFlow\src\TicketFlow.API\Program.cs:line 49&#xD;
   at Program.&lt;Main&gt;(String[] args)&#xD;
   at InvokeStub_Program.&lt;Main&gt;(Object, Span`1)&#xD;
   at System.Reflection.MethodBaseInvoker.InvokeWithOneArg(Object obj, BindingFlags invokeAttr, Binder binder, Object[] parameters, CultureInfo culture)&#xD;
--- End of stack trace from previous location ---&#xD;
   at Microsoft.Extensions.Hosting.HostFactoryResolver.HostingListener.CreateHost()&#xD;
   at Microsoft.Extensions.Hosting.HostFactoryResolver.&lt;&gt;c__DisplayClass10_0.&lt;ResolveHostFactory&gt;b__0(String[] args)&#xD;
   at Microsoft.AspNetCore.Mvc.Testing.DeferredHostBuilder.Build()&#xD;
   at Microsoft.AspNetCore.Mvc.Testing.WebApplicationFactory`1.CreateHost(IHostBuilder builder)&#xD;
   at Microsoft.AspNetCore.Mvc.Testing.WebApplicationFactory`1.ConfigureHostBuilder(IHostBuilder hostBuilder)&#xD;
   at Microsoft.AspNetCore.Mvc.Testing.WebApplicationFactory`1.EnsureServer()&#xD;
   at Microsoft.AspNetCore.Mvc.Testing.WebApplicationFactory`1.CreateDefaultClient(DelegatingHandler[] handlers)&#xD;
   at Microsoft.AspNetCore.Mvc.Testing.WebApplicationFactory`1.CreateDefaultClient(Uri baseAddress, DelegatingHandler[] handlers)&#xD;
   at Microsoft.AspNetCore.Mvc.Testing.WebApplicationFactory`1.CreateClient(WebApplicationFactoryClientOptions options)&#xD;
   at Microsoft.AspNetCore.Mvc.Testing.WebApplicationFactory`1.CreateClient()&#xD;
   at TicketFlow.IntegrationTests.Controllers.OrdersControllerTests..ctor(TestWebApplicationFactory factory) in D:\CSharpProjects\TicketFlow\tests\TicketFlow.IntegrationTests\Controllers\OrdersControllerTests.cs:line 22&#xD;
   at InvokeStub_OrdersControllerTests..ctor(Object, Span`1)&#xD;
   at System.Reflection.MethodBaseInvoker.InvokeWithOneArg(Object obj, BindingFlags invokeAttr, Binder binder, Object[] parameters, CultureInfo culture)&#xD;
----- Inner Stack Trace #1 (System.InvalidOperationException) -----&#xD;
   at Microsoft.Extensions.DependencyInjection.ServiceProvider.ValidateService(ServiceDescriptor descriptor)&#xD;
   at Microsoft.Extensions.DependencyInjection.ServiceProvider..ctor(ICollection`1 serviceDescriptors, ServiceProviderOptions options)&#xD;
----- Inner Stack Trace -----&#xD;
   at Microsoft.Extensions.DependencyInjection.ServiceLookup.CallSiteValidator.VisitScopeCache(ServiceCallSite scopedCallSite, CallSiteValidatorState state)&#xD;
   at Microsoft.Extensions.DependencyInjection.ServiceLookup.CallSiteVisitor`2.VisitCallSite(ServiceCallSite callSite, TArgument argument)&#xD;
   at Microsoft.Extensions.DependencyInjection.ServiceLookup.CallSiteValidator.VisitConstructor(ConstructorCallSite constructorCallSite, CallSiteValidatorState state)&#xD;
   at Microsoft.Extensions.DependencyInjection.ServiceLookup.CallSiteVisitor`2.VisitCallSite(ServiceCallSite callSite, TArgument argument)&#xD;
   at Microsoft.Extensions.DependencyInjection.ServiceLookup.CallSiteValidator.ValidateCallSite(ServiceCallSite callSite)&#xD;
   at Microsoft.Extensions.DependencyInjection.ServiceProvider.ValidateService(ServiceDescriptor descriptor)&#xD;
----- Inner Stack Trace #2 (System.InvalidOperationException) -----&#xD;
   at Microsoft.Extensions.DependencyInjection.ServiceProvider.ValidateService(ServiceDescriptor descriptor)&#xD;
   at Microsoft.Extensions.DependencyInjection.ServiceProvider..ctor(ICollection`1 serviceDescriptors, ServiceProviderOptions options)&#xD;
----- Inner Stack Trace -----&#xD;
   at Microsoft.Extensions.DependencyInjection.ServiceLookup.CallSiteValidator.VisitScopeCache(ServiceCallSite scopedCallSite, CallSiteValidatorState state)&#xD;
   at Microsoft.Extensions.DependencyInjection.ServiceLookup.CallSiteVisitor`2.VisitCallSite(ServiceCallSite callSite, TArgument argument)&#xD;
   at Microsoft.Extensions.DependencyInjection.ServiceLookup.CallSiteValidator.VisitConstructor(ConstructorCallSite constructorCallSite, CallSiteValidatorState state)&#xD;
   at Microsoft.Extensions.DependencyInjection.ServiceLookup.CallSiteVisitor`2.VisitCallSite(ServiceCallSite callSite, TArgument argument)&#xD;
   at Microsoft.Extensions.DependencyInjection.ServiceLookup.CallSiteValidator.VisitConstructor(ConstructorCallSite constructorCallSite, CallSiteValidatorState state)&#xD;
   at Microsoft.Extensions.DependencyInjection.ServiceLookup.CallSiteValidator.VisitScopeCache(ServiceCallSite scopedCallSite, CallSiteValidatorState state)&#xD;
   at Microsoft.Extensions.DependencyInjection.ServiceLookup.CallSiteVisitor`2.VisitCallSite(ServiceCallSite callSite, TArgument argument)&#xD;
   at Microsoft.Extensions.DependencyInjection.ServiceLookup.CallSiteValidator.ValidateCallSite(ServiceCallSite callSite)&#xD;
   at Microsoft.Extensions.DependencyInjection.ServiceProvider.ValidateService(ServiceDescriptor descriptor)</StackTrace>
        </ErrorInfo>
      </Output>
    </UnitTestResult>
    <UnitTestResult executionId="68a48905-7ab1-4cca-aee3-6bdde86a353b" testId="bd4c43b8-551d-0821-6aad-33a0ebe4b37e" testName="TicketFlow.IntegrationTests.Controllers.EventsControllerTests.GetAll_QuandoNaoHaEventos_DeveRetornarListaVazia" computerName="RAFAEL-VIKTOR" duration="00:00:00.0010000" startTime="2026-03-28T22:50:52.9208765-03:00" endTime="2026-03-28T22:50:52.9209014-03:00" testType="13cdc9d9-ddb5-4fa4-a97d-d965ccfc6d4b" outcome="Failed" testListId="8c84fa94-04c1-424b-9868-57a2d4851a1d" relativeResultsDirectory="68a48905-7ab1-4cca-aee3-6bdde86a353b">
      <Output>
        <ErrorInfo>
          <Message>System.AggregateException : Some services are not able to be constructed (Error while validating the service descriptor 'ServiceType: Microsoft.EntityFrameworkCore.Internal.IDbContextPool`1[TicketFlow.Infrastructure.Persistence.AppDbContext] Lifetime: Singleton ImplementationType: Microsoft.EntityFrameworkCore.Internal.DbContextPool`1[TicketFlow.Infrastructure.Persistence.AppDbContext]': Cannot consume scoped service 'Microsoft.EntityFrameworkCore.DbContextOptions`1[TicketFlow.Infrastructure.Persistence.AppDbContext]' from singleton 'Microsoft.EntityFrameworkCore.Internal.IDbContextPool`1[TicketFlow.Infrastructure.Persistence.AppDbContext]'.) (Error while validating the service descriptor 'ServiceType: Microsoft.EntityFrameworkCore.Internal.IScopedDbContextLease`1[TicketFlow.Infrastructure.Persistence.AppDbContext] Lifetime: Scoped ImplementationType: Microsoft.EntityFrameworkCore.Internal.ScopedDbContextLease`1[TicketFlow.Infrastructure.Persistence.AppDbContext]': Cannot consume scoped service 'Microsoft.EntityFrameworkCore.DbContextOptions`1[TicketFlow.Infrastructure.Persistence.AppDbContext]' from singleton 'Microsoft.EntityFrameworkCore.Internal.IDbContextPool`1[TicketFlow.Infrastructure.Persistence.AppDbContext]'.)&#xD;
---- System.InvalidOperationException : Error while validating the service descriptor 'ServiceType: Microsoft.EntityFrameworkCore.Internal.IDbContextPool`1[TicketFlow.Infrastructure.Persistence.AppDbContext] Lifetime: Singleton ImplementationType: Microsoft.EntityFrameworkCore.Internal.DbContextPool`1[TicketFlow.Infrastructure.Persistence.AppDbContext]': Cannot consume scoped service 'Microsoft.EntityFrameworkCore.DbContextOptions`1[TicketFlow.Infrastructure.Persistence.AppDbContext]' from singleton 'Microsoft.EntityFrameworkCore.Internal.IDbContextPool`1[TicketFlow.Infrastructure.Persistence.AppDbContext]'.&#xD;
-------- System.InvalidOperationException : Cannot consume scoped service 'Microsoft.EntityFrameworkCore.DbContextOptions`1[TicketFlow.Infrastructure.Persistence.AppDbContext]' from singleton 'Microsoft.EntityFrameworkCore.Internal.IDbContextPool`1[TicketFlow.Infrastructure.Persistence.AppDbContext]'.&#xD;
---- System.InvalidOperationException : Error while validating the service descriptor 'ServiceType: Microsoft.EntityFrameworkCore.Internal.IScopedDbContextLease`1[TicketFlow.Infrastructure.Persistence.AppDbContext] Lifetime: Scoped ImplementationType: Microsoft.EntityFrameworkCore.Internal.ScopedDbContextLease`1[TicketFlow.Infrastructure.Persistence.AppDbContext]': Cannot consume scoped service 'Microsoft.EntityFrameworkCore.DbContextOptions`1[TicketFlow.Infrastructure.Persistence.AppDbContext]' from singleton 'Microsoft.EntityFrameworkCore.Internal.IDbContextPool`1[TicketFlow.Infrastructure.Persistence.AppDbContext]'.&#xD;
-------- System.InvalidOperationException : Cannot consume scoped service 'Microsoft.EntityFrameworkCore.DbContextOptions`1[TicketFlow.Infrastructure.Persistence.AppDbContext]' from singleton 'Microsoft.EntityFrameworkCore.Internal.IDbContextPool`1[TicketFlow.Infrastructure.Persistence.AppDbContext]'.</Message>
          <StackTrace>   at Microsoft.Extensions.DependencyInjection.ServiceProvider..ctor(ICollection`1 serviceDescriptors, ServiceProviderOptions options)&#xD;
   at Microsoft.Extensions.DependencyInjection.ServiceCollectionContainerBuilderExtensions.BuildServiceProvider(IServiceCollection services, ServiceProviderOptions options)&#xD;
   at Microsoft.Extensions.Hosting.HostApplicationBuilder.Build()&#xD;
   at Microsoft.AspNetCore.Builder.WebApplicationBuilder.Build()&#xD;
   at Program.&lt;Main&gt;$(String[] args) in D:\CSharpProjects\TicketFlow\src\TicketFlow.API\Program.cs:line 49&#xD;
   at Program.&lt;Main&gt;(String[] args)&#xD;
   at System.RuntimeMethodHandle.InvokeMethod(Object target, Void** arguments, Signature sig, Boolean isConstructor)&#xD;
   at System.Reflection.MethodBaseInvoker.InvokeDirectByRefWithFewArgs(Object obj, Span`1 copyOfArgs, BindingFlags invokeAttr)&#xD;
--- End of stack trace from previous location ---&#xD;
   at Microsoft.Extensions.Hosting.HostFactoryResolver.HostingListener.CreateHost()&#xD;
   at Microsoft.Extensions.Hosting.HostFactoryResolver.&lt;&gt;c__DisplayClass10_0.&lt;ResolveHostFactory&gt;b__0(String[] args)&#xD;
   at Microsoft.AspNetCore.Mvc.Testing.DeferredHostBuilder.Build()&#xD;
   at Microsoft.AspNetCore.Mvc.Testing.WebApplicationFactory`1.CreateHost(IHostBuilder builder)&#xD;
   at Microsoft.AspNetCore.Mvc.Testing.WebApplicationFactory`1.ConfigureHostBuilder(IHostBuilder hostBuilder)&#xD;
   at Microsoft.AspNetCore.Mvc.Testing.WebApplicationFactory`1.EnsureServer()&#xD;
   at Microsoft.AspNetCore.Mvc.Testing.WebApplicationFactory`1.CreateDefaultClient(DelegatingHandler[] handlers)&#xD;
   at Microsoft.AspNetCore.Mvc.Testing.WebApplicationFactory`1.CreateDefaultClient(Uri baseAddress, DelegatingHandler[] handlers)&#xD;
   at Microsoft.AspNetCore.Mvc.Testing.WebApplicationFactory`1.CreateClient(WebApplicationFactoryClientOptions options)&#xD;
   at Microsoft.AspNetCore.Mvc.Testing.WebApplicationFactory`1.CreateClient()&#xD;
   at TicketFlow.IntegrationTests.Controllers.EventsControllerTests..ctor(TestWebApplicationFactory factory) in D:\CSharpProjects\TicketFlow\tests\TicketFlow.IntegrationTests\Controllers\EventsControllerTests.cs:line 15&#xD;
   at System.RuntimeMethodHandle.InvokeMethod(Object target, Void** arguments, Signature sig, Boolean isConstructor)&#xD;
   at System.Reflection.MethodBaseInvoker.InvokeDirectByRefWithFewArgs(Object obj, Span`1 copyOfArgs, BindingFlags invokeAttr)&#xD;
----- Inner Stack Trace #1 (System.InvalidOperationException) -----&#xD;
   at Microsoft.Extensions.DependencyInjection.ServiceProvider.ValidateService(ServiceDescriptor descriptor)&#xD;
   at Microsoft.Extensions.DependencyInjection.ServiceProvider..ctor(ICollection`1 serviceDescriptors, ServiceProviderOptions options)&#xD;
----- Inner Stack Trace -----&#xD;
   at Microsoft.Extensions.DependencyInjection.ServiceLookup.CallSiteValidator.VisitScopeCache(ServiceCallSite scopedCallSite, CallSiteValidatorState state)&#xD;
   at Microsoft.Extensions.DependencyInjection.ServiceLookup.CallSiteVisitor`2.VisitCallSite(ServiceCallSite callSite, TArgument argument)&#xD;
   at Microsoft.Extensions.DependencyInjection.ServiceLookup.CallSiteValidator.VisitConstructor(ConstructorCallSite constructorCallSite, CallSiteValidatorState state)&#xD;
   at Microsoft.Extensions.DependencyInjection.ServiceLookup.CallSiteVisitor`2.VisitCallSite(ServiceCallSite callSite, TArgument argument)&#xD;
   at Microsoft.Extensions.DependencyInjection.ServiceLookup.CallSiteValidator.ValidateCallSite(ServiceCallSite callSite)&#xD;
   at Microsoft.Extensions.DependencyInjection.ServiceProvider.ValidateService(ServiceDescriptor descriptor)&#xD;
----- Inner Stack Trace #2 (System.InvalidOperationException) -----&#xD;
   at Microsoft.Extensions.DependencyInjection.ServiceProvider.ValidateService(ServiceDescriptor descriptor)&#xD;
   at Microsoft.Extensions.DependencyInjection.ServiceProvider..ctor(ICollection`1 serviceDescriptors, ServiceProviderOptions options)&#xD;
----- Inner Stack Trace -----&#xD;
   at Microsoft.Extensions.DependencyInjection.ServiceLookup.CallSiteValidator.VisitScopeCache(ServiceCallSite scopedCallSite, CallSiteValidatorState state)&#xD;
   at Microsoft.Extensions.DependencyInjection.ServiceLookup.CallSiteVisitor`2.VisitCallSite(ServiceCallSite callSite, TArgument argument)&#xD;
   at Microsoft.Extensions.DependencyInjection.ServiceLookup.CallSiteValidator.VisitConstructor(ConstructorCallSite constructorCallSite, CallSiteValidatorState state)&#xD;
   at Microsoft.Extensions.DependencyInjection.ServiceLookup.CallSiteVisitor`2.VisitCallSite(ServiceCallSite callSite, TArgument argument)&#xD;
   at Microsoft.Extensions.DependencyInjection.ServiceLookup.CallSiteValidator.VisitConstructor(ConstructorCallSite constructorCallSite, CallSiteValidatorState state)&#xD;
   at Microsoft.Extensions.DependencyInjection.ServiceLookup.CallSiteValidator.VisitScopeCache(ServiceCallSite scopedCallSite, CallSiteValidatorState state)&#xD;
   at Microsoft.Extensions.DependencyInjection.ServiceLookup.CallSiteVisitor`2.VisitCallSite(ServiceCallSite callSite, TArgument argument)&#xD;
   at Microsoft.Extensions.DependencyInjection.ServiceLookup.CallSiteValidator.ValidateCallSite(ServiceCallSite callSite)&#xD;
   at Microsoft.Extensions.DependencyInjection.ServiceProvider.ValidateService(ServiceDescriptor descriptor)</StackTrace>
        </ErrorInfo>
      </Output>
    </UnitTestResult>
    <UnitTestResult executionId="26433c98-7f8a-4e75-a4a1-8295e2eb323e" testId="a716488e-3f9e-0762-8471-2bdc011fa111" testName="TicketFlow.IntegrationTests.Controllers.OrdersControllerTests.GetById_ComPedidoInexistente_DeveRetornar404" computerName="RAFAEL-VIKTOR" duration="00:00:00.0010000" startTime="2026-03-28T22:50:53.0284881-03:00" endTime="2026-03-28T22:50:53.0284884-03:00" testType="13cdc9d9-ddb5-4fa4-a97d-d965ccfc6d4b" outcome="Failed" testListId="8c84fa94-04c1-424b-9868-57a2d4851a1d" relativeResultsDirectory="26433c98-7f8a-4e75-a4a1-8295e2eb323e">
      <Output>
        <ErrorInfo>
          <Message>System.AggregateException : Some services are not able to be constructed (Error while validating the service descriptor 'ServiceType: Microsoft.EntityFrameworkCore.Internal.IDbContextPool`1[TicketFlow.Infrastructure.Persistence.AppDbContext] Lifetime: Singleton ImplementationType: Microsoft.EntityFrameworkCore.Internal.DbContextPool`1[TicketFlow.Infrastructure.Persistence.AppDbContext]': Cannot consume scoped service 'Microsoft.EntityFrameworkCore.DbContextOptions`1[TicketFlow.Infrastructure.Persistence.AppDbContext]' from singleton 'Microsoft.EntityFrameworkCore.Internal.IDbContextPool`1[TicketFlow.Infrastructure.Persistence.AppDbContext]'.) (Error while validating the service descriptor 'ServiceType: Microsoft.EntityFrameworkCore.Internal.IScopedDbContextLease`1[TicketFlow.Infrastructure.Persistence.AppDbContext] Lifetime: Scoped ImplementationType: Microsoft.EntityFrameworkCore.Internal.ScopedDbContextLease`1[TicketFlow.Infrastructure.Persistence.AppDbContext]': Cannot consume scoped service 'Microsoft.EntityFrameworkCore.DbContextOptions`1[TicketFlow.Infrastructure.Persistence.AppDbContext]' from singleton 'Microsoft.EntityFrameworkCore.Internal.IDbContextPool`1[TicketFlow.Infrastructure.Persistence.AppDbContext]'.)&#xD;
---- System.InvalidOperationException : Error while validating the service descriptor 'ServiceType: Microsoft.EntityFrameworkCore.Internal.IDbContextPool`1[TicketFlow.Infrastructure.Persistence.AppDbContext] Lifetime: Singleton ImplementationType: Microsoft.EntityFrameworkCore.Internal.DbContextPool`1[TicketFlow.Infrastructure.Persistence.AppDbContext]': Cannot consume scoped service 'Microsoft.EntityFrameworkCore.DbContextOptions`1[TicketFlow.Infrastructure.Persistence.AppDbContext]' from singleton 'Microsoft.EntityFrameworkCore.Internal.IDbContextPool`1[TicketFlow.Infrastructure.Persistence.AppDbContext]'.&#xD;
-------- System.InvalidOperationException : Cannot consume scoped service 'Microsoft.EntityFrameworkCore.DbContextOptions`1[TicketFlow.Infrastructure.Persistence.AppDbContext]' from singleton 'Microsoft.EntityFrameworkCore.Internal.IDbContextPool`1[TicketFlow.Infrastructure.Persistence.AppDbContext]'.&#xD;
---- System.InvalidOperationException : Error while validating the service descriptor 'ServiceType: Microsoft.EntityFrameworkCore.Internal.IScopedDbContextLease`1[TicketFlow.Infrastructure.Persistence.AppDbContext] Lifetime: Scoped ImplementationType: Microsoft.EntityFrameworkCore.Internal.ScopedDbContextLease`1[TicketFlow.Infrastructure.Persistence.AppDbContext]': Cannot consume scoped service 'Microsoft.EntityFrameworkCore.DbContextOptions`1[TicketFlow.Infrastructure.Persistence.AppDbContext]' from singleton 'Microsoft.EntityFrameworkCore.Internal.IDbContextPool`1[TicketFlow.Infrastructure.Persistence.AppDbContext]'.&#xD;
-------- System.InvalidOperationException : Cannot consume scoped service 'Microsoft.EntityFrameworkCore.DbContextOptions`1[TicketFlow.Infrastructure.Persistence.AppDbContext]' from singleton 'Microsoft.EntityFrameworkCore.Internal.IDbContextPool`1[TicketFlow.Infrastructure.Persistence.AppDbContext]'.</Message>
          <StackTrace>   at Microsoft.Extensions.DependencyInjection.ServiceProvider..ctor(ICollection`1 serviceDescriptors, ServiceProviderOptions options)&#xD;
   at Microsoft.Extensions.DependencyInjection.ServiceCollectionContainerBuilderExtensions.BuildServiceProvider(IServiceCollection services, ServiceProviderOptions options)&#xD;
   at Microsoft.Extensions.Hosting.HostApplicationBuilder.Build()&#xD;
   at Microsoft.AspNetCore.Builder.WebApplicationBuilder.Build()&#xD;
   at Program.&lt;Main&gt;$(String[] args) in D:\CSharpProjects\TicketFlow\src\TicketFlow.API\Program.cs:line 49&#xD;
   at Program.&lt;Main&gt;(String[] args)&#xD;
   at InvokeStub_Program.&lt;Main&gt;(Object, Span`1)&#xD;
   at System.Reflection.MethodBaseInvoker.InvokeWithOneArg(Object obj, BindingFlags invokeAttr, Binder binder, Object[] parameters, CultureInfo culture)&#xD;
--- End of stack trace from previous location ---&#xD;
   at Microsoft.Extensions.Hosting.HostFactoryResolver.HostingListener.CreateHost()&#xD;
   at Microsoft.Extensions.Hosting.HostFactoryResolver.&lt;&gt;c__DisplayClass10_0.&lt;ResolveHostFactory&gt;b__0(String[] args)&#xD;
   at Microsoft.AspNetCore.Mvc.Testing.DeferredHostBuilder.Build()&#xD;
   at Microsoft.AspNetCore.Mvc.Testing.WebApplicationFactory`1.CreateHost(IHostBuilder builder)&#xD;
   at Microsoft.AspNetCore.Mvc.Testing.WebApplicationFactory`1.ConfigureHostBuilder(IHostBuilder hostBuilder)&#xD;
   at Microsoft.AspNetCore.Mvc.Testing.WebApplicationFactory`1.EnsureServer()&#xD;
   at Microsoft.AspNetCore.Mvc.Testing.WebApplicationFactory`1.CreateDefaultClient(DelegatingHandler[] handlers)&#xD;
   at Microsoft.AspNetCore.Mvc.Testing.WebApplicationFactory`1.CreateDefaultClient(Uri baseAddress, DelegatingHandler[] handlers)&#xD;
   at Microsoft.AspNetCore.Mvc.Testing.WebApplicationFactory`1.CreateClient(WebApplicationFactoryClientOptions options)&#xD;
   at Microsoft.AspNetCore.Mvc.Testing.WebApplicationFactory`1.CreateClient()&#xD;
   at TicketFlow.IntegrationTests.Controllers.OrdersControllerTests..ctor(TestWebApplicationFactory factory) in D:\CSharpProjects\TicketFlow\tests\TicketFlow.IntegrationTests\Controllers\OrdersControllerTests.cs:line 22&#xD;
   at InvokeStub_OrdersControllerTests..ctor(Object, Span`1)&#xD;
   at System.Reflection.MethodBaseInvoker.InvokeWithOneArg(Object obj, BindingFlags invokeAttr, Binder binder, Object[] parameters, CultureInfo culture)&#xD;
----- Inner Stack Trace #1 (System.InvalidOperationException) -----&#xD;
   at Microsoft.Extensions.DependencyInjection.ServiceProvider.ValidateService(ServiceDescriptor descriptor)&#xD;
   at Microsoft.Extensions.DependencyInjection.ServiceProvider..ctor(ICollection`1 serviceDescriptors, ServiceProviderOptions options)&#xD;
----- Inner Stack Trace -----&#xD;
   at Microsoft.Extensions.DependencyInjection.ServiceLookup.CallSiteValidator.VisitScopeCache(ServiceCallSite scopedCallSite, CallSiteValidatorState state)&#xD;
   at Microsoft.Extensions.DependencyInjection.ServiceLookup.CallSiteVisitor`2.VisitCallSite(ServiceCallSite callSite, TArgument argument)&#xD;
   at Microsoft.Extensions.DependencyInjection.ServiceLookup.CallSiteValidator.VisitConstructor(ConstructorCallSite constructorCallSite, CallSiteValidatorState state)&#xD;
   at Microsoft.Extensions.DependencyInjection.ServiceLookup.CallSiteVisitor`2.VisitCallSite(ServiceCallSite callSite, TArgument argument)&#xD;
   at Microsoft.Extensions.DependencyInjection.ServiceLookup.CallSiteValidator.ValidateCallSite(ServiceCallSite callSite)&#xD;
   at Microsoft.Extensions.DependencyInjection.ServiceProvider.ValidateService(ServiceDescriptor descriptor)&#xD;
----- Inner Stack Trace #2 (System.InvalidOperationException) -----&#xD;
   at Microsoft.Extensions.DependencyInjection.ServiceProvider.ValidateService(ServiceDescriptor descriptor)&#xD;
   at Microsoft.Extensions.DependencyInjection.ServiceProvider..ctor(ICollection`1 serviceDescriptors, ServiceProviderOptions options)&#xD;
----- Inner Stack Trace -----&#xD;
   at Microsoft.Extensions.DependencyInjection.ServiceLookup.CallSiteValidator.VisitScopeCache(ServiceCallSite scopedCallSite, CallSiteValidatorState state)&#xD;
   at Microsoft.Extensions.DependencyInjection.ServiceLookup.CallSiteVisitor`2.VisitCallSite(ServiceCallSite callSite, TArgument argument)&#xD;
   at Microsoft.Extensions.DependencyInjection.ServiceLookup.CallSiteValidator.VisitConstructor(ConstructorCallSite constructorCallSite, CallSiteValidatorState state)&#xD;
   at Microsoft.Extensions.DependencyInjection.ServiceLookup.CallSiteVisitor`2.VisitCallSite(ServiceCallSite callSite, TArgument argument)&#xD;
   at Microsoft.Extensions.DependencyInjection.ServiceLookup.CallSiteValidator.VisitConstructor(ConstructorCallSite constructorCallSite, CallSiteValidatorState state)&#xD;
   at Microsoft.Extensions.DependencyInjection.ServiceLookup.CallSiteValidator.VisitScopeCache(ServiceCallSite scopedCallSite, CallSiteValidatorState state)&#xD;
   at Microsoft.Extensions.DependencyInjection.ServiceLookup.CallSiteVisitor`2.VisitCallSite(ServiceCallSite callSite, TArgument argument)&#xD;
   at Microsoft.Extensions.DependencyInjection.ServiceLookup.CallSiteValidator.ValidateCallSite(ServiceCallSite callSite)&#xD;
   at Microsoft.Extensions.DependencyInjection.ServiceProvider.ValidateService(ServiceDescriptor descriptor)</StackTrace>
        </ErrorInfo>
      </Output>
    </UnitTestResult>
    <UnitTestResult executionId="4052cebc-cc80-4dba-9c9d-a588d9c40cc2" testId="e2bc2c18-8cd0-1aff-c509-4bd4357e1e8f" testName="TicketFlow.IntegrationTests.Controllers.EventsControllerTests.GetTickets_AposCriarEvento_DeveRetornarTicketsGerados" computerName="RAFAEL-VIKTOR" duration="00:00:00.0010000" startTime="2026-03-28T22:50:53.0481897-03:00" endTime="2026-03-28T22:50:53.0481900-03:00" testType="13cdc9d9-ddb5-4fa4-a97d-d965ccfc6d4b" outcome="Failed" testListId="8c84fa94-04c1-424b-9868-57a2d4851a1d" relativeResultsDirectory="4052cebc-cc80-4dba-9c9d-a588d9c40cc2">
      <Output>
        <ErrorInfo>
          <Message>System.AggregateException : Some services are not able to be constructed (Error while validating the service descriptor 'ServiceType: Microsoft.EntityFrameworkCore.Internal.IDbContextPool`1[TicketFlow.Infrastructure.Persistence.AppDbContext] Lifetime: Singleton ImplementationType: Microsoft.EntityFrameworkCore.Internal.DbContextPool`1[TicketFlow.Infrastructure.Persistence.AppDbContext]': Cannot consume scoped service 'Microsoft.EntityFrameworkCore.DbContextOptions`1[TicketFlow.Infrastructure.Persistence.AppDbContext]' from singleton 'Microsoft.EntityFrameworkCore.Internal.IDbContextPool`1[TicketFlow.Infrastructure.Persistence.AppDbContext]'.) (Error while validating the service descriptor 'ServiceType: Microsoft.EntityFrameworkCore.Internal.IScopedDbContextLease`1[TicketFlow.Infrastructure.Persistence.AppDbContext] Lifetime: Scoped ImplementationType: Microsoft.EntityFrameworkCore.Internal.ScopedDbContextLease`1[TicketFlow.Infrastructure.Persistence.AppDbContext]': Cannot consume scoped service 'Microsoft.EntityFrameworkCore.DbContextOptions`1[TicketFlow.Infrastructure.Persistence.AppDbContext]' from singleton 'Microsoft.EntityFrameworkCore.Internal.IDbContextPool`1[TicketFlow.Infrastructure.Persistence.AppDbContext]'.)&#xD;
---- System.InvalidOperationException : Error while validating the service descriptor 'ServiceType: Microsoft.EntityFrameworkCore.Internal.IDbContextPool`1[TicketFlow.Infrastructure.Persistence.AppDbContext] Lifetime: Singleton ImplementationType: Microsoft.EntityFrameworkCore.Internal.DbContextPool`1[TicketFlow.Infrastructure.Persistence.AppDbContext]': Cannot consume scoped service 'Microsoft.EntityFrameworkCore.DbContextOptions`1[TicketFlow.Infrastructure.Persistence.AppDbContext]' from singleton 'Microsoft.EntityFrameworkCore.Internal.IDbContextPool`1[TicketFlow.Infrastructure.Persistence.AppDbContext]'.&#xD;
-------- System.InvalidOperationException : Cannot consume scoped service 'Microsoft.EntityFrameworkCore.DbContextOptions`1[TicketFlow.Infrastructure.Persistence.AppDbContext]' from singleton 'Microsoft.EntityFrameworkCore.Internal.IDbContextPool`1[TicketFlow.Infrastructure.Persistence.AppDbContext]'.&#xD;
---- System.InvalidOperationException : Error while validating the service descriptor 'ServiceType: Microsoft.EntityFrameworkCore.Internal.IScopedDbContextLease`1[TicketFlow.Infrastructure.Persistence.AppDbContext] Lifetime: Scoped ImplementationType: Microsoft.EntityFrameworkCore.Internal.ScopedDbContextLease`1[TicketFlow.Infrastructure.Persistence.AppDbContext]': Cannot consume scoped service 'Microsoft.EntityFrameworkCore.DbContextOptions`1[TicketFlow.Infrastructure.Persistence.AppDbContext]' from singleton 'Microsoft.EntityFrameworkCore.Internal.IDbContextPool`1[TicketFlow.Infrastructure.Persistence.AppDbContext]'.&#xD;
-------- System.InvalidOperationException : Cannot consume scoped service 'Microsoft.EntityFrameworkCore.DbContextOptions`1[TicketFlow.Infrastructure.Persistence.AppDbContext]' from singleton 'Microsoft.EntityFrameworkCore.Internal.IDbContextPool`1[TicketFlow.Infrastructure.Persistence.AppDbContext]'.</Message>
          <StackTrace>   at Microsoft.Extensions.DependencyInjection.ServiceProvider..ctor(ICollection`1 serviceDescriptors, ServiceProviderOptions options)&#xD;
   at Microsoft.Extensions.DependencyInjection.ServiceCollectionContainerBuilderExtensions.BuildServiceProvider(IServiceCollection services, ServiceProviderOptions options)&#xD;
   at Microsoft.Extensions.Hosting.HostApplicationBuilder.Build()&#xD;
   at Microsoft.AspNetCore.Builder.WebApplicationBuilder.Build()&#xD;
   at Program.&lt;Main&gt;$(String[] args) in D:\CSharpProjects\TicketFlow\src\TicketFlow.API\Program.cs:line 49&#xD;
   at Program.&lt;Main&gt;(String[] args)&#xD;
   at InvokeStub_Program.&lt;Main&gt;(Object, Span`1)&#xD;
   at System.Reflection.MethodBaseInvoker.InvokeWithOneArg(Object obj, BindingFlags invokeAttr, Binder binder, Object[] parameters, CultureInfo culture)&#xD;
--- End of stack trace from previous location ---&#xD;
   at Microsoft.Extensions.Hosting.HostFactoryResolver.HostingListener.CreateHost()&#xD;
   at Microsoft.Extensions.Hosting.HostFactoryResolver.&lt;&gt;c__DisplayClass10_0.&lt;ResolveHostFactory&gt;b__0(String[] args)&#xD;
   at Microsoft.AspNetCore.Mvc.Testing.DeferredHostBuilder.Build()&#xD;
   at Microsoft.AspNetCore.Mvc.Testing.WebApplicationFactory`1.CreateHost(IHostBuilder builder)&#xD;
   at Microsoft.AspNetCore.Mvc.Testing.WebApplicationFactory`1.ConfigureHostBuilder(IHostBuilder hostBuilder)&#xD;
   at Microsoft.AspNetCore.Mvc.Testing.WebApplicationFactory`1.EnsureServer()&#xD;
   at Microsoft.AspNetCore.Mvc.Testing.WebApplicationFactory`1.CreateDefaultClient(DelegatingHandler[] handlers)&#xD;
   at Microsoft.AspNetCore.Mvc.Testing.WebApplicationFactory`1.CreateDefaultClient(Uri baseAddress, DelegatingHandler[] handlers)&#xD;
   at Microsoft.AspNetCore.Mvc.Testing.WebApplicationFactory`1.CreateClient(WebApplicationFactoryClientOptions options)&#xD;
   at Microsoft.AspNetCore.Mvc.Testing.WebApplicationFactory`1.CreateClient()&#xD;
   at TicketFlow.IntegrationTests.Controllers.EventsControllerTests..ctor(TestWebApplicationFactory factory) in D:\CSharpProjects\TicketFlow\tests\TicketFlow.IntegrationTests\Controllers\EventsControllerTests.cs:line 15&#xD;
[...]
[xUnit.net 00:00:00.92]            at Microsoft.Extensions.Hosting.HostApplicationBuilder.Build()&#xD;
[xUnit.net 00:00:00.92]            at Microsoft.AspNetCore.Builder.WebApplicationBuilder.Build()&#xD;
[xUnit.net 00:00:00.92]         D:\CSharpProjects\TicketFlow\src\TicketFlow.API\Program.cs(49,0): at Program.&lt;Main&gt;$(String[] args)&#xD;
[xUnit.net 00:00:00.92]            at Program.&lt;Main&gt;(String[] args)&#xD;
[xUnit.net 00:00:00.92]            at InvokeStub_Program.&lt;Main&gt;(Object, Span`1)&#xD;
[xUnit.net 00:00:00.92]            at System.Reflection.MethodBaseInvoker.InvokeWithOneArg(Object obj, BindingFlags invokeAttr, Binder binder, Object[] parameters, CultureInfo culture)&#xD;
[xUnit.net 00:00:00.92]         --- End of stack trace from previous location ---&#xD;
[xUnit.net 00:00:00.92]            at Microsoft.Extensions.Hosting.HostFactoryResolver.HostingListener.CreateHost()&#xD;
[xUnit.net 00:00:00.92]            at Microsoft.Extensions.Hosting.HostFactoryResolver.&lt;&gt;c__DisplayClass10_0.&lt;ResolveHostFactory&gt;b__0(String[] args)&#xD;
[xUnit.net 00:00:00.92]            at Microsoft.AspNetCore.Mvc.Testing.DeferredHostBuilder.Build()&#xD;
[xUnit.net 00:00:00.92]            at Microsoft.AspNetCore.Mvc.Testing.WebApplicationFactory`1.CreateHost(IHostBuilder builder)&#xD;
[xUnit.net 00:00:00.92]            at Microsoft.AspNetCore.Mvc.Testing.WebApplicationFactory`1.ConfigureHostBuilder(IHostBuilder hostBuilder)&#xD;
[xUnit.net 00:00:00.92]            at Microsoft.AspNetCore.Mvc.Testing.WebApplicationFactory`1.EnsureServer()&#xD;
[xUnit.net 00:00:00.92]            at Microsoft.AspNetCore.Mvc.Testing.WebApplicationFactory`1.CreateDefaultClient(DelegatingHandler[] handlers)&#xD;
[xUnit.net 00:00:00.92]            at Microsoft.AspNetCore.Mvc.Testing.WebApplicationFactory`1.CreateDefaultClient(Uri baseAddress, DelegatingHandler[] handlers)&#xD;
[xUnit.net 00:00:00.92]            at Microsoft.AspNetCore.Mvc.Testing.WebApplicationFactory`1.CreateClient(WebApplicationFactoryClientOptions options)&#xD;
[xUnit.net 00:00:00.92]            at Microsoft.AspNetCore.Mvc.Testing.WebApplicationFactory`1.CreateClient()&#xD;
[xUnit.net 00:00:00.92]         D:\CSharpProjects\TicketFlow\tests\TicketFlow.IntegrationTests\Controllers\OrdersControllerTests.cs(22,0): at TicketFlow.IntegrationTests.Controllers.OrdersControllerTests..ctor(TestWebApplicationFactory factory)&#xD;
[xUnit.net 00:00:00.92]            at InvokeStub_OrdersControllerTests..ctor(Object, Span`1)&#xD;
[xUnit.net 00:00:00.92]            at System.Reflection.MethodBaseInvoker.InvokeWithOneArg(Object obj, BindingFlags invokeAttr, Binder binder, Object[] parameters, CultureInfo culture)&#xD;
[xUnit.net 00:00:00.92]         ----- Inner Stack Trace #1 (System.InvalidOperationException) -----&#xD;
[xUnit.net 00:00:00.92]            at Microsoft.Extensions.DependencyInjection.ServiceProvider.ValidateService(ServiceDescriptor descriptor)&#xD;
[xUnit.net 00:00:00.92]            at Microsoft.Extensions.DependencyInjection.ServiceProvider..ctor(ICollection`1 serviceDescriptors, ServiceProviderOptions options)&#xD;
[xUnit.net 00:00:00.92]         ----- Inner Stack Trace -----&#xD;
[xUnit.net 00:00:00.92]            at Microsoft.Extensions.DependencyInjection.ServiceLookup.CallSiteValidator.VisitScopeCache(ServiceCallSite scopedCallSite, CallSiteValidatorState state)&#xD;
[xUnit.net 00:00:00.92]            at Microsoft.Extensions.DependencyInjection.ServiceLookup.CallSiteVisitor`2.VisitCallSite(ServiceCallSite callSite, TArgument argument)&#xD;
[xUnit.net 00:00:00.92]            at Microsoft.Extensions.DependencyInjection.ServiceLookup.CallSiteValidator.VisitConstructor(ConstructorCallSite constructorCallSite, CallSiteValidatorState state)&#xD;
[xUnit.net 00:00:00.92]            at Microsoft.Extensions.DependencyInjection.ServiceLookup.CallSiteVisitor`2.VisitCallSite(ServiceCallSite callSite, TArgument argument)&#xD;
[xUnit.net 00:00:00.92]            at Microsoft.Extensions.DependencyInjection.ServiceLookup.CallSiteValidator.ValidateCallSite(ServiceCallSite callSite)&#xD;
[xUnit.net 00:00:00.92]            at Microsoft.Extensions.DependencyInjection.ServiceProvider.ValidateService(ServiceDescriptor descriptor)&#xD;
[xUnit.net 00:00:00.92]         ----- Inner Stack Trace #2 (System.InvalidOperationException) -----&#xD;
[xUnit.net 00:00:00.92]            at Microsoft.Extensions.DependencyInjection.ServiceProvider.ValidateService(ServiceDescriptor descriptor)&#xD;
[xUnit.net 00:00:00.92]            at Microsoft.Extensions.DependencyInjection.ServiceProvider..ctor(ICollection`1 serviceDescriptors, ServiceProviderOptions options)&#xD;
[xUnit.net 00:00:00.92]         ----- Inner Stack Trace -----&#xD;
[xUnit.net 00:00:00.92]            at Microsoft.Extensions.DependencyInjection.ServiceLookup.CallSiteValidator.VisitScopeCache(ServiceCallSite scopedCallSite, CallSiteValidatorState state)&#xD;
[xUnit.net 00:00:00.92]            at Microsoft.Extensions.DependencyInjection.ServiceLookup.CallSiteVisitor`2.VisitCallSite(ServiceCallSite callSite, TArgument argument)&#xD;
[xUnit.net 00:00:00.92]            at Microsoft.Extensions.DependencyInjection.ServiceLookup.CallSiteValidator.VisitConstructor(ConstructorCallSite constructorCallSite, CallSiteValidatorState state)&#xD;
[xUnit.net 00:00:00.92]            at Microsoft.Extensions.DependencyInjection.ServiceLookup.CallSiteVisitor`2.VisitCallSite(ServiceCallSite callSite, TArgument argument)&#xD;
[xUnit.net 00:00:00.92]            at Microsoft.Extensions.DependencyInjection.ServiceLookup.CallSiteValidator.VisitConstructor(ConstructorCallSite constructorCallSite, CallSiteValidatorState state)&#xD;
[xUnit.net 00:00:00.92]            at Microsoft.Extensions.DependencyInjection.ServiceLookup.CallSiteValidator.VisitScopeCache(ServiceCallSite scopedCallSite, CallSiteValidatorState state)&#xD;
[xUnit.net 00:00:00.92]            at Microsoft.Extensions.DependencyInjection.ServiceLookup.CallSiteVisitor`2.VisitCallSite(ServiceCallSite callSite, TArgument argument)&#xD;
[xUnit.net 00:00:00.92]            at Microsoft.Extensions.DependencyInjection.ServiceLookup.CallSiteValidator.ValidateCallSite(ServiceCallSite callSite)&#xD;
[xUnit.net 00:00:00.92]            at Microsoft.Extensions.DependencyInjection.ServiceProvider.ValidateService(ServiceDescriptor descriptor)&#xD;
[xUnit.net 00:00:00.92]       System.AggregateException : Some services are not able to be constructed (Error while validating the service descriptor 'ServiceType: Microsoft.EntityFrameworkCore.Internal.IDbContextPool`1[TicketFlow.Infrastructure.Persistence.AppDbContext] Lifetime: Singleton ImplementationType: Microsoft.EntityFrameworkCore.Internal.DbContextPool`1[TicketFlow.Infrastructure.Persistence.AppDbContext]': Cannot consume scoped service 'Microsoft.EntityFrameworkCore.DbContextOptions`1[TicketFlow.Infrastructure.Persistence.AppDbContext]' from singleton 'Microsoft.EntityFrameworkCore.Internal.IDbContextPool`1[TicketFlow.Infrastructure.Persistence.AppDbContext]'.) (Error while validating the service descriptor 'ServiceType: Microsoft.EntityFrameworkCore.Internal.IScopedDbContextLease`1[TicketFlow.Infrastructure.Persistence.AppDbContext] Lifetime: Scoped ImplementationType: Microsoft.EntityFrameworkCore.Internal.ScopedDbContextLease`1[TicketFlow.Infrastructure.Persistence.AppDbContext]': Cannot consume scoped service 'Microsoft.EntityFrameworkCore.DbContextOptions`1[TicketFlow.Infrastructure.Persistence.AppDbContext]' from singleton 'Microsoft.EntityFrameworkCore.Internal.IDbContextPool`1[TicketFlow.Infrastructure.Persistence.AppDbContext]'.)&#xD;
[xUnit.net 00:00:00.92]       ---- System.InvalidOperationException : Error while validating the service descriptor 'ServiceType: Microsoft.EntityFrameworkCore.Internal.IDbContextPool`1[TicketFlow.Infrastructure.Persistence.AppDbContext] Lifetime: Singleton ImplementationType: Microsoft.EntityFrameworkCore.Internal.DbContextPool`1[TicketFlow.Infrastructure.Persistence.AppDbContext]': Cannot consume scoped service 'Microsoft.EntityFrameworkCore.DbContextOptions`1[TicketFlow.Infrastructure.Persistence.AppDbContext]' from singleton 'Microsoft.EntityFrameworkCore.Internal.IDbContextPool`1[TicketFlow.Infrastructure.Persistence.AppDbContext]'.&#xD;
[xUnit.net 00:00:00.92]       -------- System.InvalidOperationException : Cannot consume scoped service 'Microsoft.EntityFrameworkCore.DbContextOptions`1[TicketFlow.Infrastructure.Persistence.AppDbContext]' from singleton 'Microsoft.EntityFrameworkCore.Internal.IDbContextPool`1[TicketFlow.Infrastructure.Persistence.AppDbContext]'.&#xD;
[xUnit.net 00:00:00.92]       ---- System.InvalidOperationException : Error while validating the service descriptor 'ServiceType: Microsoft.EntityFrameworkCore.Internal.IScopedDbContextLease`1[TicketFlow.Infrastructure.Persistence.AppDbContext] Lifetime: Scoped ImplementationType: Microsoft.EntityFrameworkCore.Internal.ScopedDbContextLease`1[TicketFlow.Infrastructure.Persistence.AppDbContext]': Cannot consume scoped service 'Microsoft.EntityFrameworkCore.DbContextOptions`1[TicketFlow.Infrastructure.Persistence.AppDbContext]' from singleton 'Microsoft.EntityFrameworkCore.Internal.IDbContextPool`1[TicketFlow.Infrastructure.Persistence.AppDbContext]'.&#xD;
[xUnit.net 00:00:00.92]       -------- System.InvalidOperationException : Cannot consume scoped service 'Microsoft.EntityFrameworkCore.DbContextOptions`1[TicketFlow.Infrastructure.Persistence.AppDbContext]' from singleton 'Microsoft.EntityFrameworkCore.Internal.IDbContextPool`1[TicketFlow.Infrastructure.Persistence.AppDbContext]'.&#xD;
[xUnit.net 00:00:00.92]       Stack Trace:&#xD;
[xUnit.net 00:00:00.92]            at Microsoft.Extensions.DependencyInjection.ServiceProvider..ctor(ICollection`1 serviceDescriptors, ServiceProviderOptions options)&#xD;
[xUnit.net 00:00:00.92]            at Microsoft.Extensions.DependencyInjection.ServiceCollectionContainerBuilderExtensions.BuildServiceProvider(IServiceCollection services, ServiceProviderOptions options)&#xD;
[xUnit.net 00:00:00.92]            at Microsoft.Extensions.Hosting.HostApplicationBuilder.Build()&#xD;
[xUnit.net 00:00:00.92]            at Microsoft.AspNetCore.Builder.WebApplicationBuilder.Build()&#xD;
[xUnit.net 00:00:00.92]         D:\CSharpProjects\TicketFlow\src\TicketFlow.API\Program.cs(49,0): at Program.&lt;Main&gt;$(String[] args)&#xD;
[xUnit.net 00:00:00.92]            at Program.&lt;Main&gt;(String[] args)&#xD;
[xUnit.net 00:00:00.92]            at InvokeStub_Program.&lt;Main&gt;(Object, Span`1)&#xD;
[xUnit.net 00:00:00.92]            at System.Reflection.MethodBaseInvoker.InvokeWithOneArg(Object obj, BindingFlags invokeAttr, Binder binder, Object[] parameters, CultureInfo culture)&#xD;
[xUnit.net 00:00:00.92]         --- End of stack trace from previous location ---&#xD;
[xUnit.net 00:00:00.92]            at Microsoft.Extensions.Hosting.HostFactoryResolver.HostingListener.CreateHost()&#xD;
[xUnit.net 00:00:00.92]            at Microsoft.Extensions.Hosting.HostFactoryResolver.&lt;&gt;c__DisplayClass10_0.&lt;ResolveHostFactory&gt;b__0(String[] args)&#xD;
[xUnit.net 00:00:00.92]            at Microsoft.AspNetCore.Mvc.Testing.DeferredHostBuilder.Build()&#xD;
[xUnit.net 00:00:00.92]            at Microsoft.AspNetCore.Mvc.Testing.WebApplicationFactory`1.CreateHost(IHostBuilder builder)&#xD;
[xUnit.net 00:00:00.92]            at Microsoft.AspNetCore.Mvc.Testing.WebApplicationFactory`1.ConfigureHostBuilder(IHostBuilder hostBuilder)&#xD;
[xUnit.net 00:00:00.92]            at Microsoft.AspNetCore.Mvc.Testing.WebApplicationFactory`1.EnsureServer()&#xD;
[xUnit.net 00:00:00.92]            at Microsoft.AspNetCore.Mvc.Testing.WebApplicationFactory`1.CreateDefaultClient(DelegatingHandler[] handlers)&#xD;
[xUnit.net 00:00:00.92]            at Microsoft.AspNetCore.Mvc.Testing.WebApplicationFactory`1.CreateDefaultClient(Uri baseAddress, DelegatingHandler[] handlers)&#xD;
[xUnit.net 00:00:00.92]            at Microsoft.AspNetCore.Mvc.Testing.WebApplicationFactory`1.CreateClient(WebApplicationFactoryClientOptions options)&#xD;
[xUnit.net 00:00:00.92]            at Microsoft.AspNetCore.Mvc.Testing.WebApplicationFactory`1.CreateClient()&#xD;
[xUnit.net 00:00:00.92]         D:\CSharpProjects\TicketFlow\tests\TicketFlow.IntegrationTests\Controllers\OrdersControllerTests.cs(22,0): at TicketFlow.IntegrationTests.Controllers.OrdersControllerTests..ctor(TestWebApplicationFactory factory)&#xD;
[xUnit.net 00:00:00.92]            at InvokeStub_OrdersControllerTests..ctor(Object, Span`1)&#xD;
[xUnit.net 00:00:00.92]            at System.Reflection.MethodBaseInvoker.InvokeWithOneArg(Object obj, BindingFlags invokeAttr, Binder binder, Object[] parameters, CultureInfo culture)&#xD;
[xUnit.net 00:00:00.92]         ----- Inner Stack Trace #1 (System.InvalidOperationException) -----&#xD;
[xUnit.net 00:00:00.92]            at Microsoft.Extensions.DependencyInjection.ServiceProvider.ValidateService(ServiceDescriptor descriptor)&#xD;
[xUnit.net 00:00:00.92]            at Microsoft.Extensions.DependencyInjection.ServiceProvider..ctor(ICollection`1 serviceDescriptors, ServiceProviderOptions options)&#xD;
[xUnit.net 00:00:00.92]         ----- Inner Stack Trace -----&#xD;
[xUnit.net 00:00:00.92]            at Microsoft.Extensions.DependencyInjection.ServiceLookup.CallSiteValidator.VisitScopeCache(ServiceCallSite scopedCallSite, CallSiteValidatorState state)&#xD;
[xUnit.net 00:00:00.92]            at Microsoft.Extensions.DependencyInjection.ServiceLookup.CallSiteVisitor`2.VisitCallSite(ServiceCallSite callSite, TArgument argument)&#xD;
[xUnit.net 00:00:00.92]            at Microsoft.Extensions.DependencyInjection.ServiceLookup.CallSiteValidator.VisitConstructor(ConstructorCallSite constructorCallSite, CallSiteValidatorState state)&#xD;
[xUnit.net 00:00:00.92]            at Microsoft.Extensions.DependencyInjection.ServiceLookup.CallSiteVisitor`2.VisitCallSite(ServiceCallSite callSite, TArgument argument)&#xD;
[xUnit.net 00:00:00.92]            at Microsoft.Extensions.DependencyInjection.ServiceLookup.CallSiteValidator.ValidateCallSite(ServiceCallSite callSite)&#xD;
[xUnit.net 00:00:00.92]            at Microsoft.Extensions.DependencyInjection.ServiceProvider.ValidateService(ServiceDescriptor descriptor)&#xD;
[xUnit.net 00:00:00.92]         ----- Inner Stack Trace #2 (System.InvalidOperationException) -----&#xD;
[xUnit.net 00:00:00.92]            at Microsoft.Extensions.DependencyInjection.ServiceProvider.ValidateService(ServiceDescriptor descriptor)&#xD;
[xUnit.net 00:00:00.92]            at Microsoft.Extensions.DependencyInjection.ServiceProvider..ctor(ICollection`1 serviceDescriptors, ServiceProviderOptions options)&#xD;
[xUnit.net 00:00:00.92]         ----- Inner Stack Trace -----&#xD;
[xUnit.net 00:00:00.92]            at Microsoft.Extensions.DependencyInjection.ServiceLookup.CallSiteValidator.VisitScopeCache(ServiceCallSite scopedCallSite, CallSiteValidatorState state)&#xD;
[xUnit.net 00:00:00.92]            at Microsoft.Extensions.DependencyInjection.ServiceLookup.CallSiteVisitor`2.VisitCallSite(ServiceCallSite callSite, TArgument argument)&#xD;
[xUnit.net 00:00:00.92]            at Microsoft.Extensions.DependencyInjection.ServiceLookup.CallSiteValidator.VisitConstructor(ConstructorCallSite constructorCallSite, CallSiteValidatorState state)&#xD;
[xUnit.net 00:00:00.92]            at Microsoft.Extensions.DependencyInjection.ServiceLookup.CallSiteVisitor`2.VisitCallSite(ServiceCallSite callSite, TArgument argument)&#xD;
[xUnit.net 00:00:00.92]            at Microsoft.Extensions.DependencyInjection.ServiceLookup.CallSiteValidator.VisitConstructor(ConstructorCallSite constructorCallSite, CallSiteValidatorState state)&#xD;
[xUnit.net 00:00:00.92]            at Microsoft.Extensions.DependencyInjection.ServiceLookup.CallSiteValidator.VisitScopeCache(ServiceCallSite scopedCallSite, CallSiteValidatorState state)&#xD;
[xUnit.net 00:00:00.92]            at Microsoft.Extensions.DependencyInjection.ServiceLookup.CallSiteVisitor`2.VisitCallSite(ServiceCallSite callSite, TArgument argument)&#xD;
[xUnit.net 00:00:00.92]            at Microsoft.Extensions.DependencyInjection.ServiceLookup.CallSiteValidator.ValidateCallSite(ServiceCallSite callSite)&#xD;
[xUnit.net 00:00:00.92]            at Microsoft.Extensions.DependencyInjection.ServiceProvider.ValidateService(ServiceDescriptor descriptor)&#xD;
[xUnit.net 00:00:00.92]   Finished:    TicketFlow.IntegrationTests&#xD;
</StdOut>
    </Output>
    <RunInfos>
      <RunInfo computerName="RAFAEL-VIKTOR" outcome="Error" timestamp="2026-03-28T22:50:52.9156297-03:00">
        <Text>[xUnit.net 00:00:00.73]     TicketFlow.IntegrationTests.Controllers.EventsControllerTests.GetAll_QuandoNaoHaEventos_DeveRetornarListaVazia [FAIL]</Text>
      </RunInfo>
      <RunInfo computerName="RAFAEL-VIKTOR" outcome="Error" timestamp="2026-03-28T22:50:52.9329251-03:00">
        <Text>[xUnit.net 00:00:00.74]     TicketFlow.IntegrationTests.Controllers.OrdersControllerTests.Create_DevePublicarMensagemNaFila [FAIL]</Text>
      </RunInfo>
      <RunInfo computerName="RAFAEL-VIKTOR" outcome="Error" timestamp="2026-03-28T22:50:52.9509790-03:00">
        <Text>[xUnit.net 00:00:00.74]     TicketFlow.IntegrationTests.Concurrency.ConcurrencyApiTests.PostOrder_QuandoMultiplosPedidosParaMesmoTicket_ApenasUmDeveSerConfirmado [FAIL]</Text>
      </RunInfo>
      <RunInfo computerName="RAFAEL-VIKTOR" outcome="Error" timestamp="2026-03-28T22:50:52.9937028-03:00">
        <Text>[xUnit.net 00:00:00.81]     TicketFlow.IntegrationTests.Controllers.OrdersControllerTests.GetById_ComPedidoExistente_DeveRetornar200 [FAIL]</Text>
      </RunInfo>
      <RunInfo computerName="RAFAEL-VIKTOR" outcome="Error" timestamp="2026-03-28T22:50:53.0192589-03:00">
        <Text>[xUnit.net 00:00:00.82]     TicketFlow.IntegrationTests.Controllers.EventsControllerTests.GetById_QuandoEventoNaoExiste_DeveRetornar404 [FAIL]</Text>
      </RunInfo>
      <RunInfo computerName="RAFAEL-VIKTOR" outcome="Error" timestamp="2026-03-28T22:50:53.0357939-03:00">
        <Text>[xUnit.net 00:00:00.84]     TicketFlow.IntegrationTests.Controllers.OrdersControllerTests.GetById_ComPedidoInexistente_DeveRetornar404 [FAIL]</Text>
      </RunInfo>
      <RunInfo computerName="RAFAEL-VIKTOR" outcome="Error" timestamp="2026-03-28T22:50:53.0533348-03:00">
        <Text>[xUnit.net 00:00:00.84]     TicketFlow.IntegrationTests.Controllers.EventsControllerTests.Create_ComDadosValidos_DeveRetornar201EEventoCriado [FAIL]</Text>
      </RunInfo>
      <RunInfo computerName="RAFAEL-VIKTOR" outcome="Error" timestamp="2026-03-28T22:50:53.0696335-03:00">
        <Text>[xUnit.net 00:00:00.86]     TicketFlow.IntegrationTests.Controllers.EventsControllerTests.GetTickets_AposCriarEvento_DeveRetornarTicketsGerados [FAIL]</Text>
      </RunInfo>
      <RunInfo computerName="RAFAEL-VIKTOR" outcome="Error" timestamp="2026-03-28T22:50:53.0854228-03:00">
        <Text>[xUnit.net 00:00:00.87]     TicketFlow.IntegrationTests.Controllers.OrdersControllerTests.Create_ComTicketInexistente_DeveRetornar404 [FAIL]</Text>
      </RunInfo>
      <RunInfo computerName="RAFAEL-VIKTOR" outcome="Error" timestamp="2026-03-28T22:50:53.1631968-03:00">
        <Text>[xUnit.net 00:00:00.92]     TicketFlow.IntegrationTests.Controllers.OrdersControllerTests.Create_ComDadosValidos_DeveRetornar202EPedidoPending [FAIL]</Text>
      </RunInfo>
      <RunInfo computerName="RAFAEL-VIKTOR" outcome="Error" timestamp="2026-03-28T22:50:53.1777096-03:00">
        <Text>[xUnit.net 00:00:00.92]     TicketFlow.IntegrationTests.Controllers.OrdersControllerTests.Create_ComMesmaChaveIdempotencia_DeveRetornarMesmoPedido [FAIL]</Text>
      </RunInfo>
    </RunInfos>
  </ResultSummary>
</TestRun>